19:40:13.722  INFO  manager.ApplicationManager - All tests start in ChromeDriver
19:40:14.620  INFO  manager.ApplicationManager - The link is -->https://contacts-app.tobbymarshall815.vercel.app/home
19:40:14.651  INFO  manager.MyListener - 'Start find' element--->By.xpath: //*[text()='Sign Out']
19:40:19.715  INFO  manager.MyListener - The element with locator-->By.xpath: //*[text()='Sign Out']<--was found
19:40:19.717  INFO  tests.TestBase - The test starts with data [ula@gmail.co] & [Ula12345$]
19:40:19.718  INFO  manager.MyListener - 'Start find' element--->By.cssSelector: [href='/login']
19:40:19.743  INFO  manager.MyListener - The element with locator-->By.cssSelector: [href='/login']<--was found
19:40:19.803  INFO  manager.MyListener - 'Start find' element--->By.xpath: //inpu[1]
19:40:24.851  INFO  manager.MyListener - We have a 'throwable' -->no such element: Unable to locate element: {"method":"xpath","selector":"//inpu[1]"}
  (Session info: chrome=100.0.4896.127)
For documentation on this error, please visit: https://www.seleniumhq.org/exceptions/no_such_element.html
Build info: version: '3.141.59', revision: 'e82be7d358', time: '2018-11-14T08:17:03'
System info: host: 'LAPTOP-VS65PODC', ip: '10.0.0.8', os.name: 'Windows 10', os.arch: 'amd64', os.version: '10.0', java.version: '11.0.14'
Driver info: org.openqa.selenium.chrome.ChromeDriver
Capabilities {acceptInsecureCerts: false, browserName: chrome, browserVersion: 100.0.4896.127, chrome: {chromedriverVersion: 100.0.4896.60 (6a5d10861ce8..., userDataDir: C:\Users\ja321\AppData\Loca...}, goog:chromeOptions: {debuggerAddress: localhost:49387}, javascriptEnabled: true, networkConnectionEnabled: false, pageLoadStrategy: normal, platform: WINDOWS, platformName: WINDOWS, proxy: Proxy(), setWindowRect: true, strictFileInteractability: false, timeouts: {implicit: 0, pageLoad: 300000, script: 30000}, unhandledPromptBehavior: dismiss and notify, webauthn:extension:credBlob: true, webauthn:extension:largeBlob: true, webauthn:virtualAuthenticators: true}
Session ID: 2f752e4e5294272e2af6b7474ec1c36e
*** Element info: {Using=xpath, value=//inpu[1]}
19:40:24.852  INFO  manager.MyListener - We have a 'fill In StackTrace' -->org.openqa.selenium.NoSuchElementException: no such element: Unable to locate element: {"method":"xpath","selector":"//inpu[1]"}
  (Session info: chrome=100.0.4896.127)
For documentation on this error, please visit: https://www.seleniumhq.org/exceptions/no_such_element.html
Build info: version: '3.141.59', revision: 'e82be7d358', time: '2018-11-14T08:17:03'
System info: host: 'LAPTOP-VS65PODC', ip: '10.0.0.8', os.name: 'Windows 10', os.arch: 'amd64', os.version: '10.0', java.version: '11.0.14'
Driver info: org.openqa.selenium.chrome.ChromeDriver
Capabilities {acceptInsecureCerts: false, browserName: chrome, browserVersion: 100.0.4896.127, chrome: {chromedriverVersion: 100.0.4896.60 (6a5d10861ce8..., userDataDir: C:\Users\ja321\AppData\Loca...}, goog:chromeOptions: {debuggerAddress: localhost:49387}, javascriptEnabled: true, networkConnectionEnabled: false, pageLoadStrategy: normal, platform: WINDOWS, platformName: WINDOWS, proxy: Proxy(), setWindowRect: true, strictFileInteractability: false, timeouts: {implicit: 0, pageLoad: 300000, script: 30000}, unhandledPromptBehavior: dismiss and notify, webauthn:extension:credBlob: true, webauthn:extension:largeBlob: true, webauthn:virtualAuthenticators: true}
Session ID: 2f752e4e5294272e2af6b7474ec1c36e
*** Element info: {Using=xpath, value=//inpu[1]}
