19:04:20.375  INFO  manager.ApplicationManager - All tests start in ChromeDriver
19:04:21.630  INFO  manager.ApplicationManager - The link is -->https://contacts-app.tobbymarshall815.vercel.app/home
19:04:21.654  INFO  tests.TestBase - Start test --->removeAllContact
19:04:21.656  INFO  manager.MyListener - 'Start find' element--->By.xpath: //*[text()='Sign Out']
19:04:26.698  INFO  manager.MyListener - The element with locator-->By.xpath: //*[text()='Sign Out']<--was found
19:04:26.699  INFO  manager.MyListener - 'Start find' element--->By.cssSelector: [href='/login']
19:04:26.726  INFO  manager.MyListener - The element with locator-->By.cssSelector: [href='/login']<--was found
19:04:26.788  INFO  manager.MyListener - 'Start find' element--->By.xpath: //input[1]
19:04:26.802  INFO  manager.MyListener - The element with locator-->By.xpath: //input[1]<--was found
19:04:26.916  INFO  manager.MyListener - 'Start find' element--->By.xpath: //input[2]
19:04:26.943  INFO  manager.MyListener - The element with locator-->By.xpath: //input[2]<--was found
19:04:27.034  INFO  manager.MyListener - 'Start find' element--->By.xpath: //button[text()=' Login']
19:04:27.052  INFO  manager.MyListener - The element with locator-->By.xpath: //button[text()=' Login']<--was found
19:04:27.085  INFO  manager.MyListener - 'Start find' element--->By.cssSelector: [href='/add']
19:04:27.780  INFO  manager.MyListener - The element with locator-->By.cssSelector: [href='/add']<--was found
19:04:27.818  INFO  manager.MyListener - 'Start find' element--->By.cssSelector: [placeholder='Name']
19:04:27.832  INFO  manager.MyListener - The element with locator-->By.cssSelector: [placeholder='Name']<--was found
19:04:27.935  INFO  manager.MyListener - 'Start find' element--->By.cssSelector: [placeholder='Last Name']
19:04:27.952  INFO  manager.MyListener - The element with locator-->By.cssSelector: [placeholder='Last Name']<--was found
19:04:28.041  INFO  manager.MyListener - 'Start find' element--->By.cssSelector: [placeholder='Phone']
19:04:28.059  INFO  manager.MyListener - The element with locator-->By.cssSelector: [placeholder='Phone']<--was found
19:04:28.150  INFO  manager.MyListener - 'Start find' element--->By.cssSelector: [placeholder='email']
19:04:28.169  INFO  manager.MyListener - The element with locator-->By.cssSelector: [placeholder='email']<--was found
19:04:28.264  INFO  manager.MyListener - 'Start find' element--->By.cssSelector: [placeholder='Address']
19:04:28.280  INFO  manager.MyListener - The element with locator-->By.cssSelector: [placeholder='Address']<--was found
19:04:28.367  INFO  manager.MyListener - 'Start find' element--->By.cssSelector: [placeholder='description']
19:04:28.386  INFO  manager.MyListener - The element with locator-->By.cssSelector: [placeholder='description']<--was found
19:04:28.480  INFO  manager.MyListener - 'Start find' element--->By.cssSelector: b
19:04:28.494  INFO  manager.MyListener - The element with locator-->By.cssSelector: b<--was found
19:04:28.527  INFO  manager.MyListener - 'Start find' element--->By.cssSelector: .contact-item_card__2SOIM
19:04:28.849  INFO  manager.MyListener - The element with locator-->By.cssSelector: .contact-item_card__2SOIM<--was found
19:04:28.851  INFO  manager.MyListener - 'Start find' element--->By.cssSelector: .contact-item_card__2SOIM
19:04:28.869  INFO  manager.MyListener - The element with locator-->By.cssSelector: .contact-item_card__2SOIM<--was found
19:04:28.907  INFO  manager.MyListener - 'Start find' element--->By.xpath: //button[text()='Remove']
19:04:28.930  INFO  manager.MyListener - The element with locator-->By.xpath: //button[text()='Remove']<--was found
19:04:29.468  INFO  manager.MyListener - 'Start find' element--->By.cssSelector: .contact-item_card__2SOIM
19:04:34.521  INFO  manager.MyListener - The element with locator-->By.cssSelector: .contact-item_card__2SOIM<--was found
19:04:34.522  INFO  manager.MyListener - 'Start find' element--->By.cssSelector: .contact-page_message__2qafk
19:04:34.542  INFO  manager.MyListener - The element with locator-->By.cssSelector: .contact-page_message__2qafk<--was found
19:04:34.543  INFO  manager.MyListener - 'Start find' element--->By.cssSelector: .contact-page_message__2qafk h1
19:04:34.571  INFO  manager.MyListener - The element with locator-->By.cssSelector: .contact-page_message__2qafk h1<--was found
