12:21:53.798  INFO  manager.ApplicationManager - All tests start in ChromeDriver
12:21:55.270  INFO  manager.ApplicationManager - The link is -->https://contacts-app.tobbymarshall815.vercel.app/home
12:21:55.300  INFO  tests.TestBase - Start test --->addNewContactSuccess
12:21:55.302  INFO  manager.MyListener - 'Start find' element--->By.xpath: //*[text()='Sign Out']
12:22:00.356  INFO  manager.MyListener - The element with locator-->By.xpath: //*[text()='Sign Out']<--was found
12:22:00.357  INFO  manager.MyListener - 'Start find' element--->By.cssSelector: [href='/login']
12:22:00.380  INFO  manager.MyListener - The element with locator-->By.cssSelector: [href='/login']<--was found
12:22:00.459  INFO  manager.MyListener - 'Start find' element--->By.xpath: //input[1]
12:22:00.482  INFO  manager.MyListener - The element with locator-->By.xpath: //input[1]<--was found
12:22:00.600  INFO  manager.MyListener - 'Start find' element--->By.xpath: //input[2]
12:22:00.619  INFO  manager.MyListener - The element with locator-->By.xpath: //input[2]<--was found
12:22:00.709  INFO  manager.MyListener - 'Start find' element--->By.xpath: //button[text()=' Login']
12:22:00.726  INFO  manager.MyListener - The element with locator-->By.xpath: //button[text()=' Login']<--was found
12:22:00.770  INFO  manager.MyListener - 'Start find' element--->By.cssSelector: [href='/add']
12:22:01.713  INFO  manager.MyListener - The element with locator-->By.cssSelector: [href='/add']<--was found
12:22:01.755  INFO  manager.MyListener - 'Start find' element--->By.cssSelector: [placeholder='Name']
12:22:01.780  INFO  manager.MyListener - The element with locator-->By.cssSelector: [placeholder='Name']<--was found
12:22:01.885  INFO  manager.MyListener - 'Start find' element--->By.cssSelector: [placeholder='Last Name']
12:22:01.900  INFO  manager.MyListener - The element with locator-->By.cssSelector: [placeholder='Last Name']<--was found
12:22:01.994  INFO  manager.MyListener - 'Start find' element--->By.cssSelector: [placeholder='Phone']
12:22:02.012  INFO  manager.MyListener - The element with locator-->By.cssSelector: [placeholder='Phone']<--was found
12:22:02.104  INFO  manager.MyListener - 'Start find' element--->By.cssSelector: [placeholder='email']
12:22:02.120  INFO  manager.MyListener - The element with locator-->By.cssSelector: [placeholder='email']<--was found
12:22:02.218  INFO  manager.MyListener - 'Start find' element--->By.cssSelector: [placeholder='Address']
12:22:02.246  INFO  manager.MyListener - The element with locator-->By.cssSelector: [placeholder='Address']<--was found
12:22:02.341  INFO  manager.MyListener - 'Start find' element--->By.cssSelector: [placeholder='description']
12:22:02.353  INFO  manager.MyListener - The element with locator-->By.cssSelector: [placeholder='description']<--was found
12:22:02.469  INFO  manager.MyListener - 'Start find' element--->By.cssSelector: b
12:22:02.494  INFO  manager.MyListener - The element with locator-->By.cssSelector: b<--was found
12:22:02.523  INFO  manager.MyListener - 'Start find' element--->By.cssSelector: h2
12:22:02.910  INFO  manager.MyListener - The element with locator-->By.cssSelector: h2<--was found
12:22:03.067  INFO  manager.MyListener - 'Start find' element--->By.cssSelector: h3
12:22:03.080  INFO  manager.MyListener - The element with locator-->By.cssSelector: h3<--was found
12:22:03.258  INFO  tests.TestBase - Start test --->addNewContactSuccessDataProviderCST
12:22:03.259  INFO  manager.MyListener - 'Start find' element--->By.xpath: //*[text()='Sign Out']
12:22:03.281  INFO  manager.MyListener - The element with locator-->By.xpath: //*[text()='Sign Out']<--was found
12:22:03.306  INFO  tests.TestBase - Test start with contactContact(name=Kora, lastName=Low, phone=null, email=null, address=Haifa, description=friend)
12:22:03.307  INFO  manager.MyListener - 'Start find' element--->By.cssSelector: [href='/add']
12:22:03.328  INFO  manager.MyListener - The element with locator-->By.cssSelector: [href='/add']<--was found
12:22:03.365  INFO  manager.MyListener - 'Start find' element--->By.cssSelector: [placeholder='Name']
12:22:03.376  INFO  manager.MyListener - The element with locator-->By.cssSelector: [placeholder='Name']<--was found
12:22:03.481  INFO  manager.MyListener - 'Start find' element--->By.cssSelector: [placeholder='Last Name']
12:22:03.498  INFO  manager.MyListener - The element with locator-->By.cssSelector: [placeholder='Last Name']<--was found
12:22:03.604  INFO  manager.MyListener - 'Start find' element--->By.cssSelector: [placeholder='Phone']
12:22:03.621  INFO  manager.MyListener - The element with locator-->By.cssSelector: [placeholder='Phone']<--was found
12:22:03.716  INFO  manager.MyListener - 'Start find' element--->By.cssSelector: [placeholder='email']
12:22:03.730  INFO  manager.MyListener - The element with locator-->By.cssSelector: [placeholder='email']<--was found
12:22:03.831  INFO  manager.MyListener - 'Start find' element--->By.cssSelector: [placeholder='Address']
12:22:03.855  INFO  manager.MyListener - The element with locator-->By.cssSelector: [placeholder='Address']<--was found
12:22:03.945  INFO  manager.MyListener - 'Start find' element--->By.cssSelector: [placeholder='description']
12:22:03.962  INFO  manager.MyListener - The element with locator-->By.cssSelector: [placeholder='description']<--was found
12:22:04.070  INFO  manager.MyListener - 'Start find' element--->By.cssSelector: b
12:22:04.087  INFO  manager.MyListener - The element with locator-->By.cssSelector: b<--was found
12:22:04.121  INFO  manager.MyListener - 'Start find' element--->By.cssSelector: h2
12:22:04.451  INFO  manager.MyListener - The element with locator-->By.cssSelector: h2<--was found
12:22:04.464  INFO  manager.MyListener - 'Start find' element--->By.cssSelector: h3
12:22:04.478  INFO  manager.MyListener - The element with locator-->By.cssSelector: h3<--was found
12:22:04.652  INFO  tests.TestBase - Start test --->addNewContactSuccessDataProviderCST
12:22:04.652  INFO  manager.MyListener - 'Start find' element--->By.xpath: //*[text()='Sign Out']
12:22:04.662  INFO  manager.MyListener - The element with locator-->By.xpath: //*[text()='Sign Out']<--was found
12:22:04.663  INFO  tests.TestBase - Test start with contactContact(name=Fira, lastName=Mur, phone=null, email=null, address=Rehovot,Israel, description=friend)
12:22:04.663  INFO  manager.MyListener - 'Start find' element--->By.cssSelector: [href='/add']
12:22:04.679  INFO  manager.MyListener - The element with locator-->By.cssSelector: [href='/add']<--was found
12:22:04.713  INFO  manager.MyListener - 'Start find' element--->By.cssSelector: [placeholder='Name']
12:22:04.727  INFO  manager.MyListener - The element with locator-->By.cssSelector: [placeholder='Name']<--was found
12:22:04.835  INFO  manager.MyListener - 'Start find' element--->By.cssSelector: [placeholder='Last Name']
12:22:04.850  INFO  manager.MyListener - The element with locator-->By.cssSelector: [placeholder='Last Name']<--was found
12:22:04.958  INFO  manager.MyListener - 'Start find' element--->By.cssSelector: [placeholder='Phone']
12:22:04.976  INFO  manager.MyListener - The element with locator-->By.cssSelector: [placeholder='Phone']<--was found
12:22:05.084  INFO  manager.MyListener - 'Start find' element--->By.cssSelector: [placeholder='email']
12:22:05.097  INFO  manager.MyListener - The element with locator-->By.cssSelector: [placeholder='email']<--was found
12:22:05.198  INFO  manager.MyListener - 'Start find' element--->By.cssSelector: [placeholder='Address']
12:22:05.205  INFO  manager.MyListener - The element with locator-->By.cssSelector: [placeholder='Address']<--was found
12:22:05.302  INFO  manager.MyListener - 'Start find' element--->By.cssSelector: [placeholder='description']
12:22:05.316  INFO  manager.MyListener - The element with locator-->By.cssSelector: [placeholder='description']<--was found
12:22:05.428  INFO  manager.MyListener - 'Start find' element--->By.cssSelector: b
12:22:05.440  INFO  manager.MyListener - The element with locator-->By.cssSelector: b<--was found
12:22:05.480  INFO  manager.MyListener - 'Start find' element--->By.cssSelector: h2
12:22:05.750  INFO  manager.MyListener - The element with locator-->By.cssSelector: h2<--was found
12:22:05.810  INFO  manager.MyListener - 'Start find' element--->By.cssSelector: h3
12:22:05.827  INFO  manager.MyListener - The element with locator-->By.cssSelector: h3<--was found
12:22:06.000  INFO  tests.TestBase - Start test --->addNewContactSuccessDataProviderCST
12:22:06.001  INFO  manager.MyListener - 'Start find' element--->By.xpath: //*[text()='Sign Out']
12:22:06.009  INFO  manager.MyListener - The element with locator-->By.xpath: //*[text()='Sign Out']<--was found
12:22:06.009  INFO  tests.TestBase - Test start with contactContact(name=Lora, lastName=Low, phone=null, email=null, address=Haifa, description=friend)
12:22:06.009  INFO  manager.MyListener - 'Start find' element--->By.cssSelector: [href='/add']
12:22:06.025  INFO  manager.MyListener - The element with locator-->By.cssSelector: [href='/add']<--was found
12:22:06.065  INFO  manager.MyListener - 'Start find' element--->By.cssSelector: [placeholder='Name']
12:22:06.088  INFO  manager.MyListener - The element with locator-->By.cssSelector: [placeholder='Name']<--was found
12:22:06.181  INFO  manager.MyListener - 'Start find' element--->By.cssSelector: [placeholder='Last Name']
12:22:06.198  INFO  manager.MyListener - The element with locator-->By.cssSelector: [placeholder='Last Name']<--was found
12:22:06.287  INFO  manager.MyListener - 'Start find' element--->By.cssSelector: [placeholder='Phone']
12:22:06.306  INFO  manager.MyListener - The element with locator-->By.cssSelector: [placeholder='Phone']<--was found
12:22:06.401  INFO  manager.MyListener - 'Start find' element--->By.cssSelector: [placeholder='email']
12:22:06.415  INFO  manager.MyListener - The element with locator-->By.cssSelector: [placeholder='email']<--was found
12:22:06.513  INFO  manager.MyListener - 'Start find' element--->By.cssSelector: [placeholder='Address']
12:22:06.521  INFO  manager.MyListener - The element with locator-->By.cssSelector: [placeholder='Address']<--was found
12:22:06.631  INFO  manager.MyListener - 'Start find' element--->By.cssSelector: [placeholder='description']
12:22:06.648  INFO  manager.MyListener - The element with locator-->By.cssSelector: [placeholder='description']<--was found
12:22:06.757  INFO  manager.MyListener - 'Start find' element--->By.cssSelector: b
12:22:06.771  INFO  manager.MyListener - The element with locator-->By.cssSelector: b<--was found
12:22:06.808  INFO  manager.MyListener - 'Start find' element--->By.cssSelector: h2
12:22:07.082  INFO  manager.MyListener - The element with locator-->By.cssSelector: h2<--was found
12:22:07.142  INFO  manager.MyListener - 'Start find' element--->By.cssSelector: h3
12:22:07.157  INFO  manager.MyListener - The element with locator-->By.cssSelector: h3<--was found
12:22:07.348  INFO  tests.TestBase - Start test --->LoginModelDataProvider
12:22:07.349  INFO  manager.MyListener - 'Start find' element--->By.xpath: //*[text()='Sign Out']
12:22:07.374  INFO  manager.MyListener - The element with locator-->By.xpath: //*[text()='Sign Out']<--was found
12:22:07.374  INFO  manager.MyListener - 'Start find' element--->By.xpath: //*[text()='Sign Out']
12:22:07.391  INFO  manager.MyListener - The element with locator-->By.xpath: //*[text()='Sign Out']<--was found
12:22:07.428  INFO  tests.TestBase - Test needs logout
12:22:07.435  INFO  manager.MyListener - 'Start find' element--->By.cssSelector: [href='/login']
12:22:07.453  INFO  manager.MyListener - The element with locator-->By.cssSelector: [href='/login']<--was found
12:22:07.490  INFO  manager.MyListener - 'Start find' element--->By.xpath: //input[1]
12:22:07.517  INFO  manager.MyListener - The element with locator-->By.xpath: //input[1]<--was found
12:22:07.626  INFO  manager.MyListener - 'Start find' element--->By.xpath: //input[2]
12:22:07.641  INFO  manager.MyListener - The element with locator-->By.xpath: //input[2]<--was found
12:22:07.731  INFO  manager.MyListener - 'Start find' element--->By.xpath: //button[text()=' Login']
12:22:07.749  INFO  manager.MyListener - The element with locator-->By.xpath: //button[text()=' Login']<--was found
12:22:07.779  INFO  manager.MyListener - 'Start find' element--->By.xpath: //*[text()='Sign Out']
12:22:07.920  INFO  manager.MyListener - The element with locator-->By.xpath: //*[text()='Sign Out']<--was found
12:22:07.921  INFO  tests.TestBase - Start test --->LoginModelDataProvider
12:22:07.922  INFO  manager.MyListener - 'Start find' element--->By.xpath: //*[text()='Sign Out']
12:22:07.937  INFO  manager.MyListener - The element with locator-->By.xpath: //*[text()='Sign Out']<--was found
12:22:07.938  INFO  manager.MyListener - 'Start find' element--->By.xpath: //*[text()='Sign Out']
12:22:07.951  INFO  manager.MyListener - The element with locator-->By.xpath: //*[text()='Sign Out']<--was found
12:22:07.992  INFO  tests.TestBase - Test needs logout
12:22:07.994  INFO  manager.MyListener - 'Start find' element--->By.cssSelector: [href='/login']
12:22:08.012  INFO  manager.MyListener - The element with locator-->By.cssSelector: [href='/login']<--was found
12:22:08.045  INFO  manager.MyListener - 'Start find' element--->By.xpath: //input[1]
12:22:08.060  INFO  manager.MyListener - The element with locator-->By.xpath: //input[1]<--was found
12:22:08.173  INFO  manager.MyListener - 'Start find' element--->By.xpath: //input[2]
12:22:08.183  INFO  manager.MyListener - The element with locator-->By.xpath: //input[2]<--was found
12:22:08.283  INFO  manager.MyListener - 'Start find' element--->By.xpath: //button[text()=' Login']
12:22:08.293  INFO  manager.MyListener - The element with locator-->By.xpath: //button[text()=' Login']<--was found
12:22:08.327  INFO  manager.MyListener - 'Start find' element--->By.xpath: //*[text()='Sign Out']
12:22:08.462  INFO  manager.MyListener - The element with locator-->By.xpath: //*[text()='Sign Out']<--was found
12:22:08.463  INFO  tests.TestBase - Start test --->LoginModelDataProvider
12:22:08.463  INFO  manager.MyListener - 'Start find' element--->By.xpath: //*[text()='Sign Out']
12:22:08.478  INFO  manager.MyListener - The element with locator-->By.xpath: //*[text()='Sign Out']<--was found
12:22:08.479  INFO  manager.MyListener - 'Start find' element--->By.xpath: //*[text()='Sign Out']
12:22:08.495  INFO  manager.MyListener - The element with locator-->By.xpath: //*[text()='Sign Out']<--was found
12:22:08.542  INFO  tests.TestBase - Test needs logout
12:22:08.543  INFO  manager.MyListener - 'Start find' element--->By.cssSelector: [href='/login']
12:22:08.558  INFO  manager.MyListener - The element with locator-->By.cssSelector: [href='/login']<--was found
12:22:08.594  INFO  manager.MyListener - 'Start find' element--->By.xpath: //input[1]
12:22:08.603  INFO  manager.MyListener - The element with locator-->By.xpath: //input[1]<--was found
12:22:08.717  INFO  manager.MyListener - 'Start find' element--->By.xpath: //input[2]
12:22:08.724  INFO  manager.MyListener - The element with locator-->By.xpath: //input[2]<--was found
12:22:08.841  INFO  manager.MyListener - 'Start find' element--->By.xpath: //button[text()=' Login']
12:22:08.850  INFO  manager.MyListener - The element with locator-->By.xpath: //button[text()=' Login']<--was found
12:22:08.886  INFO  manager.MyListener - 'Start find' element--->By.xpath: //*[text()='Sign Out']
12:22:09.020  INFO  manager.MyListener - The element with locator-->By.xpath: //*[text()='Sign Out']<--was found
12:22:09.021  INFO  tests.TestBase - Start test --->LoginModelDataProvider
12:22:09.023  INFO  manager.MyListener - 'Start find' element--->By.xpath: //*[text()='Sign Out']
12:22:09.036  INFO  manager.MyListener - The element with locator-->By.xpath: //*[text()='Sign Out']<--was found
12:22:09.037  INFO  manager.MyListener - 'Start find' element--->By.xpath: //*[text()='Sign Out']
12:22:09.053  INFO  manager.MyListener - The element with locator-->By.xpath: //*[text()='Sign Out']<--was found
12:22:09.090  INFO  tests.TestBase - Test needs logout
12:22:09.093  INFO  manager.MyListener - 'Start find' element--->By.cssSelector: [href='/login']
12:22:09.112  INFO  manager.MyListener - The element with locator-->By.cssSelector: [href='/login']<--was found
12:22:09.148  INFO  manager.MyListener - 'Start find' element--->By.xpath: //input[1]
12:22:09.156  INFO  manager.MyListener - The element with locator-->By.xpath: //input[1]<--was found
12:22:09.271  INFO  manager.MyListener - 'Start find' element--->By.xpath: //input[2]
12:22:09.280  INFO  manager.MyListener - The element with locator-->By.xpath: //input[2]<--was found
12:22:09.373  INFO  manager.MyListener - 'Start find' element--->By.xpath: //button[text()=' Login']
12:22:09.388  INFO  manager.MyListener - The element with locator-->By.xpath: //button[text()=' Login']<--was found
12:22:09.423  INFO  manager.MyListener - 'Start find' element--->By.xpath: //*[text()='Sign Out']
12:22:09.684  INFO  manager.MyListener - The element with locator-->By.xpath: //*[text()='Sign Out']<--was found
12:22:09.687  INFO  tests.TestBase - Start test --->LoginModelDataProviderCSV
12:22:09.688  INFO  manager.MyListener - 'Start find' element--->By.xpath: //*[text()='Sign Out']
12:22:09.701  INFO  manager.MyListener - The element with locator-->By.xpath: //*[text()='Sign Out']<--was found
12:22:09.703  INFO  manager.MyListener - 'Start find' element--->By.xpath: //*[text()='Sign Out']
12:22:09.714  INFO  manager.MyListener - The element with locator-->By.xpath: //*[text()='Sign Out']<--was found
12:22:09.752  INFO  tests.TestBase - Test needs logout
12:22:09.753  INFO  manager.MyListener - 'Start find' element--->By.cssSelector: [href='/login']
12:22:09.776  INFO  manager.MyListener - The element with locator-->By.cssSelector: [href='/login']<--was found
12:22:09.815  INFO  manager.MyListener - 'Start find' element--->By.xpath: //input[1]
12:22:09.840  INFO  manager.MyListener - The element with locator-->By.xpath: //input[1]<--was found
12:22:09.953  INFO  manager.MyListener - 'Start find' element--->By.xpath: //input[2]
12:22:09.962  INFO  manager.MyListener - The element with locator-->By.xpath: //input[2]<--was found
12:22:10.059  INFO  manager.MyListener - 'Start find' element--->By.xpath: //button[text()=' Login']
12:22:10.070  INFO  manager.MyListener - The element with locator-->By.xpath: //button[text()=' Login']<--was found
12:22:10.107  INFO  manager.MyListener - 'Start find' element--->By.xpath: //*[text()='Sign Out']
12:22:10.430  INFO  manager.MyListener - The element with locator-->By.xpath: //*[text()='Sign Out']<--was found
12:22:10.432  INFO  tests.TestBase - Start test --->LoginModelDataProviderCSV
12:22:10.433  INFO  manager.MyListener - 'Start find' element--->By.xpath: //*[text()='Sign Out']
12:22:10.446  INFO  manager.MyListener - The element with locator-->By.xpath: //*[text()='Sign Out']<--was found
12:22:10.447  INFO  manager.MyListener - 'Start find' element--->By.xpath: //*[text()='Sign Out']
12:22:10.462  INFO  manager.MyListener - The element with locator-->By.xpath: //*[text()='Sign Out']<--was found
12:22:10.512  INFO  tests.TestBase - Test needs logout
12:22:10.512  INFO  manager.MyListener - 'Start find' element--->By.cssSelector: [href='/login']
12:22:10.536  INFO  manager.MyListener - The element with locator-->By.cssSelector: [href='/login']<--was found
12:22:10.576  INFO  manager.MyListener - 'Start find' element--->By.xpath: //input[1]
12:22:10.598  INFO  manager.MyListener - The element with locator-->By.xpath: //input[1]<--was found
12:22:10.713  INFO  manager.MyListener - 'Start find' element--->By.xpath: //input[2]
12:22:10.721  INFO  manager.MyListener - The element with locator-->By.xpath: //input[2]<--was found
12:22:10.822  INFO  manager.MyListener - 'Start find' element--->By.xpath: //button[text()=' Login']
12:22:10.832  INFO  manager.MyListener - The element with locator-->By.xpath: //button[text()=' Login']<--was found
12:22:10.867  INFO  manager.MyListener - 'Start find' element--->By.xpath: //*[text()='Sign Out']
12:22:11.499  INFO  manager.MyListener - The element with locator-->By.xpath: //*[text()='Sign Out']<--was found
12:22:11.501  INFO  tests.TestBase - Start test --->LoginModelDataProviderCSV
12:22:11.501  INFO  manager.MyListener - 'Start find' element--->By.xpath: //*[text()='Sign Out']
12:22:11.516  INFO  manager.MyListener - The element with locator-->By.xpath: //*[text()='Sign Out']<--was found
12:22:11.517  INFO  manager.MyListener - 'Start find' element--->By.xpath: //*[text()='Sign Out']
12:22:11.531  INFO  manager.MyListener - The element with locator-->By.xpath: //*[text()='Sign Out']<--was found
12:22:11.579  INFO  tests.TestBase - Test needs logout
12:22:11.579  INFO  manager.MyListener - 'Start find' element--->By.cssSelector: [href='/login']
12:22:11.594  INFO  manager.MyListener - The element with locator-->By.cssSelector: [href='/login']<--was found
12:22:11.626  INFO  manager.MyListener - 'Start find' element--->By.xpath: //input[1]
12:22:11.639  INFO  manager.MyListener - The element with locator-->By.xpath: //input[1]<--was found
12:22:11.752  INFO  manager.MyListener - 'Start find' element--->By.xpath: //input[2]
12:22:11.763  INFO  manager.MyListener - The element with locator-->By.xpath: //input[2]<--was found
12:22:11.877  INFO  manager.MyListener - 'Start find' element--->By.xpath: //button[text()=' Login']
12:22:11.887  INFO  manager.MyListener - The element with locator-->By.xpath: //button[text()=' Login']<--was found
12:22:11.919  INFO  manager.MyListener - 'Start find' element--->By.xpath: //*[text()='Sign Out']
12:22:12.242  INFO  manager.MyListener - The element with locator-->By.xpath: //*[text()='Sign Out']<--was found
12:22:12.243  INFO  tests.TestBase - Start test --->LoginModelDataProviderCSV
12:22:12.243  INFO  manager.MyListener - 'Start find' element--->By.xpath: //*[text()='Sign Out']
12:22:12.261  INFO  manager.MyListener - The element with locator-->By.xpath: //*[text()='Sign Out']<--was found
12:22:12.261  INFO  manager.MyListener - 'Start find' element--->By.xpath: //*[text()='Sign Out']
12:22:12.277  INFO  manager.MyListener - The element with locator-->By.xpath: //*[text()='Sign Out']<--was found
12:22:12.312  INFO  tests.TestBase - Test needs logout
12:22:12.314  INFO  manager.MyListener - 'Start find' element--->By.cssSelector: [href='/login']
12:22:12.336  INFO  manager.MyListener - The element with locator-->By.cssSelector: [href='/login']<--was found
12:22:12.376  INFO  manager.MyListener - 'Start find' element--->By.xpath: //input[1]
12:22:12.398  INFO  manager.MyListener - The element with locator-->By.xpath: //input[1]<--was found
12:22:12.514  INFO  manager.MyListener - 'Start find' element--->By.xpath: //input[2]
12:22:12.521  INFO  manager.MyListener - The element with locator-->By.xpath: //input[2]<--was found
12:22:12.622  INFO  manager.MyListener - 'Start find' element--->By.xpath: //button[text()=' Login']
12:22:12.646  INFO  manager.MyListener - The element with locator-->By.xpath: //button[text()=' Login']<--was found
12:22:12.685  INFO  manager.MyListener - 'Start find' element--->By.xpath: //*[text()='Sign Out']
12:22:13.199  INFO  manager.MyListener - The element with locator-->By.xpath: //*[text()='Sign Out']<--was found
12:22:13.201  INFO  tests.TestBase - Start test --->LoginSuccess
12:22:13.201  INFO  manager.MyListener - 'Start find' element--->By.xpath: //*[text()='Sign Out']
12:22:13.219  INFO  manager.MyListener - The element with locator-->By.xpath: //*[text()='Sign Out']<--was found
12:22:13.219  INFO  manager.MyListener - 'Start find' element--->By.xpath: //*[text()='Sign Out']
12:22:13.232  INFO  manager.MyListener - The element with locator-->By.xpath: //*[text()='Sign Out']<--was found
12:22:13.277  INFO  tests.TestBase - Test needs logout
12:22:13.278  INFO  tests.TestBase - Start test --->LoginSuccessModel
12:22:13.278  INFO  manager.MyListener - 'Start find' element--->By.xpath: //*[text()='Sign Out']
12:22:18.309  INFO  manager.MyListener - The element with locator-->By.xpath: //*[text()='Sign Out']<--was found
12:22:18.310  INFO  manager.MyListener - 'Start find' element--->By.cssSelector: [href='/login']
12:22:18.327  INFO  manager.MyListener - The element with locator-->By.cssSelector: [href='/login']<--was found
12:22:18.365  INFO  manager.MyListener - 'Start find' element--->By.xpath: //input[1]
12:22:18.386  INFO  manager.MyListener - The element with locator-->By.xpath: //input[1]<--was found
12:22:18.501  INFO  manager.MyListener - 'Start find' element--->By.xpath: //input[2]
12:22:18.526  INFO  manager.MyListener - The element with locator-->By.xpath: //input[2]<--was found
12:22:18.640  INFO  manager.MyListener - 'Start find' element--->By.xpath: //button[text()=' Login']
12:22:18.667  INFO  manager.MyListener - The element with locator-->By.xpath: //button[text()=' Login']<--was found
12:22:18.700  INFO  manager.MyListener - 'Start find' element--->By.xpath: //*[text()='Sign Out']
12:22:18.835  INFO  manager.MyListener - The element with locator-->By.xpath: //*[text()='Sign Out']<--was found
12:22:18.837  INFO  tests.TestBase - Start test --->LoginSuccessNew
12:22:18.838  INFO  manager.MyListener - 'Start find' element--->By.xpath: //*[text()='Sign Out']
12:22:18.852  INFO  manager.MyListener - The element with locator-->By.xpath: //*[text()='Sign Out']<--was found
12:22:18.852  INFO  manager.MyListener - 'Start find' element--->By.xpath: //*[text()='Sign Out']
12:22:18.865  INFO  manager.MyListener - The element with locator-->By.xpath: //*[text()='Sign Out']<--was found
12:22:18.903  INFO  tests.TestBase - Test needs logout
12:22:18.910  INFO  tests.TestBase - The test starts with email:ula@gmail.coand password:Ula12345$
12:22:18.911  INFO  manager.MyListener - 'Start find' element--->By.cssSelector: [href='/login']
12:22:18.926  INFO  manager.MyListener - The element with locator-->By.cssSelector: [href='/login']<--was found
12:22:18.959  INFO  manager.MyListener - 'Start find' element--->By.xpath: //input[1]
12:22:18.974  INFO  manager.MyListener - The element with locator-->By.xpath: //input[1]<--was found
12:22:19.092  INFO  manager.MyListener - 'Start find' element--->By.xpath: //input[2]
12:22:19.113  INFO  manager.MyListener - The element with locator-->By.xpath: //input[2]<--was found
12:22:19.228  INFO  manager.MyListener - 'Start find' element--->By.xpath: //button[text()=' Login']
12:22:19.251  INFO  manager.MyListener - The element with locator-->By.xpath: //button[text()=' Login']<--was found
12:22:19.286  INFO  manager.MyListener - 'Start find' element--->By.xpath: //*[text()='Sign Out']
12:22:19.422  INFO  manager.MyListener - The element with locator-->By.xpath: //*[text()='Sign Out']<--was found
12:22:19.424  INFO  tests.TestBase - Start test --->LoginSuccessNew
12:22:19.425  INFO  manager.MyListener - 'Start find' element--->By.xpath: //*[text()='Sign Out']
12:22:19.437  INFO  manager.MyListener - The element with locator-->By.xpath: //*[text()='Sign Out']<--was found
12:22:19.438  INFO  manager.MyListener - 'Start find' element--->By.xpath: //*[text()='Sign Out']
12:22:19.453  INFO  manager.MyListener - The element with locator-->By.xpath: //*[text()='Sign Out']<--was found
12:22:19.497  INFO  tests.TestBase - Test needs logout
12:22:19.498  INFO  tests.TestBase - The test starts with email:gula@gmail.comand password:Ggula12345$
12:22:19.498  INFO  manager.MyListener - 'Start find' element--->By.cssSelector: [href='/login']
12:22:19.513  INFO  manager.MyListener - The element with locator-->By.cssSelector: [href='/login']<--was found
12:22:19.551  INFO  manager.MyListener - 'Start find' element--->By.xpath: //input[1]
12:22:19.576  INFO  manager.MyListener - The element with locator-->By.xpath: //input[1]<--was found
12:22:19.695  INFO  manager.MyListener - 'Start find' element--->By.xpath: //input[2]
12:22:19.716  INFO  manager.MyListener - The element with locator-->By.xpath: //input[2]<--was found
12:22:19.831  INFO  manager.MyListener - 'Start find' element--->By.xpath: //button[text()=' Login']
12:22:19.838  INFO  manager.MyListener - The element with locator-->By.xpath: //button[text()=' Login']<--was found
12:22:19.877  INFO  manager.MyListener - 'Start find' element--->By.xpath: //*[text()='Sign Out']
12:22:20.012  INFO  manager.MyListener - The element with locator-->By.xpath: //*[text()='Sign Out']<--was found
12:22:20.014  INFO  tests.TestBase - Start test --->LoginSuccessNew
12:22:20.015  INFO  manager.MyListener - 'Start find' element--->By.xpath: //*[text()='Sign Out']
12:22:20.029  INFO  manager.MyListener - The element with locator-->By.xpath: //*[text()='Sign Out']<--was found
12:22:20.030  INFO  manager.MyListener - 'Start find' element--->By.xpath: //*[text()='Sign Out']
12:22:20.044  INFO  manager.MyListener - The element with locator-->By.xpath: //*[text()='Sign Out']<--was found
12:22:20.083  INFO  tests.TestBase - Test needs logout
12:22:20.084  INFO  tests.TestBase - The test starts with email:sumy@gmail.comand password:Ssumy12345$
12:22:20.084  INFO  manager.MyListener - 'Start find' element--->By.cssSelector: [href='/login']
12:22:20.103  INFO  manager.MyListener - The element with locator-->By.cssSelector: [href='/login']<--was found
12:22:20.137  INFO  manager.MyListener - 'Start find' element--->By.xpath: //input[1]
12:22:20.148  INFO  manager.MyListener - The element with locator-->By.xpath: //input[1]<--was found
12:22:20.265  INFO  manager.MyListener - 'Start find' element--->By.xpath: //input[2]
12:22:20.290  INFO  manager.MyListener - The element with locator-->By.xpath: //input[2]<--was found
12:22:20.405  INFO  manager.MyListener - 'Start find' element--->By.xpath: //button[text()=' Login']
12:22:20.411  INFO  manager.MyListener - The element with locator-->By.xpath: //button[text()=' Login']<--was found
12:22:20.451  INFO  manager.MyListener - 'Start find' element--->By.xpath: //*[text()='Sign Out']
12:22:20.585  INFO  manager.MyListener - The element with locator-->By.xpath: //*[text()='Sign Out']<--was found
12:22:20.587  INFO  tests.TestBase - Start test --->LoginSuccessNew
12:22:20.588  INFO  manager.MyListener - 'Start find' element--->By.xpath: //*[text()='Sign Out']
12:22:20.602  INFO  manager.MyListener - The element with locator-->By.xpath: //*[text()='Sign Out']<--was found
12:22:20.602  INFO  manager.MyListener - 'Start find' element--->By.xpath: //*[text()='Sign Out']
12:22:20.618  INFO  manager.MyListener - The element with locator-->By.xpath: //*[text()='Sign Out']<--was found
12:22:20.662  INFO  tests.TestBase - Test needs logout
12:22:20.664  INFO  tests.TestBase - The test starts with email:mir@gmail.comand password:Mmir12345$
12:22:20.664  INFO  manager.MyListener - 'Start find' element--->By.cssSelector: [href='/login']
12:22:20.678  INFO  manager.MyListener - The element with locator-->By.cssSelector: [href='/login']<--was found
12:22:20.713  INFO  manager.MyListener - 'Start find' element--->By.xpath: //input[1]
12:22:20.724  INFO  manager.MyListener - The element with locator-->By.xpath: //input[1]<--was found
12:22:20.847  INFO  manager.MyListener - 'Start find' element--->By.xpath: //input[2]
12:22:20.864  INFO  manager.MyListener - The element with locator-->By.xpath: //input[2]<--was found
12:22:20.975  INFO  manager.MyListener - 'Start find' element--->By.xpath: //button[text()=' Login']
12:22:20.986  INFO  manager.MyListener - The element with locator-->By.xpath: //button[text()=' Login']<--was found
12:22:21.024  INFO  manager.MyListener - 'Start find' element--->By.xpath: //*[text()='Sign Out']
12:22:21.157  INFO  manager.MyListener - The element with locator-->By.xpath: //*[text()='Sign Out']<--was found
12:22:21.158  INFO  tests.TestBase - Start test --->loginNegativeTestWrongPassword
12:22:21.159  INFO  manager.MyListener - 'Start find' element--->By.xpath: //*[text()='Sign Out']
12:22:21.174  INFO  manager.MyListener - The element with locator-->By.xpath: //*[text()='Sign Out']<--was found
12:22:21.174  INFO  manager.MyListener - 'Start find' element--->By.xpath: //*[text()='Sign Out']
12:22:21.190  INFO  manager.MyListener - The element with locator-->By.xpath: //*[text()='Sign Out']<--was found
12:22:21.233  INFO  tests.TestBase - Test needs logout
12:22:21.234  INFO  manager.MyListener - 'Start find' element--->By.cssSelector: [href='/login']
12:22:21.252  INFO  manager.MyListener - The element with locator-->By.cssSelector: [href='/login']<--was found
12:22:21.285  INFO  manager.MyListener - 'Start find' element--->By.xpath: //input[1]
12:22:21.295  INFO  manager.MyListener - The element with locator-->By.xpath: //input[1]<--was found
12:22:21.411  INFO  manager.MyListener - 'Start find' element--->By.xpath: //input[2]
12:22:21.419  INFO  manager.MyListener - The element with locator-->By.xpath: //input[2]<--was found
12:22:21.532  INFO  manager.MyListener - 'Start find' element--->By.xpath: //button[text()=' Login']
12:22:21.545  INFO  manager.MyListener - The element with locator-->By.xpath: //button[text()=' Login']<--was found
12:22:21.584  INFO  manager.MyListener - 'Start find' element--->By.xpath: //*[text()='Sign Out']
12:22:21.728  INFO  manager.MyListener - The element with locator-->By.xpath: //*[text()='Sign Out']<--was found
12:22:21.759  INFO  tests.TestBase - Start test --->registrationSuccess
12:22:21.760  INFO  manager.MyListener - 'Start find' element--->By.xpath: //*[text()='Sign Out']
12:22:26.790  INFO  manager.MyListener - The element with locator-->By.xpath: //*[text()='Sign Out']<--was found
12:22:26.792  INFO  tests.TestBase - ylla1346@gmail.com
12:22:26.793  INFO  tests.TestBase - The index is -->1346
12:22:26.793  INFO  manager.MyListener - 'Start find' element--->By.cssSelector: [href='/login']
12:22:26.808  INFO  manager.MyListener - The element with locator-->By.cssSelector: [href='/login']<--was found
12:22:26.844  INFO  manager.MyListener - 'Start find' element--->By.xpath: //input[1]
12:22:26.851  INFO  manager.MyListener - The element with locator-->By.xpath: //input[1]<--was found
12:22:26.978  INFO  manager.MyListener - 'Start find' element--->By.xpath: //input[2]
12:22:26.987  INFO  manager.MyListener - The element with locator-->By.xpath: //input[2]<--was found
12:22:27.095  INFO  manager.MyListener - 'Start find' element--->By.xpath: //*[text()=' Registration']
12:22:27.116  INFO  manager.MyListener - The element with locator-->By.xpath: //*[text()=' Registration']<--was found
12:22:27.148  INFO  manager.MyListener - 'Start find' element--->By.xpath: //*[text()='Sign Out']
12:22:27.465  INFO  manager.MyListener - The element with locator-->By.xpath: //*[text()='Sign Out']<--was found
12:22:27.466  INFO  tests.TestBase - Start test --->registrationSuccessModel
12:22:27.467  INFO  manager.MyListener - 'Start find' element--->By.xpath: //*[text()='Sign Out']
12:22:27.482  INFO  manager.MyListener - The element with locator-->By.xpath: //*[text()='Sign Out']<--was found
12:22:27.483  INFO  manager.MyListener - 'Start find' element--->By.xpath: //*[text()='Sign Out']
12:22:27.497  INFO  manager.MyListener - The element with locator-->By.xpath: //*[text()='Sign Out']<--was found
12:22:27.542  INFO  manager.MyListener - 'Start find' element--->By.cssSelector: [href='/login']
12:22:27.559  INFO  manager.MyListener - The element with locator-->By.cssSelector: [href='/login']<--was found
12:22:27.591  INFO  manager.MyListener - 'Start find' element--->By.xpath: //input[1]
12:22:27.604  INFO  manager.MyListener - The element with locator-->By.xpath: //input[1]<--was found
12:22:27.719  INFO  manager.MyListener - 'Start find' element--->By.xpath: //input[2]
12:22:27.744  INFO  manager.MyListener - The element with locator-->By.xpath: //input[2]<--was found
12:22:27.853  INFO  manager.MyListener - 'Start find' element--->By.xpath: //*[text()=' Registration']
12:22:27.865  INFO  manager.MyListener - The element with locator-->By.xpath: //*[text()=' Registration']<--was found
12:22:27.903  INFO  manager.MyListener - 'Start find' element--->By.xpath: //*[text()='Sign Out']
12:22:28.037  INFO  manager.MyListener - The element with locator-->By.xpath: //*[text()='Sign Out']<--was found
12:22:28.040  INFO  tests.TestBase - Start test --->removeAllContact
12:22:28.041  INFO  manager.MyListener - 'Start find' element--->By.xpath: //*[text()='Sign Out']
12:22:28.055  INFO  manager.MyListener - The element with locator-->By.xpath: //*[text()='Sign Out']<--was found
12:22:28.056  INFO  manager.MyListener - 'Start find' element--->By.cssSelector: .contact-item_card__2SOIM
12:22:33.081  INFO  manager.MyListener - The element with locator-->By.cssSelector: .contact-item_card__2SOIM<--was found
12:22:33.083  INFO  tests.TestBase - Start test --->removeOneContact
12:22:33.084  INFO  manager.MyListener - 'Start find' element--->By.xpath: //*[text()='Sign Out']
12:22:33.098  INFO  manager.MyListener - The element with locator-->By.xpath: //*[text()='Sign Out']<--was found
12:22:33.099  INFO  manager.MyListener - 'Start find' element--->By.cssSelector: .contact-item_card__2SOIM
12:22:38.128  INFO  manager.MyListener - The element with locator-->By.cssSelector: .contact-item_card__2SOIM<--was found
12:22:38.128  INFO  manager.MyListener - 'Start find' element--->By.cssSelector: .contact-item_card__2SOIM
12:22:43.157  INFO  manager.MyListener - The element with locator-->By.cssSelector: .contact-item_card__2SOIM<--was found
12:22:43.157  INFO  manager.MyListener - 'Start find' element--->By.cssSelector: .contact-item_card__2SOIM
12:22:48.230  INFO  manager.MyListener - The element with locator-->By.cssSelector: .contact-item_card__2SOIM<--was found
