13:12:10.420  INFO  manager.ApplicationManager - All tests start in ChromeDriver
13:12:12.115  INFO  manager.ApplicationManager - The link is -->https://contacts-app.tobbymarshall815.vercel.app/home
13:12:12.143  INFO  tests.TestBase - Start test --->addNewContactSuccess
13:12:12.145  INFO  manager.MyListener - 'Start find' element--->By.xpath: //*[text()='Sign Out']
13:12:17.194  INFO  manager.MyListener - The element with locator-->By.xpath: //*[text()='Sign Out']<--was found
13:12:17.194  INFO  manager.MyListener - 'Start find' element--->By.cssSelector: [href='/login']
13:12:17.209  INFO  manager.MyListener - The element with locator-->By.cssSelector: [href='/login']<--was found
13:12:17.253  INFO  manager.MyListener - 'Start find' element--->By.xpath: //input[1]
13:12:17.272  INFO  manager.MyListener - The element with locator-->By.xpath: //input[1]<--was found
13:12:17.372  INFO  manager.MyListener - 'Start find' element--->By.xpath: //input[2]
13:12:17.397  INFO  manager.MyListener - The element with locator-->By.xpath: //input[2]<--was found
13:12:17.487  INFO  manager.MyListener - 'Start find' element--->By.xpath: //button[text()=' Login']
13:12:17.504  INFO  manager.MyListener - The element with locator-->By.xpath: //button[text()=' Login']<--was found
13:12:17.542  INFO  manager.MyListener - 'Start find' element--->By.cssSelector: [href='/add']
13:12:18.307  INFO  manager.MyListener - The element with locator-->By.cssSelector: [href='/add']<--was found
13:12:18.346  INFO  manager.MyListener - 'Start find' element--->By.cssSelector: [placeholder='Name']
13:12:18.359  INFO  manager.MyListener - The element with locator-->By.cssSelector: [placeholder='Name']<--was found
13:12:18.470  INFO  manager.MyListener - 'Start find' element--->By.cssSelector: [placeholder='Last Name']
13:12:18.483  INFO  manager.MyListener - The element with locator-->By.cssSelector: [placeholder='Last Name']<--was found
13:12:18.577  INFO  manager.MyListener - 'Start find' element--->By.cssSelector: [placeholder='Phone']
13:12:18.592  INFO  manager.MyListener - The element with locator-->By.cssSelector: [placeholder='Phone']<--was found
13:12:18.686  INFO  manager.MyListener - 'Start find' element--->By.cssSelector: [placeholder='email']
13:12:18.698  INFO  manager.MyListener - The element with locator-->By.cssSelector: [placeholder='email']<--was found
13:12:18.800  INFO  manager.MyListener - 'Start find' element--->By.cssSelector: [placeholder='Address']
13:12:18.825  INFO  manager.MyListener - The element with locator-->By.cssSelector: [placeholder='Address']<--was found
13:12:18.918  INFO  manager.MyListener - 'Start find' element--->By.cssSelector: [placeholder='description']
13:12:18.933  INFO  manager.MyListener - The element with locator-->By.cssSelector: [placeholder='description']<--was found
13:12:19.046  INFO  manager.MyListener - 'Start find' element--->By.cssSelector: b
13:12:19.058  INFO  manager.MyListener - The element with locator-->By.cssSelector: b<--was found
13:12:19.090  INFO  manager.MyListener - 'Start find' element--->By.cssSelector: h2
13:12:19.415  INFO  manager.MyListener - The element with locator-->By.cssSelector: h2<--was found
13:12:19.428  INFO  manager.MyListener - 'Start find' element--->By.cssSelector: h3
13:12:19.449  INFO  manager.MyListener - The element with locator-->By.cssSelector: h3<--was found
13:12:19.474  INFO  tests.TestBase - Start test --->addNewContactSuccessDataProviderCST
13:12:19.475  INFO  manager.MyListener - 'Start find' element--->By.xpath: //*[text()='Sign Out']
13:12:19.496  INFO  manager.MyListener - The element with locator-->By.xpath: //*[text()='Sign Out']<--was found
13:12:19.510  INFO  tests.TestBase - Test start with contactContact(name=Kora, lastName=Low, phone=null, email=null, address=Haifa, description=friend)
13:12:19.511  INFO  manager.MyListener - 'Start find' element--->By.cssSelector: [href='/add']
13:12:19.522  INFO  manager.MyListener - The element with locator-->By.cssSelector: [href='/add']<--was found
13:12:19.556  INFO  manager.MyListener - 'Start find' element--->By.cssSelector: [placeholder='Name']
13:12:19.570  INFO  manager.MyListener - The element with locator-->By.cssSelector: [placeholder='Name']<--was found
13:12:19.670  INFO  manager.MyListener - 'Start find' element--->By.cssSelector: [placeholder='Last Name']
13:12:19.681  INFO  manager.MyListener - The element with locator-->By.cssSelector: [placeholder='Last Name']<--was found
13:12:19.783  INFO  manager.MyListener - 'Start find' element--->By.cssSelector: [placeholder='Phone']
13:12:19.803  INFO  manager.MyListener - The element with locator-->By.cssSelector: [placeholder='Phone']<--was found
13:12:19.902  INFO  manager.MyListener - 'Start find' element--->By.cssSelector: [placeholder='email']
13:12:19.910  INFO  manager.MyListener - The element with locator-->By.cssSelector: [placeholder='email']<--was found
13:12:20.007  INFO  manager.MyListener - 'Start find' element--->By.cssSelector: [placeholder='Address']
13:12:20.018  INFO  manager.MyListener - The element with locator-->By.cssSelector: [placeholder='Address']<--was found
13:12:20.113  INFO  manager.MyListener - 'Start find' element--->By.cssSelector: [placeholder='description']
13:12:20.127  INFO  manager.MyListener - The element with locator-->By.cssSelector: [placeholder='description']<--was found
13:12:20.241  INFO  manager.MyListener - 'Start find' element--->By.cssSelector: b
13:12:20.251  INFO  manager.MyListener - The element with locator-->By.cssSelector: b<--was found
13:12:20.290  INFO  manager.MyListener - 'Start find' element--->By.cssSelector: h2
13:12:20.564  INFO  manager.MyListener - The element with locator-->By.cssSelector: h2<--was found
13:12:20.598  INFO  manager.MyListener - 'Start find' element--->By.cssSelector: h3
13:12:20.609  INFO  manager.MyListener - The element with locator-->By.cssSelector: h3<--was found
13:12:20.634  INFO  tests.TestBase - Start test --->addNewContactSuccessDataProviderCST
13:12:20.635  INFO  manager.MyListener - 'Start find' element--->By.xpath: //*[text()='Sign Out']
13:12:20.657  INFO  manager.MyListener - The element with locator-->By.xpath: //*[text()='Sign Out']<--was found
13:12:20.658  INFO  tests.TestBase - Test start with contactContact(name=Fira, lastName=Mur, phone=null, email=null, address=Rehovot,Israel, description=friend)
13:12:20.658  INFO  manager.MyListener - 'Start find' element--->By.cssSelector: [href='/add']
13:12:20.672  INFO  manager.MyListener - The element with locator-->By.cssSelector: [href='/add']<--was found
13:12:20.711  INFO  manager.MyListener - 'Start find' element--->By.cssSelector: [placeholder='Name']
13:12:20.735  INFO  manager.MyListener - The element with locator-->By.cssSelector: [placeholder='Name']<--was found
13:12:20.846  INFO  manager.MyListener - 'Start find' element--->By.cssSelector: [placeholder='Last Name']
13:12:20.858  INFO  manager.MyListener - The element with locator-->By.cssSelector: [placeholder='Last Name']<--was found
13:12:20.973  INFO  manager.MyListener - 'Start find' element--->By.cssSelector: [placeholder='Phone']
13:12:20.985  INFO  manager.MyListener - The element with locator-->By.cssSelector: [placeholder='Phone']<--was found
13:12:21.095  INFO  manager.MyListener - 'Start find' element--->By.cssSelector: [placeholder='email']
13:12:21.108  INFO  manager.MyListener - The element with locator-->By.cssSelector: [placeholder='email']<--was found
13:12:21.225  INFO  manager.MyListener - 'Start find' element--->By.cssSelector: [placeholder='Address']
13:12:21.248  INFO  manager.MyListener - The element with locator-->By.cssSelector: [placeholder='Address']<--was found
13:12:21.366  INFO  manager.MyListener - 'Start find' element--->By.cssSelector: [placeholder='description']
13:12:21.388  INFO  manager.MyListener - The element with locator-->By.cssSelector: [placeholder='description']<--was found
13:12:21.504  INFO  manager.MyListener - 'Start find' element--->By.cssSelector: b
13:12:21.510  INFO  manager.MyListener - The element with locator-->By.cssSelector: b<--was found
13:12:21.547  INFO  manager.MyListener - 'Start find' element--->By.cssSelector: h2
13:12:21.809  INFO  manager.MyListener - The element with locator-->By.cssSelector: h2<--was found
13:12:21.850  INFO  manager.MyListener - 'Start find' element--->By.cssSelector: h3
13:12:21.873  INFO  manager.MyListener - The element with locator-->By.cssSelector: h3<--was found
13:12:21.908  INFO  tests.TestBase - Start test --->addNewContactSuccessDataProviderCST
13:12:21.910  INFO  manager.MyListener - 'Start find' element--->By.xpath: //*[text()='Sign Out']
13:12:21.919  INFO  manager.MyListener - The element with locator-->By.xpath: //*[text()='Sign Out']<--was found
13:12:21.920  INFO  tests.TestBase - Test start with contactContact(name=Lora, lastName=Low, phone=null, email=null, address=Haifa, description=friend)
13:12:21.920  INFO  manager.MyListener - 'Start find' element--->By.cssSelector: [href='/add']
13:12:21.935  INFO  manager.MyListener - The element with locator-->By.cssSelector: [href='/add']<--was found
13:12:21.973  INFO  manager.MyListener - 'Start find' element--->By.cssSelector: [placeholder='Name']
13:12:21.983  INFO  manager.MyListener - The element with locator-->By.cssSelector: [placeholder='Name']<--was found
13:12:22.091  INFO  manager.MyListener - 'Start find' element--->By.cssSelector: [placeholder='Last Name']
13:12:22.108  INFO  manager.MyListener - The element with locator-->By.cssSelector: [placeholder='Last Name']<--was found
13:12:22.197  INFO  manager.MyListener - 'Start find' element--->By.cssSelector: [placeholder='Phone']
13:12:22.214  INFO  manager.MyListener - The element with locator-->By.cssSelector: [placeholder='Phone']<--was found
13:12:22.337  INFO  manager.MyListener - 'Start find' element--->By.cssSelector: [placeholder='email']
13:12:22.354  INFO  manager.MyListener - The element with locator-->By.cssSelector: [placeholder='email']<--was found
13:12:22.476  INFO  manager.MyListener - 'Start find' element--->By.cssSelector: [placeholder='Address']
13:12:22.492  INFO  manager.MyListener - The element with locator-->By.cssSelector: [placeholder='Address']<--was found
13:12:22.613  INFO  manager.MyListener - 'Start find' element--->By.cssSelector: [placeholder='description']
13:12:22.635  INFO  manager.MyListener - The element with locator-->By.cssSelector: [placeholder='description']<--was found
13:12:22.774  INFO  manager.MyListener - 'Start find' element--->By.cssSelector: b
13:12:22.789  INFO  manager.MyListener - The element with locator-->By.cssSelector: b<--was found
13:12:22.835  INFO  manager.MyListener - 'Start find' element--->By.cssSelector: h2
13:12:23.096  INFO  manager.MyListener - The element with locator-->By.cssSelector: h2<--was found
13:12:23.140  INFO  manager.MyListener - 'Start find' element--->By.cssSelector: h3
13:12:23.161  INFO  manager.MyListener - The element with locator-->By.cssSelector: h3<--was found
13:12:23.200  INFO  tests.TestBase - Start test --->LoginModelDataProvider
13:12:23.201  INFO  manager.MyListener - 'Start find' element--->By.xpath: //*[text()='Sign Out']
13:12:23.225  INFO  manager.MyListener - The element with locator-->By.xpath: //*[text()='Sign Out']<--was found
13:12:23.226  INFO  manager.MyListener - 'Start find' element--->By.xpath: //*[text()='Sign Out']
13:12:23.247  INFO  manager.MyListener - The element with locator-->By.xpath: //*[text()='Sign Out']<--was found
13:12:23.306  INFO  tests.TestBase - Test needs logout
13:12:23.318  INFO  manager.MyListener - 'Start find' element--->By.cssSelector: [href='/login']
13:12:23.335  INFO  manager.MyListener - The element with locator-->By.cssSelector: [href='/login']<--was found
13:12:23.365  INFO  manager.MyListener - 'Start find' element--->By.xpath: //input[1]
13:12:23.379  INFO  manager.MyListener - The element with locator-->By.xpath: //input[1]<--was found
13:12:23.479  INFO  manager.MyListener - 'Start find' element--->By.xpath: //input[2]
13:12:23.489  INFO  manager.MyListener - The element with locator-->By.xpath: //input[2]<--was found
13:12:23.606  INFO  manager.MyListener - 'Start find' element--->By.xpath: //button[text()=' Login']
13:12:23.629  INFO  manager.MyListener - The element with locator-->By.xpath: //button[text()=' Login']<--was found
13:12:23.666  INFO  manager.MyListener - 'Start find' element--->By.xpath: //*[text()='Sign Out']
13:12:23.876  INFO  manager.MyListener - The element with locator-->By.xpath: //*[text()='Sign Out']<--was found
13:12:23.877  INFO  tests.TestBase - Start test --->LoginModelDataProvider
13:12:23.878  INFO  manager.MyListener - 'Start find' element--->By.xpath: //*[text()='Sign Out']
13:12:23.894  INFO  manager.MyListener - The element with locator-->By.xpath: //*[text()='Sign Out']<--was found
13:12:23.894  INFO  manager.MyListener - 'Start find' element--->By.xpath: //*[text()='Sign Out']
13:12:23.907  INFO  manager.MyListener - The element with locator-->By.xpath: //*[text()='Sign Out']<--was found
13:12:23.956  INFO  tests.TestBase - Test needs logout
13:12:23.958  INFO  manager.MyListener - 'Start find' element--->By.cssSelector: [href='/login']
13:12:23.968  INFO  manager.MyListener - The element with locator-->By.cssSelector: [href='/login']<--was found
13:12:24.000  INFO  manager.MyListener - 'Start find' element--->By.xpath: //input[1]
13:12:24.015  INFO  manager.MyListener - The element with locator-->By.xpath: //input[1]<--was found
13:12:24.129  INFO  manager.MyListener - 'Start find' element--->By.xpath: //input[2]
13:12:24.138  INFO  manager.MyListener - The element with locator-->By.xpath: //input[2]<--was found
13:12:24.255  INFO  manager.MyListener - 'Start find' element--->By.xpath: //button[text()=' Login']
13:12:24.278  INFO  manager.MyListener - The element with locator-->By.xpath: //button[text()=' Login']<--was found
13:12:24.315  INFO  manager.MyListener - 'Start find' element--->By.xpath: //*[text()='Sign Out']
13:12:24.463  INFO  manager.MyListener - The element with locator-->By.xpath: //*[text()='Sign Out']<--was found
13:12:24.464  INFO  tests.TestBase - Start test --->LoginModelDataProvider
13:12:24.465  INFO  manager.MyListener - 'Start find' element--->By.xpath: //*[text()='Sign Out']
13:12:24.479  INFO  manager.MyListener - The element with locator-->By.xpath: //*[text()='Sign Out']<--was found
13:12:24.480  INFO  manager.MyListener - 'Start find' element--->By.xpath: //*[text()='Sign Out']
13:12:24.495  INFO  manager.MyListener - The element with locator-->By.xpath: //*[text()='Sign Out']<--was found
13:12:24.538  INFO  tests.TestBase - Test needs logout
13:12:24.539  INFO  manager.MyListener - 'Start find' element--->By.cssSelector: [href='/login']
13:12:24.554  INFO  manager.MyListener - The element with locator-->By.cssSelector: [href='/login']<--was found
13:12:24.592  INFO  manager.MyListener - 'Start find' element--->By.xpath: //input[1]
13:12:24.615  INFO  manager.MyListener - The element with locator-->By.xpath: //input[1]<--was found
13:12:24.731  INFO  manager.MyListener - 'Start find' element--->By.xpath: //input[2]
13:12:24.755  INFO  manager.MyListener - The element with locator-->By.xpath: //input[2]<--was found
13:12:24.870  INFO  manager.MyListener - 'Start find' element--->By.xpath: //button[text()=' Login']
13:12:24.879  INFO  manager.MyListener - The element with locator-->By.xpath: //button[text()=' Login']<--was found
13:12:24.914  INFO  manager.MyListener - 'Start find' element--->By.xpath: //*[text()='Sign Out']
13:12:25.051  INFO  manager.MyListener - The element with locator-->By.xpath: //*[text()='Sign Out']<--was found
13:12:25.052  INFO  tests.TestBase - Start test --->LoginModelDataProvider
13:12:25.054  INFO  manager.MyListener - 'Start find' element--->By.xpath: //*[text()='Sign Out']
13:12:25.070  INFO  manager.MyListener - The element with locator-->By.xpath: //*[text()='Sign Out']<--was found
13:12:25.071  INFO  manager.MyListener - 'Start find' element--->By.xpath: //*[text()='Sign Out']
13:12:25.086  INFO  manager.MyListener - The element with locator-->By.xpath: //*[text()='Sign Out']<--was found
13:12:25.118  INFO  tests.TestBase - Test needs logout
13:12:25.119  INFO  manager.MyListener - 'Start find' element--->By.cssSelector: [href='/login']
13:12:25.128  INFO  manager.MyListener - The element with locator-->By.cssSelector: [href='/login']<--was found
13:12:25.162  INFO  manager.MyListener - 'Start find' element--->By.xpath: //input[1]
13:12:25.175  INFO  manager.MyListener - The element with locator-->By.xpath: //input[1]<--was found
13:12:25.275  INFO  manager.MyListener - 'Start find' element--->By.xpath: //input[2]
13:12:25.300  INFO  manager.MyListener - The element with locator-->By.xpath: //input[2]<--was found
13:12:25.414  INFO  manager.MyListener - 'Start find' element--->By.xpath: //button[text()=' Login']
13:12:25.423  INFO  manager.MyListener - The element with locator-->By.xpath: //button[text()=' Login']<--was found
13:12:25.465  INFO  manager.MyListener - 'Start find' element--->By.xpath: //*[text()='Sign Out']
13:12:25.612  INFO  manager.MyListener - The element with locator-->By.xpath: //*[text()='Sign Out']<--was found
13:12:25.616  INFO  tests.TestBase - Start test --->LoginModelDataProviderCSV
13:12:25.617  INFO  manager.MyListener - 'Start find' element--->By.xpath: //*[text()='Sign Out']
13:12:25.629  INFO  manager.MyListener - The element with locator-->By.xpath: //*[text()='Sign Out']<--was found
13:12:25.630  INFO  manager.MyListener - 'Start find' element--->By.xpath: //*[text()='Sign Out']
13:12:25.644  INFO  manager.MyListener - The element with locator-->By.xpath: //*[text()='Sign Out']<--was found
13:12:25.683  INFO  tests.TestBase - Test needs logout
13:12:25.685  INFO  manager.MyListener - 'Start find' element--->By.cssSelector: [href='/login']
13:12:25.704  INFO  manager.MyListener - The element with locator-->By.cssSelector: [href='/login']<--was found
13:12:25.739  INFO  manager.MyListener - 'Start find' element--->By.xpath: //input[1]
13:12:25.753  INFO  manager.MyListener - The element with locator-->By.xpath: //input[1]<--was found
13:12:25.864  INFO  manager.MyListener - 'Start find' element--->By.xpath: //input[2]
13:12:25.876  INFO  manager.MyListener - The element with locator-->By.xpath: //input[2]<--was found
13:12:25.992  INFO  manager.MyListener - 'Start find' element--->By.xpath: //button[text()=' Login']
13:12:26.014  INFO  manager.MyListener - The element with locator-->By.xpath: //button[text()=' Login']<--was found
13:12:26.048  INFO  manager.MyListener - 'Start find' element--->By.xpath: //*[text()='Sign Out']
13:12:26.187  INFO  manager.MyListener - The element with locator-->By.xpath: //*[text()='Sign Out']<--was found
13:12:26.188  INFO  tests.TestBase - Start test --->LoginModelDataProviderCSV
13:12:26.189  INFO  manager.MyListener - 'Start find' element--->By.xpath: //*[text()='Sign Out']
13:12:26.203  INFO  manager.MyListener - The element with locator-->By.xpath: //*[text()='Sign Out']<--was found
13:12:26.203  INFO  manager.MyListener - 'Start find' element--->By.xpath: //*[text()='Sign Out']
13:12:26.217  INFO  manager.MyListener - The element with locator-->By.xpath: //*[text()='Sign Out']<--was found
13:12:26.262  INFO  tests.TestBase - Test needs logout
13:12:26.263  INFO  manager.MyListener - 'Start find' element--->By.cssSelector: [href='/login']
13:12:26.279  INFO  manager.MyListener - The element with locator-->By.cssSelector: [href='/login']<--was found
13:12:26.313  INFO  manager.MyListener - 'Start find' element--->By.xpath: //input[1]
13:12:26.324  INFO  manager.MyListener - The element with locator-->By.xpath: //input[1]<--was found
13:12:26.438  INFO  manager.MyListener - 'Start find' element--->By.xpath: //input[2]
13:12:26.462  INFO  manager.MyListener - The element with locator-->By.xpath: //input[2]<--was found
13:12:26.577  INFO  manager.MyListener - 'Start find' element--->By.xpath: //button[text()=' Login']
13:12:26.586  INFO  manager.MyListener - The element with locator-->By.xpath: //button[text()=' Login']<--was found
13:12:26.621  INFO  manager.MyListener - 'Start find' element--->By.xpath: //*[text()='Sign Out']
13:12:26.759  INFO  manager.MyListener - The element with locator-->By.xpath: //*[text()='Sign Out']<--was found
13:12:26.760  INFO  tests.TestBase - Start test --->LoginModelDataProviderCSV
13:12:26.761  INFO  manager.MyListener - 'Start find' element--->By.xpath: //*[text()='Sign Out']
13:12:26.774  INFO  manager.MyListener - The element with locator-->By.xpath: //*[text()='Sign Out']<--was found
13:12:26.775  INFO  manager.MyListener - 'Start find' element--->By.xpath: //*[text()='Sign Out']
13:12:26.790  INFO  manager.MyListener - The element with locator-->By.xpath: //*[text()='Sign Out']<--was found
13:12:26.835  INFO  tests.TestBase - Test needs logout
13:12:26.836  INFO  manager.MyListener - 'Start find' element--->By.cssSelector: [href='/login']
13:12:26.853  INFO  manager.MyListener - The element with locator-->By.cssSelector: [href='/login']<--was found
13:12:26.886  INFO  manager.MyListener - 'Start find' element--->By.xpath: //input[1]
13:12:26.897  INFO  manager.MyListener - The element with locator-->By.xpath: //input[1]<--was found
13:12:27.011  INFO  manager.MyListener - 'Start find' element--->By.xpath: //input[2]
13:12:27.020  INFO  manager.MyListener - The element with locator-->By.xpath: //input[2]<--was found
13:12:27.136  INFO  manager.MyListener - 'Start find' element--->By.xpath: //button[text()=' Login']
13:12:27.160  INFO  manager.MyListener - The element with locator-->By.xpath: //button[text()=' Login']<--was found
13:12:27.199  INFO  manager.MyListener - 'Start find' element--->By.xpath: //*[text()='Sign Out']
13:12:27.346  INFO  manager.MyListener - The element with locator-->By.xpath: //*[text()='Sign Out']<--was found
13:12:27.348  INFO  tests.TestBase - Start test --->LoginModelDataProviderCSV
13:12:27.349  INFO  manager.MyListener - 'Start find' element--->By.xpath: //*[text()='Sign Out']
13:12:27.365  INFO  manager.MyListener - The element with locator-->By.xpath: //*[text()='Sign Out']<--was found
13:12:27.366  INFO  manager.MyListener - 'Start find' element--->By.xpath: //*[text()='Sign Out']
13:12:27.380  INFO  manager.MyListener - The element with locator-->By.xpath: //*[text()='Sign Out']<--was found
13:12:27.417  INFO  tests.TestBase - Test needs logout
13:12:27.418  INFO  manager.MyListener - 'Start find' element--->By.cssSelector: [href='/login']
13:12:27.438  INFO  manager.MyListener - The element with locator-->By.cssSelector: [href='/login']<--was found
13:12:27.475  INFO  manager.MyListener - 'Start find' element--->By.xpath: //input[1]
13:12:27.485  INFO  manager.MyListener - The element with locator-->By.xpath: //input[1]<--was found
13:12:27.603  INFO  manager.MyListener - 'Start find' element--->By.xpath: //input[2]
13:12:27.626  INFO  manager.MyListener - The element with locator-->By.xpath: //input[2]<--was found
13:12:27.739  INFO  manager.MyListener - 'Start find' element--->By.xpath: //button[text()=' Login']
13:12:27.748  INFO  manager.MyListener - The element with locator-->By.xpath: //button[text()=' Login']<--was found
13:12:27.786  INFO  manager.MyListener - 'Start find' element--->By.xpath: //*[text()='Sign Out']
13:12:27.921  INFO  manager.MyListener - The element with locator-->By.xpath: //*[text()='Sign Out']<--was found
13:12:27.923  INFO  tests.TestBase - Start test --->LoginSuccess
13:12:27.924  INFO  manager.MyListener - 'Start find' element--->By.xpath: //*[text()='Sign Out']
13:12:27.941  INFO  manager.MyListener - The element with locator-->By.xpath: //*[text()='Sign Out']<--was found
13:12:27.941  INFO  manager.MyListener - 'Start find' element--->By.xpath: //*[text()='Sign Out']
13:12:27.954  INFO  manager.MyListener - The element with locator-->By.xpath: //*[text()='Sign Out']<--was found
13:12:28.001  INFO  tests.TestBase - Test needs logout
13:12:28.002  INFO  tests.TestBase - Start test --->LoginSuccessModel
13:12:28.003  INFO  manager.MyListener - 'Start find' element--->By.xpath: //*[text()='Sign Out']
13:12:33.053  INFO  manager.MyListener - The element with locator-->By.xpath: //*[text()='Sign Out']<--was found
13:12:33.054  INFO  manager.MyListener - 'Start find' element--->By.cssSelector: [href='/login']
13:12:33.067  INFO  manager.MyListener - The element with locator-->By.cssSelector: [href='/login']<--was found
13:12:33.104  INFO  manager.MyListener - 'Start find' element--->By.xpath: //input[1]
13:12:33.113  INFO  manager.MyListener - The element with locator-->By.xpath: //input[1]<--was found
13:12:33.231  INFO  manager.MyListener - 'Start find' element--->By.xpath: //input[2]
13:12:33.253  INFO  manager.MyListener - The element with locator-->By.xpath: //input[2]<--was found
13:12:33.362  INFO  manager.MyListener - 'Start find' element--->By.xpath: //button[text()=' Login']
13:12:33.377  INFO  manager.MyListener - The element with locator-->By.xpath: //button[text()=' Login']<--was found
13:12:33.411  INFO  manager.MyListener - 'Start find' element--->By.xpath: //*[text()='Sign Out']
13:12:33.607  INFO  manager.MyListener - The element with locator-->By.xpath: //*[text()='Sign Out']<--was found
13:12:33.609  INFO  tests.TestBase - Start test --->LoginSuccessNew
13:12:33.609  INFO  manager.MyListener - 'Start find' element--->By.xpath: //*[text()='Sign Out']
13:12:33.626  INFO  manager.MyListener - The element with locator-->By.xpath: //*[text()='Sign Out']<--was found
13:12:33.626  INFO  manager.MyListener - 'Start find' element--->By.xpath: //*[text()='Sign Out']
13:12:33.641  INFO  manager.MyListener - The element with locator-->By.xpath: //*[text()='Sign Out']<--was found
13:12:33.684  INFO  tests.TestBase - Test needs logout
13:12:33.689  INFO  tests.TestBase - The test starts with email:ula@gmail.coand password:Ula12345$
13:12:33.691  INFO  manager.MyListener - 'Start find' element--->By.cssSelector: [href='/login']
13:12:33.704  INFO  manager.MyListener - The element with locator-->By.cssSelector: [href='/login']<--was found
13:12:33.740  INFO  manager.MyListener - 'Start find' element--->By.xpath: //input[1]
13:12:33.751  INFO  manager.MyListener - The element with locator-->By.xpath: //input[1]<--was found
13:12:33.850  INFO  manager.MyListener - 'Start find' element--->By.xpath: //input[2]
13:12:33.875  INFO  manager.MyListener - The element with locator-->By.xpath: //input[2]<--was found
13:12:33.989  INFO  manager.MyListener - 'Start find' element--->By.xpath: //button[text()=' Login']
13:12:33.997  INFO  manager.MyListener - The element with locator-->By.xpath: //button[text()=' Login']<--was found
13:12:34.034  INFO  manager.MyListener - 'Start find' element--->By.xpath: //*[text()='Sign Out']
13:12:34.171  INFO  manager.MyListener - The element with locator-->By.xpath: //*[text()='Sign Out']<--was found
13:12:34.173  INFO  tests.TestBase - Start test --->LoginSuccessNew
13:12:34.174  INFO  manager.MyListener - 'Start find' element--->By.xpath: //*[text()='Sign Out']
13:12:34.187  INFO  manager.MyListener - The element with locator-->By.xpath: //*[text()='Sign Out']<--was found
13:12:34.187  INFO  manager.MyListener - 'Start find' element--->By.xpath: //*[text()='Sign Out']
13:12:34.203  INFO  manager.MyListener - The element with locator-->By.xpath: //*[text()='Sign Out']<--was found
13:12:34.243  INFO  tests.TestBase - Test needs logout
13:12:34.243  INFO  tests.TestBase - The test starts with email:gula@gmail.comand password:Ggula12345$
13:12:34.243  INFO  manager.MyListener - 'Start find' element--->By.cssSelector: [href='/login']
13:12:34.264  INFO  manager.MyListener - The element with locator-->By.cssSelector: [href='/login']<--was found
13:12:34.303  INFO  manager.MyListener - 'Start find' element--->By.xpath: //input[1]
13:12:34.331  INFO  manager.MyListener - The element with locator-->By.xpath: //input[1]<--was found
13:12:34.426  INFO  manager.MyListener - 'Start find' element--->By.xpath: //input[2]
13:12:34.435  INFO  manager.MyListener - The element with locator-->By.xpath: //input[2]<--was found
13:12:34.552  INFO  manager.MyListener - 'Start find' element--->By.xpath: //button[text()=' Login']
13:12:34.578  INFO  manager.MyListener - The element with locator-->By.xpath: //button[text()=' Login']<--was found
13:12:34.617  INFO  manager.MyListener - 'Start find' element--->By.xpath: //*[text()='Sign Out']
13:12:34.759  INFO  manager.MyListener - The element with locator-->By.xpath: //*[text()='Sign Out']<--was found
13:12:34.760  INFO  tests.TestBase - Start test --->LoginSuccessNew
13:12:34.760  INFO  manager.MyListener - 'Start find' element--->By.xpath: //*[text()='Sign Out']
13:12:34.775  INFO  manager.MyListener - The element with locator-->By.xpath: //*[text()='Sign Out']<--was found
13:12:34.776  INFO  manager.MyListener - 'Start find' element--->By.xpath: //*[text()='Sign Out']
13:12:34.792  INFO  manager.MyListener - The element with locator-->By.xpath: //*[text()='Sign Out']<--was found
13:12:34.827  INFO  tests.TestBase - Test needs logout
13:12:34.828  INFO  tests.TestBase - The test starts with email:sumy@gmail.comand password:Ssumy12345$
13:12:34.828  INFO  manager.MyListener - 'Start find' element--->By.cssSelector: [href='/login']
13:12:34.837  INFO  manager.MyListener - The element with locator-->By.cssSelector: [href='/login']<--was found
13:12:34.872  INFO  manager.MyListener - 'Start find' element--->By.xpath: //input[1]
13:12:34.884  INFO  manager.MyListener - The element with locator-->By.xpath: //input[1]<--was found
13:12:34.979  INFO  manager.MyListener - 'Start find' element--->By.xpath: //input[2]
13:12:34.992  INFO  manager.MyListener - The element with locator-->By.xpath: //input[2]<--was found
13:12:35.087  INFO  manager.MyListener - 'Start find' element--->By.xpath: //button[text()=' Login']
13:12:35.102  INFO  manager.MyListener - The element with locator-->By.xpath: //button[text()=' Login']<--was found
13:12:35.139  INFO  manager.MyListener - 'Start find' element--->By.xpath: //*[text()='Sign Out']
13:12:35.276  INFO  manager.MyListener - The element with locator-->By.xpath: //*[text()='Sign Out']<--was found
13:12:35.277  INFO  tests.TestBase - Start test --->LoginSuccessNew
13:12:35.278  INFO  manager.MyListener - 'Start find' element--->By.xpath: //*[text()='Sign Out']
13:12:35.291  INFO  manager.MyListener - The element with locator-->By.xpath: //*[text()='Sign Out']<--was found
13:12:35.292  INFO  manager.MyListener - 'Start find' element--->By.xpath: //*[text()='Sign Out']
13:12:35.305  INFO  manager.MyListener - The element with locator-->By.xpath: //*[text()='Sign Out']<--was found
13:12:35.353  INFO  tests.TestBase - Test needs logout
13:12:35.354  INFO  tests.TestBase - The test starts with email:mir@gmail.comand password:Mmir12345$
13:12:35.354  INFO  manager.MyListener - 'Start find' element--->By.cssSelector: [href='/login']
13:12:35.372  INFO  manager.MyListener - The element with locator-->By.cssSelector: [href='/login']<--was found
13:12:35.405  INFO  manager.MyListener - 'Start find' element--->By.xpath: //input[1]
13:12:35.415  INFO  manager.MyListener - The element with locator-->By.xpath: //input[1]<--was found
13:12:35.532  INFO  manager.MyListener - 'Start find' element--->By.xpath: //input[2]
13:12:35.554  INFO  manager.MyListener - The element with locator-->By.xpath: //input[2]<--was found
13:12:35.665  INFO  manager.MyListener - 'Start find' element--->By.xpath: //button[text()=' Login']
13:12:35.680  INFO  manager.MyListener - The element with locator-->By.xpath: //button[text()=' Login']<--was found
13:12:35.715  INFO  manager.MyListener - 'Start find' element--->By.xpath: //*[text()='Sign Out']
13:12:35.852  INFO  manager.MyListener - The element with locator-->By.xpath: //*[text()='Sign Out']<--was found
13:12:35.854  INFO  tests.TestBase - Start test --->loginNegativeTestWrongPassword
13:12:35.855  INFO  manager.MyListener - 'Start find' element--->By.xpath: //*[text()='Sign Out']
13:12:35.867  INFO  manager.MyListener - The element with locator-->By.xpath: //*[text()='Sign Out']<--was found
13:12:35.867  INFO  manager.MyListener - 'Start find' element--->By.xpath: //*[text()='Sign Out']
13:12:35.884  INFO  manager.MyListener - The element with locator-->By.xpath: //*[text()='Sign Out']<--was found
13:12:35.926  INFO  tests.TestBase - Test needs logout
13:12:35.927  INFO  manager.MyListener - 'Start find' element--->By.cssSelector: [href='/login']
13:12:35.942  INFO  manager.MyListener - The element with locator-->By.cssSelector: [href='/login']<--was found
13:12:35.976  INFO  manager.MyListener - 'Start find' element--->By.xpath: //input[1]
13:12:35.989  INFO  manager.MyListener - The element with locator-->By.xpath: //input[1]<--was found
13:12:36.102  INFO  manager.MyListener - 'Start find' element--->By.xpath: //input[2]
13:12:36.112  INFO  manager.MyListener - The element with locator-->By.xpath: //input[2]<--was found
13:12:36.223  INFO  manager.MyListener - 'Start find' element--->By.xpath: //button[text()=' Login']
13:12:36.237  INFO  manager.MyListener - The element with locator-->By.xpath: //button[text()=' Login']<--was found
13:12:36.270  INFO  manager.MyListener - 'Start find' element--->By.xpath: //*[text()='Sign Out']
13:12:36.406  INFO  manager.MyListener - The element with locator-->By.xpath: //*[text()='Sign Out']<--was found
13:12:36.437  INFO  tests.TestBase - Start test --->registrationSuccess
13:12:36.438  INFO  manager.MyListener - 'Start find' element--->By.xpath: //*[text()='Sign Out']
13:12:41.485  INFO  manager.MyListener - The element with locator-->By.xpath: //*[text()='Sign Out']<--was found
13:12:41.487  INFO  tests.TestBase - ylla761@gmail.com
13:12:41.487  INFO  tests.TestBase - The index is -->761
13:12:41.487  INFO  manager.MyListener - 'Start find' element--->By.cssSelector: [href='/login']
13:12:41.501  INFO  manager.MyListener - The element with locator-->By.cssSelector: [href='/login']<--was found
13:12:41.536  INFO  manager.MyListener - 'Start find' element--->By.xpath: //input[1]
13:12:41.546  INFO  manager.MyListener - The element with locator-->By.xpath: //input[1]<--was found
13:12:41.680  INFO  manager.MyListener - 'Start find' element--->By.xpath: //input[2]
13:12:41.700  INFO  manager.MyListener - The element with locator-->By.xpath: //input[2]<--was found
13:12:41.826  INFO  manager.MyListener - 'Start find' element--->By.xpath: //*[text()=' Registration']
13:12:41.844  INFO  manager.MyListener - The element with locator-->By.xpath: //*[text()=' Registration']<--was found
13:12:41.878  INFO  manager.MyListener - 'Start find' element--->By.xpath: //*[text()='Sign Out']
13:12:42.264  INFO  manager.MyListener - The element with locator-->By.xpath: //*[text()='Sign Out']<--was found
13:12:42.266  INFO  tests.TestBase - Start test --->registrationSuccessModel
13:12:42.267  INFO  manager.MyListener - 'Start find' element--->By.xpath: //*[text()='Sign Out']
13:12:42.281  INFO  manager.MyListener - The element with locator-->By.xpath: //*[text()='Sign Out']<--was found
13:12:42.282  INFO  manager.MyListener - 'Start find' element--->By.xpath: //*[text()='Sign Out']
13:12:42.297  INFO  manager.MyListener - The element with locator-->By.xpath: //*[text()='Sign Out']<--was found
13:12:42.341  INFO  manager.MyListener - 'Start find' element--->By.cssSelector: [href='/login']
13:12:42.355  INFO  manager.MyListener - The element with locator-->By.cssSelector: [href='/login']<--was found
13:12:42.387  INFO  manager.MyListener - 'Start find' element--->By.xpath: //input[1]
13:12:42.402  INFO  manager.MyListener - The element with locator-->By.xpath: //input[1]<--was found
13:12:42.519  INFO  manager.MyListener - 'Start find' element--->By.xpath: //input[2]
13:12:42.526  INFO  manager.MyListener - The element with locator-->By.xpath: //input[2]<--was found
13:12:42.619  INFO  manager.MyListener - 'Start find' element--->By.xpath: //*[text()=' Registration']
13:12:42.636  INFO  manager.MyListener - The element with locator-->By.xpath: //*[text()=' Registration']<--was found
13:12:42.670  INFO  manager.MyListener - 'Start find' element--->By.xpath: //*[text()='Sign Out']
13:12:42.807  INFO  manager.MyListener - The element with locator-->By.xpath: //*[text()='Sign Out']<--was found
13:12:42.808  INFO  tests.TestBase - Start test --->removeAllContact
13:12:42.810  INFO  manager.MyListener - 'Start find' element--->By.xpath: //*[text()='Sign Out']
13:12:42.825  INFO  manager.MyListener - The element with locator-->By.xpath: //*[text()='Sign Out']<--was found
13:12:42.825  INFO  manager.MyListener - 'Start find' element--->By.cssSelector: [href='/add']
13:12:42.842  INFO  manager.MyListener - The element with locator-->By.cssSelector: [href='/add']<--was found
13:12:42.878  INFO  manager.MyListener - 'Start find' element--->By.cssSelector: [placeholder='Name']
13:12:42.905  INFO  manager.MyListener - The element with locator-->By.cssSelector: [placeholder='Name']<--was found
13:12:43.011  INFO  manager.MyListener - 'Start find' element--->By.cssSelector: [placeholder='Last Name']
13:12:43.028  INFO  manager.MyListener - The element with locator-->By.cssSelector: [placeholder='Last Name']<--was found
13:12:43.139  INFO  manager.MyListener - 'Start find' element--->By.cssSelector: [placeholder='Phone']
13:12:43.156  INFO  manager.MyListener - The element with locator-->By.cssSelector: [placeholder='Phone']<--was found
13:12:43.263  INFO  manager.MyListener - 'Start find' element--->By.cssSelector: [placeholder='email']
13:12:43.278  INFO  manager.MyListener - The element with locator-->By.cssSelector: [placeholder='email']<--was found
13:12:43.375  INFO  manager.MyListener - 'Start find' element--->By.cssSelector: [placeholder='Address']
13:12:43.387  INFO  manager.MyListener - The element with locator-->By.cssSelector: [placeholder='Address']<--was found
13:12:43.478  INFO  manager.MyListener - 'Start find' element--->By.cssSelector: [placeholder='description']
13:12:43.495  INFO  manager.MyListener - The element with locator-->By.cssSelector: [placeholder='description']<--was found
13:12:43.593  INFO  manager.MyListener - 'Start find' element--->By.cssSelector: b
13:12:43.603  INFO  manager.MyListener - The element with locator-->By.cssSelector: b<--was found
13:12:43.637  INFO  manager.MyListener - 'Start find' element--->By.cssSelector: .contact-item_card__2SOIM
13:12:43.897  INFO  manager.MyListener - The element with locator-->By.cssSelector: .contact-item_card__2SOIM<--was found
13:12:43.898  INFO  manager.MyListener - 'Start find' element--->By.cssSelector: .contact-item_card__2SOIM
13:12:43.919  INFO  manager.MyListener - The element with locator-->By.cssSelector: .contact-item_card__2SOIM<--was found
13:12:43.972  INFO  manager.MyListener - 'Start find' element--->By.xpath: //button[text()='Remove']
13:12:43.990  INFO  manager.MyListener - The element with locator-->By.xpath: //button[text()='Remove']<--was found
13:12:44.522  INFO  manager.MyListener - 'Start find' element--->By.cssSelector: .contact-item_card__2SOIM
13:12:49.576  INFO  manager.MyListener - The element with locator-->By.cssSelector: .contact-item_card__2SOIM<--was found
13:12:49.578  INFO  tests.TestBase - Start test --->removeOneContact
13:12:49.578  INFO  manager.MyListener - 'Start find' element--->By.xpath: //*[text()='Sign Out']
13:12:49.594  INFO  manager.MyListener - The element with locator-->By.xpath: //*[text()='Sign Out']<--was found
13:12:49.595  INFO  manager.MyListener - 'Start find' element--->By.cssSelector: [href='/add']
13:12:49.610  INFO  manager.MyListener - The element with locator-->By.cssSelector: [href='/add']<--was found
13:12:49.650  INFO  manager.MyListener - 'Start find' element--->By.cssSelector: [placeholder='Name']
13:12:49.670  INFO  manager.MyListener - The element with locator-->By.cssSelector: [placeholder='Name']<--was found
13:12:49.782  INFO  manager.MyListener - 'Start find' element--->By.cssSelector: [placeholder='Last Name']
13:12:49.794  INFO  manager.MyListener - The element with locator-->By.cssSelector: [placeholder='Last Name']<--was found
13:12:49.907  INFO  manager.MyListener - 'Start find' element--->By.cssSelector: [placeholder='Phone']
13:12:49.918  INFO  manager.MyListener - The element with locator-->By.cssSelector: [placeholder='Phone']<--was found
13:12:50.029  INFO  manager.MyListener - 'Start find' element--->By.cssSelector: [placeholder='email']
13:12:50.040  INFO  manager.MyListener - The element with locator-->By.cssSelector: [placeholder='email']<--was found
13:12:50.140  INFO  manager.MyListener - 'Start find' element--->By.cssSelector: [placeholder='Address']
13:12:50.149  INFO  manager.MyListener - The element with locator-->By.cssSelector: [placeholder='Address']<--was found
13:12:50.265  INFO  manager.MyListener - 'Start find' element--->By.cssSelector: [placeholder='description']
13:12:50.273  INFO  manager.MyListener - The element with locator-->By.cssSelector: [placeholder='description']<--was found
13:12:50.390  INFO  manager.MyListener - 'Start find' element--->By.cssSelector: b
13:12:50.413  INFO  manager.MyListener - The element with locator-->By.cssSelector: b<--was found
13:12:50.451  INFO  manager.MyListener - 'Start find' element--->By.cssSelector: .contact-item_card__2SOIM
13:12:50.783  INFO  manager.MyListener - The element with locator-->By.cssSelector: .contact-item_card__2SOIM<--was found
13:12:50.784  INFO  manager.MyListener - 'Start find' element--->By.cssSelector: .contact-item_card__2SOIM
13:12:50.800  INFO  manager.MyListener - The element with locator-->By.cssSelector: .contact-item_card__2SOIM<--was found
13:12:50.800  INFO  manager.MyListener - 'Start find' element--->By.cssSelector: .contact-item_card__2SOIM
13:12:50.813  INFO  manager.MyListener - The element with locator-->By.cssSelector: .contact-item_card__2SOIM<--was found
13:12:50.854  INFO  manager.MyListener - 'Start find' element--->By.xpath: //button[text()='Remove']
13:12:50.875  INFO  manager.MyListener - The element with locator-->By.xpath: //button[text()='Remove']<--was found
13:12:51.422  INFO  manager.MyListener - 'Start find' element--->By.cssSelector: .contact-item_card__2SOIM
13:12:59.506  INFO  manager.MyListener - The element with locator-->By.cssSelector: .contact-item_card__2SOIM<--was found
