17:05:18.589  INFO  manager.ApplicationManager - All tests start in ChromeDriver
17:05:19.482  INFO  manager.ApplicationManager - The link is -->https://contacts-app.tobbymarshall815.vercel.app/home
17:05:19.515  INFO  tests.TestBase - Start test --->removeAllContact
17:05:19.516  INFO  manager.MyListener - 'Start find' element--->By.xpath: //*[text()='Sign Out']
17:05:24.546  INFO  manager.MyListener - The element with locator-->By.xpath: //*[text()='Sign Out']<--was found
17:05:24.547  INFO  manager.MyListener - 'Start find' element--->By.cssSelector: [href='/login']
17:05:24.565  INFO  manager.MyListener - The element with locator-->By.cssSelector: [href='/login']<--was found
17:05:24.639  INFO  manager.MyListener - 'Start find' element--->By.xpath: //input[1]
17:05:24.653  INFO  manager.MyListener - The element with locator-->By.xpath: //input[1]<--was found
17:05:24.771  INFO  manager.MyListener - 'Start find' element--->By.xpath: //input[2]
17:05:24.789  INFO  manager.MyListener - The element with locator-->By.xpath: //input[2]<--was found
17:05:24.882  INFO  manager.MyListener - 'Start find' element--->By.xpath: //button[text()=' Login']
17:05:24.899  INFO  manager.MyListener - The element with locator-->By.xpath: //button[text()=' Login']<--was found
17:05:24.931  INFO  manager.MyListener - 'Start find' element--->By.cssSelector: .contact-item_card__2SOIM
17:05:25.873  INFO  manager.MyListener - The element with locator-->By.cssSelector: .contact-item_card__2SOIM<--was found
17:05:25.873  INFO  manager.MyListener - 'Start find' element--->By.cssSelector: .contact-item_card__2SOIM
17:05:25.891  INFO  manager.MyListener - The element with locator-->By.cssSelector: .contact-item_card__2SOIM<--was found
17:05:25.926  INFO  manager.MyListener - 'Start find' element--->By.xpath: //button[text()='Remove']
17:05:25.952  INFO  manager.MyListener - The element with locator-->By.xpath: //button[text()='Remove']<--was found
17:05:25.980  INFO  manager.MyListener - 'Start find' element--->By.cssSelector: .contact-item_card__2SOIM
17:05:25.995  INFO  manager.MyListener - The element with locator-->By.cssSelector: .contact-item_card__2SOIM<--was found
17:05:26.022  INFO  manager.MyListener - 'Start find' element--->By.xpath: //button[text()='Remove']
17:05:26.043  INFO  manager.MyListener - The element with locator-->By.xpath: //button[text()='Remove']<--was found
17:05:26.066  INFO  manager.MyListener - 'Start find' element--->By.cssSelector: .contact-item_card__2SOIM
17:05:26.072  INFO  manager.MyListener - The element with locator-->By.cssSelector: .contact-item_card__2SOIM<--was found
17:05:26.100  INFO  manager.MyListener - 'Start find' element--->By.xpath: //button[text()='Remove']
17:05:26.119  INFO  manager.MyListener - The element with locator-->By.xpath: //button[text()='Remove']<--was found
17:05:26.144  INFO  manager.MyListener - 'Start find' element--->By.cssSelector: .contact-item_card__2SOIM
17:05:26.165  INFO  manager.MyListener - The element with locator-->By.cssSelector: .contact-item_card__2SOIM<--was found
17:05:26.192  INFO  manager.MyListener - 'Start find' element--->By.xpath: //button[text()='Remove']
17:05:26.211  INFO  manager.MyListener - The element with locator-->By.xpath: //button[text()='Remove']<--was found
17:05:26.234  INFO  manager.MyListener - 'Start find' element--->By.cssSelector: .contact-item_card__2SOIM
17:05:26.242  INFO  manager.MyListener - The element with locator-->By.cssSelector: .contact-item_card__2SOIM<--was found
17:05:26.268  INFO  manager.MyListener - 'Start find' element--->By.xpath: //button[text()='Remove']
17:05:26.290  INFO  manager.MyListener - The element with locator-->By.xpath: //button[text()='Remove']<--was found
17:05:26.313  INFO  manager.MyListener - 'Start find' element--->By.cssSelector: .contact-item_card__2SOIM
17:05:26.320  INFO  manager.MyListener - The element with locator-->By.cssSelector: .contact-item_card__2SOIM<--was found
17:05:26.350  INFO  manager.MyListener - 'Start find' element--->By.xpath: //button[text()='Remove']
17:05:31.418  INFO  manager.MyListener - We have a 'throwable' -->no such element: Unable to locate element: {"method":"xpath","selector":"//button[text()='Remove']"}
  (Session info: chrome=100.0.4896.127)
For documentation on this error, please visit: https://www.seleniumhq.org/exceptions/no_such_element.html
Build info: version: '3.141.59', revision: 'e82be7d358', time: '2018-11-14T08:17:03'
System info: host: 'LAPTOP-VS65PODC', ip: '10.0.0.11', os.name: 'Windows 10', os.arch: 'amd64', os.version: '10.0', java.version: '11.0.14'
Driver info: org.openqa.selenium.chrome.ChromeDriver
Capabilities {acceptInsecureCerts: false, browserName: chrome, browserVersion: 100.0.4896.127, chrome: {chromedriverVersion: 100.0.4896.60 (6a5d10861ce8..., userDataDir: C:\Users\ja321\AppData\Loca...}, goog:chromeOptions: {debuggerAddress: localhost:63564}, javascriptEnabled: true, networkConnectionEnabled: false, pageLoadStrategy: normal, platform: WINDOWS, platformName: WINDOWS, proxy: Proxy(), setWindowRect: true, strictFileInteractability: false, timeouts: {implicit: 0, pageLoad: 300000, script: 30000}, unhandledPromptBehavior: dismiss and notify, webauthn:extension:credBlob: true, webauthn:extension:largeBlob: true, webauthn:virtualAuthenticators: true}
Session ID: 955ebe28e7db437d9ca870ad63bda098
*** Element info: {Using=xpath, value=//button[text()='Remove']}
17:05:31.420  INFO  manager.MyListener - We have a 'fill In StackTrace' -->org.openqa.selenium.NoSuchElementException: no such element: Unable to locate element: {"method":"xpath","selector":"//button[text()='Remove']"}
  (Session info: chrome=100.0.4896.127)
For documentation on this error, please visit: https://www.seleniumhq.org/exceptions/no_such_element.html
Build info: version: '3.141.59', revision: 'e82be7d358', time: '2018-11-14T08:17:03'
System info: host: 'LAPTOP-VS65PODC', ip: '10.0.0.11', os.name: 'Windows 10', os.arch: 'amd64', os.version: '10.0', java.version: '11.0.14'
Driver info: org.openqa.selenium.chrome.ChromeDriver
Capabilities {acceptInsecureCerts: false, browserName: chrome, browserVersion: 100.0.4896.127, chrome: {chromedriverVersion: 100.0.4896.60 (6a5d10861ce8..., userDataDir: C:\Users\ja321\AppData\Loca...}, goog:chromeOptions: {debuggerAddress: localhost:63564}, javascriptEnabled: true, networkConnectionEnabled: false, pageLoadStrategy: normal, platform: WINDOWS, platformName: WINDOWS, proxy: Proxy(), setWindowRect: true, strictFileInteractability: false, timeouts: {implicit: 0, pageLoad: 300000, script: 30000}, unhandledPromptBehavior: dismiss and notify, webauthn:extension:credBlob: true, webauthn:extension:largeBlob: true, webauthn:virtualAuthenticators: true}
Session ID: 955ebe28e7db437d9ca870ad63bda098
*** Element info: {Using=xpath, value=//button[text()='Remove']}
