13:08:59.526  INFO  manager.ApplicationManager - All tests start in ChromeDriver
13:09:01.503  INFO  manager.ApplicationManager - The link is -->https://contacts-app.tobbymarshall815.vercel.app/home
13:09:01.537  INFO  tests.TestBase - Start test --->addNewContactSuccessDataProviderCST
13:09:01.538  INFO  manager.MyListener - 'Start find' element--->By.xpath: //*[text()='Sign Out']
13:09:06.600  INFO  manager.MyListener - The element with locator-->By.xpath: //*[text()='Sign Out']<--was found
13:09:06.602  INFO  manager.MyListener - 'Start find' element--->By.cssSelector: [href='/login']
13:09:06.630  INFO  manager.MyListener - The element with locator-->By.cssSelector: [href='/login']<--was found
13:09:06.689  INFO  manager.MyListener - 'Start find' element--->By.xpath: //input[1]
13:09:06.705  INFO  manager.MyListener - The element with locator-->By.xpath: //input[1]<--was found
13:09:06.820  INFO  manager.MyListener - 'Start find' element--->By.xpath: //input[2]
13:09:06.842  INFO  manager.MyListener - The element with locator-->By.xpath: //input[2]<--was found
13:09:06.938  INFO  manager.MyListener - 'Start find' element--->By.xpath: //button[text()=' Login']
13:09:06.950  INFO  manager.MyListener - The element with locator-->By.xpath: //button[text()=' Login']<--was found
13:09:07.011  INFO  tests.TestBase - Test start with contactContact(name=Kora, lastName=Low, phone=null, email=null, address=Haifa, description=friend)
13:09:07.016  INFO  manager.MyListener - 'Start find' element--->By.cssSelector: [href='/add']
13:09:08.034  INFO  manager.MyListener - The element with locator-->By.cssSelector: [href='/add']<--was found
13:09:08.071  INFO  manager.MyListener - 'Start find' element--->By.cssSelector: [placeholder='Name']
13:09:08.094  INFO  manager.MyListener - The element with locator-->By.cssSelector: [placeholder='Name']<--was found
13:09:08.204  INFO  manager.MyListener - 'Start find' element--->By.cssSelector: [placeholder='Last Name']
13:09:08.221  INFO  manager.MyListener - The element with locator-->By.cssSelector: [placeholder='Last Name']<--was found
13:09:08.312  INFO  manager.MyListener - 'Start find' element--->By.cssSelector: [placeholder='Phone']
13:09:08.330  INFO  manager.MyListener - The element with locator-->By.cssSelector: [placeholder='Phone']<--was found
13:09:08.443  INFO  manager.MyListener - 'Start find' element--->By.cssSelector: [placeholder='email']
13:09:08.470  INFO  manager.MyListener - The element with locator-->By.cssSelector: [placeholder='email']<--was found
13:09:08.582  INFO  manager.MyListener - 'Start find' element--->By.cssSelector: [placeholder='Address']
13:09:08.591  INFO  manager.MyListener - The element with locator-->By.cssSelector: [placeholder='Address']<--was found
13:09:08.687  INFO  manager.MyListener - 'Start find' element--->By.cssSelector: [placeholder='description']
13:09:08.703  INFO  manager.MyListener - The element with locator-->By.cssSelector: [placeholder='description']<--was found
13:09:08.811  INFO  manager.MyListener - 'Start find' element--->By.cssSelector: b
13:09:08.828  INFO  manager.MyListener - The element with locator-->By.cssSelector: b<--was found
13:09:08.861  INFO  manager.MyListener - 'Start find' element--->By.cssSelector: h2
13:09:09.676  INFO  manager.MyListener - The element with locator-->By.cssSelector: h2<--was found
13:09:09.714  INFO  manager.MyListener - 'Start find' element--->By.cssSelector: h3
13:09:09.738  INFO  manager.MyListener - The element with locator-->By.cssSelector: h3<--was found
13:09:09.775  INFO  tests.TestBase - Start test --->addNewContactSuccessDataProviderCST
13:09:09.778  INFO  manager.MyListener - 'Start find' element--->By.xpath: //*[text()='Sign Out']
13:09:09.801  INFO  manager.MyListener - The element with locator-->By.xpath: //*[text()='Sign Out']<--was found
13:09:09.802  INFO  tests.TestBase - Test start with contactContact(name=Fira, lastName=Mur, phone=null, email=null, address=Rehovot,Israel, description=friend)
13:09:09.802  INFO  manager.MyListener - 'Start find' element--->By.cssSelector: [href='/add']
13:09:09.814  INFO  manager.MyListener - The element with locator-->By.cssSelector: [href='/add']<--was found
13:09:09.845  INFO  manager.MyListener - 'Start find' element--->By.cssSelector: [placeholder='Name']
13:09:09.858  INFO  manager.MyListener - The element with locator-->By.cssSelector: [placeholder='Name']<--was found
13:09:09.964  INFO  manager.MyListener - 'Start find' element--->By.cssSelector: [placeholder='Last Name']
13:09:09.980  INFO  manager.MyListener - The element with locator-->By.cssSelector: [placeholder='Last Name']<--was found
13:09:10.072  INFO  manager.MyListener - 'Start find' element--->By.cssSelector: [placeholder='Phone']
13:09:10.089  INFO  manager.MyListener - The element with locator-->By.cssSelector: [placeholder='Phone']<--was found
13:09:10.190  INFO  manager.MyListener - 'Start find' element--->By.cssSelector: [placeholder='email']
13:09:10.211  INFO  manager.MyListener - The element with locator-->By.cssSelector: [placeholder='email']<--was found
13:09:10.324  INFO  manager.MyListener - 'Start find' element--->By.cssSelector: [placeholder='Address']
13:09:10.335  INFO  manager.MyListener - The element with locator-->By.cssSelector: [placeholder='Address']<--was found
13:09:10.433  INFO  manager.MyListener - 'Start find' element--->By.cssSelector: [placeholder='description']
13:09:10.444  INFO  manager.MyListener - The element with locator-->By.cssSelector: [placeholder='description']<--was found
13:09:10.535  INFO  manager.MyListener - 'Start find' element--->By.cssSelector: b
13:09:10.552  INFO  manager.MyListener - The element with locator-->By.cssSelector: b<--was found
13:09:10.585  INFO  manager.MyListener - 'Start find' element--->By.cssSelector: h2
13:09:11.154  INFO  manager.MyListener - The element with locator-->By.cssSelector: h2<--was found
13:09:11.194  INFO  manager.MyListener - 'Start find' element--->By.cssSelector: h3
13:09:11.202  INFO  manager.MyListener - The element with locator-->By.cssSelector: h3<--was found
13:09:11.241  INFO  tests.TestBase - Start test --->addNewContactSuccessDataProviderCST
13:09:11.241  INFO  manager.MyListener - 'Start find' element--->By.xpath: //*[text()='Sign Out']
13:09:11.267  INFO  manager.MyListener - The element with locator-->By.xpath: //*[text()='Sign Out']<--was found
13:09:11.268  INFO  tests.TestBase - Test start with contactContact(name=Lora, lastName=Low, phone=null, email=null, address=Haifa, description=friend)
13:09:11.268  INFO  manager.MyListener - 'Start find' element--->By.cssSelector: [href='/add']
13:09:11.282  INFO  manager.MyListener - The element with locator-->By.cssSelector: [href='/add']<--was found
13:09:11.311  INFO  manager.MyListener - 'Start find' element--->By.cssSelector: [placeholder='Name']
13:09:11.329  INFO  manager.MyListener - The element with locator-->By.cssSelector: [placeholder='Name']<--was found
13:09:11.437  INFO  manager.MyListener - 'Start find' element--->By.cssSelector: [placeholder='Last Name']
13:09:11.452  INFO  manager.MyListener - The element with locator-->By.cssSelector: [placeholder='Last Name']<--was found
13:09:11.543  INFO  manager.MyListener - 'Start find' element--->By.cssSelector: [placeholder='Phone']
13:09:11.562  INFO  manager.MyListener - The element with locator-->By.cssSelector: [placeholder='Phone']<--was found
13:09:11.659  INFO  manager.MyListener - 'Start find' element--->By.cssSelector: [placeholder='email']
13:09:11.668  INFO  manager.MyListener - The element with locator-->By.cssSelector: [placeholder='email']<--was found
13:09:11.793  INFO  manager.MyListener - 'Start find' element--->By.cssSelector: [placeholder='Address']
13:09:11.808  INFO  manager.MyListener - The element with locator-->By.cssSelector: [placeholder='Address']<--was found
13:09:11.931  INFO  manager.MyListener - 'Start find' element--->By.cssSelector: [placeholder='description']
13:09:11.946  INFO  manager.MyListener - The element with locator-->By.cssSelector: [placeholder='description']<--was found
13:09:12.081  INFO  manager.MyListener - 'Start find' element--->By.cssSelector: b
13:09:12.105  INFO  manager.MyListener - The element with locator-->By.cssSelector: b<--was found
13:09:12.148  INFO  manager.MyListener - 'Start find' element--->By.cssSelector: h2
13:09:12.719  INFO  manager.MyListener - The element with locator-->By.cssSelector: h2<--was found
13:09:12.800  INFO  manager.MyListener - 'Start find' element--->By.cssSelector: h3
13:09:12.811  INFO  manager.MyListener - The element with locator-->By.cssSelector: h3<--was found
