17:23:59.350  INFO  manager.ApplicationManager - All tests start in ChromeDriver
17:24:00.215  INFO  manager.ApplicationManager - The link is -->https://contacts-app.tobbymarshall815.vercel.app/home
17:24:00.246  INFO  tests.TestBase - Start test --->removeAllContact
17:24:00.248  INFO  manager.MyListener - 'Start find' element--->By.xpath: //*[text()='Sign Out']
17:24:05.299  INFO  manager.MyListener - The element with locator-->By.xpath: //*[text()='Sign Out']<--was found
17:24:05.301  INFO  manager.MyListener - 'Start find' element--->By.cssSelector: [href='/login']
17:24:05.323  INFO  manager.MyListener - The element with locator-->By.cssSelector: [href='/login']<--was found
17:24:05.384  INFO  manager.MyListener - 'Start find' element--->By.xpath: //input[1]
17:24:05.400  INFO  manager.MyListener - The element with locator-->By.xpath: //input[1]<--was found
17:24:05.513  INFO  manager.MyListener - 'Start find' element--->By.xpath: //input[2]
17:24:05.539  INFO  manager.MyListener - The element with locator-->By.xpath: //input[2]<--was found
17:24:05.628  INFO  manager.MyListener - 'Start find' element--->By.xpath: //button[text()=' Login']
17:24:05.646  INFO  manager.MyListener - The element with locator-->By.xpath: //button[text()=' Login']<--was found
17:24:05.679  INFO  manager.MyListener - 'Start find' element--->By.cssSelector: .contact-item_card__2SOIM
17:24:06.622  INFO  manager.MyListener - The element with locator-->By.cssSelector: .contact-item_card__2SOIM<--was found
17:24:06.623  INFO  manager.MyListener - 'Start find' element--->By.cssSelector: .contact-item_card__2SOIM
17:24:06.640  INFO  manager.MyListener - The element with locator-->By.cssSelector: .contact-item_card__2SOIM<--was found
17:24:06.676  INFO  manager.MyListener - 'Start find' element--->By.xpath: //button[text()='Remove']
17:24:06.691  INFO  manager.MyListener - The element with locator-->By.xpath: //button[text()='Remove']<--was found
17:24:07.224  INFO  manager.MyListener - 'Start find' element--->By.cssSelector: .contact-item_card__2SOIM
17:24:07.249  INFO  manager.MyListener - The element with locator-->By.cssSelector: .contact-item_card__2SOIM<--was found
17:24:07.250  INFO  manager.MyListener - 'Start find' element--->By.cssSelector: .contact-item_card__2SOIM
17:24:07.279  INFO  manager.MyListener - The element with locator-->By.cssSelector: .contact-item_card__2SOIM<--was found
17:24:07.309  INFO  manager.MyListener - 'Start find' element--->By.xpath: //button[text()='Remove']
17:24:07.322  INFO  manager.MyListener - The element with locator-->By.xpath: //button[text()='Remove']<--was found
17:24:07.858  INFO  manager.MyListener - 'Start find' element--->By.cssSelector: .contact-item_card__2SOIM
17:24:07.886  INFO  manager.MyListener - The element with locator-->By.cssSelector: .contact-item_card__2SOIM<--was found
17:24:07.886  INFO  manager.MyListener - 'Start find' element--->By.cssSelector: .contact-item_card__2SOIM
17:24:07.913  INFO  manager.MyListener - The element with locator-->By.cssSelector: .contact-item_card__2SOIM<--was found
17:24:07.947  INFO  manager.MyListener - 'Start find' element--->By.xpath: //button[text()='Remove']
17:24:07.958  INFO  manager.MyListener - The element with locator-->By.xpath: //button[text()='Remove']<--was found
17:24:08.498  INFO  manager.MyListener - 'Start find' element--->By.cssSelector: .contact-item_card__2SOIM
17:24:08.525  INFO  manager.MyListener - The element with locator-->By.cssSelector: .contact-item_card__2SOIM<--was found
17:24:08.526  INFO  manager.MyListener - 'Start find' element--->By.cssSelector: .contact-item_card__2SOIM
17:24:08.554  INFO  manager.MyListener - The element with locator-->By.cssSelector: .contact-item_card__2SOIM<--was found
17:24:08.588  INFO  manager.MyListener - 'Start find' element--->By.xpath: //button[text()='Remove']
17:24:08.597  INFO  manager.MyListener - The element with locator-->By.xpath: //button[text()='Remove']<--was found
17:24:09.133  INFO  manager.MyListener - 'Start find' element--->By.cssSelector: .contact-item_card__2SOIM
17:24:09.156  INFO  manager.MyListener - The element with locator-->By.cssSelector: .contact-item_card__2SOIM<--was found
17:24:09.156  INFO  manager.MyListener - 'Start find' element--->By.cssSelector: .contact-item_card__2SOIM
17:24:09.169  INFO  manager.MyListener - The element with locator-->By.cssSelector: .contact-item_card__2SOIM<--was found
17:24:09.196  INFO  manager.MyListener - 'Start find' element--->By.xpath: //button[text()='Remove']
17:24:09.215  INFO  manager.MyListener - The element with locator-->By.xpath: //button[text()='Remove']<--was found
17:24:09.752  INFO  manager.MyListener - 'Start find' element--->By.cssSelector: .contact-item_card__2SOIM
17:24:14.789  INFO  manager.MyListener - The element with locator-->By.cssSelector: .contact-item_card__2SOIM<--was found
