19:51:44.865  INFO  manager.ApplicationManager - All tests start in ChromeDriver
19:51:45.615  INFO  manager.ApplicationManager - The link is -->https://contacts-app.tobbymarshall815.vercel.app/home
19:51:45.646  INFO  tests.TestBase - Start test --->LoginModelDataProvider
19:51:45.648  INFO  manager.MyListener - 'Start find' element--->By.xpath: //*[text()='Sign Out']
19:51:50.696  INFO  manager.MyListener - The element with locator-->By.xpath: //*[text()='Sign Out']<--was found
19:51:50.708  INFO  manager.MyListener - 'Start find' element--->By.cssSelector: [href='/login']
19:51:50.730  INFO  manager.MyListener - The element with locator-->By.cssSelector: [href='/login']<--was found
19:51:50.792  INFO  manager.MyListener - 'Start find' element--->By.xpath: //input[1]
19:51:50.805  INFO  manager.MyListener - The element with locator-->By.xpath: //input[1]<--was found
19:51:50.923  INFO  manager.MyListener - 'Start find' element--->By.xpath: //input[2]
19:51:50.942  INFO  manager.MyListener - The element with locator-->By.xpath: //input[2]<--was found
19:51:51.033  INFO  manager.MyListener - 'Start find' element--->By.xpath: //button[text()=' Login']
19:51:51.049  INFO  manager.MyListener - The element with locator-->By.xpath: //button[text()=' Login']<--was found
19:51:51.080  INFO  manager.MyListener - 'Start find' element--->By.xpath: //*[text()='Sign Out']
19:51:56.098  INFO  manager.MyListener - The element with locator-->By.xpath: //*[text()='Sign Out']<--was found
19:51:56.106  INFO  tests.TestBase - Start test --->LoginModelDataProvider
19:51:56.108  INFO  manager.MyListener - 'Start find' element--->By.xpath: //*[text()='Sign Out']
19:51:58.787  INFO  manager.MyListener - The element with locator-->By.xpath: //*[text()='Sign Out']<--was found
19:51:58.788  INFO  manager.MyListener - 'Start find' element--->By.xpath: //*[text()='Sign Out']
19:51:58.808  INFO  manager.MyListener - The element with locator-->By.xpath: //*[text()='Sign Out']<--was found
19:51:58.839  INFO  tests.TestBase - Test needs logout
19:51:58.840  INFO  manager.MyListener - 'Start find' element--->By.cssSelector: [href='/login']
19:51:58.850  INFO  manager.MyListener - The element with locator-->By.cssSelector: [href='/login']<--was found
19:51:58.886  INFO  manager.MyListener - 'Start find' element--->By.xpath: //input[1]
19:51:58.899  INFO  manager.MyListener - The element with locator-->By.xpath: //input[1]<--was found
19:51:59.016  INFO  manager.MyListener - 'Start find' element--->By.xpath: //input[2]
19:51:59.034  INFO  manager.MyListener - The element with locator-->By.xpath: //input[2]<--was found
19:51:59.144  INFO  manager.MyListener - 'Start find' element--->By.xpath: //button[text()=' Login']
19:51:59.157  INFO  manager.MyListener - The element with locator-->By.xpath: //button[text()=' Login']<--was found
19:51:59.191  INFO  manager.MyListener - 'Start find' element--->By.xpath: //*[text()='Sign Out']
19:51:59.324  INFO  manager.MyListener - The element with locator-->By.xpath: //*[text()='Sign Out']<--was found
19:51:59.325  INFO  tests.TestBase - Start test --->LoginModelDataProvider
19:51:59.326  INFO  manager.MyListener - 'Start find' element--->By.xpath: //*[text()='Sign Out']
19:51:59.343  INFO  manager.MyListener - The element with locator-->By.xpath: //*[text()='Sign Out']<--was found
19:51:59.344  INFO  manager.MyListener - 'Start find' element--->By.xpath: //*[text()='Sign Out']
19:51:59.356  INFO  manager.MyListener - The element with locator-->By.xpath: //*[text()='Sign Out']<--was found
19:51:59.394  INFO  tests.TestBase - Test needs logout
19:51:59.397  INFO  manager.MyListener - 'Start find' element--->By.cssSelector: [href='/login']
19:51:59.419  INFO  manager.MyListener - The element with locator-->By.cssSelector: [href='/login']<--was found
19:51:59.451  INFO  manager.MyListener - 'Start find' element--->By.xpath: //input[1]
19:51:59.464  INFO  manager.MyListener - The element with locator-->By.xpath: //input[1]<--was found
19:51:59.565  INFO  manager.MyListener - 'Start find' element--->By.xpath: //input[2]
19:51:59.572  INFO  manager.MyListener - The element with locator-->By.xpath: //input[2]<--was found
19:51:59.669  INFO  manager.MyListener - 'Start find' element--->By.xpath: //button[text()=' Login']
19:51:59.689  INFO  manager.MyListener - The element with locator-->By.xpath: //button[text()=' Login']<--was found
19:51:59.727  INFO  manager.MyListener - 'Start find' element--->By.xpath: //*[text()='Sign Out']
19:51:59.871  INFO  manager.MyListener - The element with locator-->By.xpath: //*[text()='Sign Out']<--was found
19:51:59.873  INFO  tests.TestBase - Start test --->LoginModelDataProvider
19:51:59.874  INFO  manager.MyListener - 'Start find' element--->By.xpath: //*[text()='Sign Out']
19:51:59.894  INFO  manager.MyListener - The element with locator-->By.xpath: //*[text()='Sign Out']<--was found
19:51:59.894  INFO  manager.MyListener - 'Start find' element--->By.xpath: //*[text()='Sign Out']
19:51:59.920  INFO  manager.MyListener - The element with locator-->By.xpath: //*[text()='Sign Out']<--was found
19:51:59.976  INFO  tests.TestBase - Test needs logout
19:51:59.978  INFO  manager.MyListener - 'Start find' element--->By.cssSelector: [href='/login']
19:51:59.995  INFO  manager.MyListener - The element with locator-->By.cssSelector: [href='/login']<--was found
19:52:00.035  INFO  manager.MyListener - 'Start find' element--->By.xpath: //input[1]
19:52:00.056  INFO  manager.MyListener - The element with locator-->By.xpath: //input[1]<--was found
19:52:00.164  INFO  manager.MyListener - 'Start find' element--->By.xpath: //input[2]
19:52:00.176  INFO  manager.MyListener - The element with locator-->By.xpath: //input[2]<--was found
19:52:00.274  INFO  manager.MyListener - 'Start find' element--->By.xpath: //button[text()=' Login']
19:52:00.287  INFO  manager.MyListener - The element with locator-->By.xpath: //button[text()=' Login']<--was found
19:52:00.319  INFO  manager.MyListener - 'Start find' element--->By.xpath: //*[text()='Sign Out']
19:52:00.461  INFO  manager.MyListener - The element with locator-->By.xpath: //*[text()='Sign Out']<--was found
19:52:00.465  INFO  tests.TestBase - Start test --->LoginModelDataProviderCSV
19:52:00.466  INFO  manager.MyListener - 'Start find' element--->By.xpath: //*[text()='Sign Out']
19:52:00.492  INFO  manager.MyListener - The element with locator-->By.xpath: //*[text()='Sign Out']<--was found
19:52:00.493  INFO  manager.MyListener - 'Start find' element--->By.xpath: //*[text()='Sign Out']
19:52:00.508  INFO  manager.MyListener - The element with locator-->By.xpath: //*[text()='Sign Out']<--was found
19:52:00.543  INFO  tests.TestBase - Test needs logout
19:52:00.543  INFO  manager.MyListener - 'Start find' element--->By.cssSelector: [href='/login']
19:52:00.550  INFO  manager.MyListener - The element with locator-->By.cssSelector: [href='/login']<--was found
19:52:00.585  INFO  manager.MyListener - 'Start find' element--->By.xpath: //input[1]
19:52:00.599  INFO  manager.MyListener - The element with locator-->By.xpath: //input[1]<--was found
19:52:00.713  INFO  manager.MyListener - 'Start find' element--->By.xpath: //input[2]
19:52:00.720  INFO  manager.MyListener - The element with locator-->By.xpath: //input[2]<--was found
19:52:00.813  INFO  manager.MyListener - 'Start find' element--->By.xpath: //button[text()=' Login']
19:52:00.828  INFO  manager.MyListener - The element with locator-->By.xpath: //button[text()=' Login']<--was found
19:52:00.865  INFO  manager.MyListener - 'Start find' element--->By.xpath: //*[text()='Sign Out']
19:52:00.999  INFO  manager.MyListener - The element with locator-->By.xpath: //*[text()='Sign Out']<--was found
19:52:01.000  INFO  tests.TestBase - Start test --->LoginModelDataProviderCSV
19:52:01.002  INFO  manager.MyListener - 'Start find' element--->By.xpath: //*[text()='Sign Out']
19:52:01.015  INFO  manager.MyListener - The element with locator-->By.xpath: //*[text()='Sign Out']<--was found
19:52:01.015  INFO  manager.MyListener - 'Start find' element--->By.xpath: //*[text()='Sign Out']
19:52:01.029  INFO  manager.MyListener - The element with locator-->By.xpath: //*[text()='Sign Out']<--was found
19:52:01.067  INFO  tests.TestBase - Test needs logout
19:52:01.068  INFO  manager.MyListener - 'Start find' element--->By.cssSelector: [href='/login']
19:52:01.091  INFO  manager.MyListener - The element with locator-->By.cssSelector: [href='/login']<--was found
19:52:01.128  INFO  manager.MyListener - 'Start find' element--->By.xpath: //input[1]
19:52:01.139  INFO  manager.MyListener - The element with locator-->By.xpath: //input[1]<--was found
19:52:01.254  INFO  manager.MyListener - 'Start find' element--->By.xpath: //input[2]
19:52:01.275  INFO  manager.MyListener - The element with locator-->By.xpath: //input[2]<--was found
19:52:01.389  INFO  manager.MyListener - 'Start find' element--->By.xpath: //button[text()=' Login']
19:52:01.398  INFO  manager.MyListener - The element with locator-->By.xpath: //button[text()=' Login']<--was found
19:52:01.437  INFO  manager.MyListener - 'Start find' element--->By.xpath: //*[text()='Sign Out']
19:52:01.572  INFO  manager.MyListener - The element with locator-->By.xpath: //*[text()='Sign Out']<--was found
19:52:01.572  INFO  tests.TestBase - Start test --->LoginModelDataProviderCSV
19:52:01.573  INFO  manager.MyListener - 'Start find' element--->By.xpath: //*[text()='Sign Out']
19:52:01.591  INFO  manager.MyListener - The element with locator-->By.xpath: //*[text()='Sign Out']<--was found
19:52:01.591  INFO  manager.MyListener - 'Start find' element--->By.xpath: //*[text()='Sign Out']
19:52:01.605  INFO  manager.MyListener - The element with locator-->By.xpath: //*[text()='Sign Out']<--was found
19:52:01.644  INFO  tests.TestBase - Test needs logout
19:52:01.645  INFO  manager.MyListener - 'Start find' element--->By.cssSelector: [href='/login']
19:52:01.665  INFO  manager.MyListener - The element with locator-->By.cssSelector: [href='/login']<--was found
19:52:01.698  INFO  manager.MyListener - 'Start find' element--->By.xpath: //input[1]
19:52:01.712  INFO  manager.MyListener - The element with locator-->By.xpath: //input[1]<--was found
19:52:01.830  INFO  manager.MyListener - 'Start find' element--->By.xpath: //input[2]
19:52:01.853  INFO  manager.MyListener - The element with locator-->By.xpath: //input[2]<--was found
19:52:01.950  INFO  manager.MyListener - 'Start find' element--->By.xpath: //button[text()=' Login']
19:52:01.961  INFO  manager.MyListener - The element with locator-->By.xpath: //button[text()=' Login']<--was found
19:52:01.994  INFO  manager.MyListener - 'Start find' element--->By.xpath: //*[text()='Sign Out']
19:52:02.134  INFO  manager.MyListener - The element with locator-->By.xpath: //*[text()='Sign Out']<--was found
19:52:02.136  INFO  tests.TestBase - Start test --->LoginModelDataProviderCSV
19:52:02.138  INFO  manager.MyListener - 'Start find' element--->By.xpath: //*[text()='Sign Out']
19:52:02.150  INFO  manager.MyListener - The element with locator-->By.xpath: //*[text()='Sign Out']<--was found
19:52:02.151  INFO  manager.MyListener - 'Start find' element--->By.xpath: //*[text()='Sign Out']
19:52:02.167  INFO  manager.MyListener - The element with locator-->By.xpath: //*[text()='Sign Out']<--was found
19:52:02.205  INFO  tests.TestBase - Test needs logout
19:52:02.206  INFO  manager.MyListener - 'Start find' element--->By.cssSelector: [href='/login']
19:52:02.228  INFO  manager.MyListener - The element with locator-->By.cssSelector: [href='/login']<--was found
19:52:02.265  INFO  manager.MyListener - 'Start find' element--->By.xpath: //input[1]
19:52:02.276  INFO  manager.MyListener - The element with locator-->By.xpath: //input[1]<--was found
19:52:02.369  INFO  manager.MyListener - 'Start find' element--->By.xpath: //input[2]
19:52:02.382  INFO  manager.MyListener - The element with locator-->By.xpath: //input[2]<--was found
19:52:02.494  INFO  manager.MyListener - 'Start find' element--->By.xpath: //button[text()=' Login']
19:52:02.506  INFO  manager.MyListener - The element with locator-->By.xpath: //button[text()=' Login']<--was found
19:52:02.540  INFO  manager.MyListener - 'Start find' element--->By.xpath: //*[text()='Sign Out']
19:52:02.739  INFO  manager.MyListener - The element with locator-->By.xpath: //*[text()='Sign Out']<--was found
19:52:02.742  INFO  tests.TestBase - Start test --->LoginSuccess
19:52:02.743  INFO  manager.MyListener - 'Start find' element--->By.xpath: //*[text()='Sign Out']
19:52:02.760  INFO  manager.MyListener - The element with locator-->By.xpath: //*[text()='Sign Out']<--was found
19:52:02.761  INFO  manager.MyListener - 'Start find' element--->By.xpath: //*[text()='Sign Out']
19:52:02.782  INFO  manager.MyListener - The element with locator-->By.xpath: //*[text()='Sign Out']<--was found
19:52:02.817  INFO  tests.TestBase - Test needs logout
19:52:02.818  INFO  tests.TestBase - Start test --->LoginSuccessModel
19:52:02.820  INFO  manager.MyListener - 'Start find' element--->By.xpath: //*[text()='Sign Out']
19:52:07.887  INFO  manager.MyListener - The element with locator-->By.xpath: //*[text()='Sign Out']<--was found
19:52:07.888  INFO  manager.MyListener - 'Start find' element--->By.cssSelector: [href='/login']
19:52:07.904  INFO  manager.MyListener - The element with locator-->By.cssSelector: [href='/login']<--was found
19:52:07.944  INFO  manager.MyListener - 'Start find' element--->By.xpath: //input[1]
19:52:07.964  INFO  manager.MyListener - The element with locator-->By.xpath: //input[1]<--was found
19:52:08.074  INFO  manager.MyListener - 'Start find' element--->By.xpath: //input[2]
19:52:08.085  INFO  manager.MyListener - The element with locator-->By.xpath: //input[2]<--was found
19:52:08.181  INFO  manager.MyListener - 'Start find' element--->By.xpath: //button[text()=' Login']
19:52:08.195  INFO  manager.MyListener - The element with locator-->By.xpath: //button[text()=' Login']<--was found
19:52:08.235  INFO  manager.MyListener - 'Start find' element--->By.xpath: //*[text()='Sign Out']
19:52:08.504  INFO  manager.MyListener - The element with locator-->By.xpath: //*[text()='Sign Out']<--was found
19:52:08.505  INFO  tests.TestBase - Start test --->LoginSuccessNew
19:52:08.506  INFO  manager.MyListener - 'Start find' element--->By.xpath: //*[text()='Sign Out']
19:52:08.521  INFO  manager.MyListener - The element with locator-->By.xpath: //*[text()='Sign Out']<--was found
19:52:08.521  INFO  manager.MyListener - 'Start find' element--->By.xpath: //*[text()='Sign Out']
19:52:08.538  INFO  manager.MyListener - The element with locator-->By.xpath: //*[text()='Sign Out']<--was found
19:52:08.574  INFO  tests.TestBase - Test needs logout
19:52:08.581  INFO  tests.TestBase - The test starts with email:ula@gmail.coand password:Ula12345$
19:52:08.581  INFO  manager.MyListener - 'Start find' element--->By.cssSelector: [href='/login']
19:52:08.597  INFO  manager.MyListener - The element with locator-->By.cssSelector: [href='/login']<--was found
19:52:08.638  INFO  manager.MyListener - 'Start find' element--->By.xpath: //input[1]
19:52:08.645  INFO  manager.MyListener - The element with locator-->By.xpath: //input[1]<--was found
19:52:08.721  INFO  manager.MyListener - 'Start find' element--->By.xpath: //input[2]
19:52:08.737  INFO  manager.MyListener - The element with locator-->By.xpath: //input[2]<--was found
19:52:08.833  INFO  manager.MyListener - 'Start find' element--->By.xpath: //button[text()=' Login']
19:52:08.847  INFO  manager.MyListener - The element with locator-->By.xpath: //button[text()=' Login']<--was found
19:52:08.885  INFO  manager.MyListener - 'Start find' element--->By.xpath: //*[text()='Sign Out']
19:52:09.019  INFO  manager.MyListener - The element with locator-->By.xpath: //*[text()='Sign Out']<--was found
19:52:09.020  INFO  tests.TestBase - Start test --->LoginSuccessNew
19:52:09.021  INFO  manager.MyListener - 'Start find' element--->By.xpath: //*[text()='Sign Out']
19:52:09.038  INFO  manager.MyListener - The element with locator-->By.xpath: //*[text()='Sign Out']<--was found
19:52:09.039  INFO  manager.MyListener - 'Start find' element--->By.xpath: //*[text()='Sign Out']
19:52:09.054  INFO  manager.MyListener - The element with locator-->By.xpath: //*[text()='Sign Out']<--was found
19:52:09.099  INFO  tests.TestBase - Test needs logout
19:52:09.099  INFO  tests.TestBase - The test starts with email:gula@gmail.comand password:Ggula12345$
19:52:09.100  INFO  manager.MyListener - 'Start find' element--->By.cssSelector: [href='/login']
19:52:09.115  INFO  manager.MyListener - The element with locator-->By.cssSelector: [href='/login']<--was found
19:52:09.151  INFO  manager.MyListener - 'Start find' element--->By.xpath: //input[1]
19:52:09.159  INFO  manager.MyListener - The element with locator-->By.xpath: //input[1]<--was found
19:52:09.253  INFO  manager.MyListener - 'Start find' element--->By.xpath: //input[2]
19:52:09.265  INFO  manager.MyListener - The element with locator-->By.xpath: //input[2]<--was found
19:52:09.366  INFO  manager.MyListener - 'Start find' element--->By.xpath: //button[text()=' Login']
19:52:09.376  INFO  manager.MyListener - The element with locator-->By.xpath: //button[text()=' Login']<--was found
19:52:09.410  INFO  manager.MyListener - 'Start find' element--->By.xpath: //*[text()='Sign Out']
19:52:09.550  INFO  manager.MyListener - The element with locator-->By.xpath: //*[text()='Sign Out']<--was found
19:52:09.552  INFO  tests.TestBase - Start test --->LoginSuccessNew
19:52:09.553  INFO  manager.MyListener - 'Start find' element--->By.xpath: //*[text()='Sign Out']
19:52:09.566  INFO  manager.MyListener - The element with locator-->By.xpath: //*[text()='Sign Out']<--was found
19:52:09.567  INFO  manager.MyListener - 'Start find' element--->By.xpath: //*[text()='Sign Out']
19:52:09.582  INFO  manager.MyListener - The element with locator-->By.xpath: //*[text()='Sign Out']<--was found
19:52:09.623  INFO  tests.TestBase - Test needs logout
19:52:09.624  INFO  tests.TestBase - The test starts with email:sumy@gmail.comand password:Ssumy12345$
19:52:09.624  INFO  manager.MyListener - 'Start find' element--->By.cssSelector: [href='/login']
19:52:09.639  INFO  manager.MyListener - The element with locator-->By.cssSelector: [href='/login']<--was found
19:52:09.677  INFO  manager.MyListener - 'Start find' element--->By.xpath: //input[1]
19:52:09.686  INFO  manager.MyListener - The element with locator-->By.xpath: //input[1]<--was found
19:52:09.804  INFO  manager.MyListener - 'Start find' element--->By.xpath: //input[2]
19:52:09.810  INFO  manager.MyListener - The element with locator-->By.xpath: //input[2]<--was found
19:52:09.910  INFO  manager.MyListener - 'Start find' element--->By.xpath: //button[text()=' Login']
19:52:09.919  INFO  manager.MyListener - The element with locator-->By.xpath: //button[text()=' Login']<--was found
19:52:09.956  INFO  manager.MyListener - 'Start find' element--->By.xpath: //*[text()='Sign Out']
19:52:10.094  INFO  manager.MyListener - The element with locator-->By.xpath: //*[text()='Sign Out']<--was found
19:52:10.095  INFO  tests.TestBase - Start test --->LoginSuccessNew
19:52:10.095  INFO  manager.MyListener - 'Start find' element--->By.xpath: //*[text()='Sign Out']
19:52:10.110  INFO  manager.MyListener - The element with locator-->By.xpath: //*[text()='Sign Out']<--was found
19:52:10.111  INFO  manager.MyListener - 'Start find' element--->By.xpath: //*[text()='Sign Out']
19:52:10.126  INFO  manager.MyListener - The element with locator-->By.xpath: //*[text()='Sign Out']<--was found
19:52:10.168  INFO  tests.TestBase - Test needs logout
19:52:10.168  INFO  tests.TestBase - The test starts with email:mir@gmail.comand password:Mmir12345$
19:52:10.169  INFO  manager.MyListener - 'Start find' element--->By.cssSelector: [href='/login']
19:52:10.185  INFO  manager.MyListener - The element with locator-->By.cssSelector: [href='/login']<--was found
19:52:10.218  INFO  manager.MyListener - 'Start find' element--->By.xpath: //input[1]
19:52:10.232  INFO  manager.MyListener - The element with locator-->By.xpath: //input[1]<--was found
19:52:10.325  INFO  manager.MyListener - 'Start find' element--->By.xpath: //input[2]
19:52:10.338  INFO  manager.MyListener - The element with locator-->By.xpath: //input[2]<--was found
19:52:10.430  INFO  manager.MyListener - 'Start find' element--->By.xpath: //button[text()=' Login']
19:52:10.445  INFO  manager.MyListener - The element with locator-->By.xpath: //button[text()=' Login']<--was found
19:52:10.479  INFO  manager.MyListener - 'Start find' element--->By.xpath: //*[text()='Sign Out']
19:52:10.616  INFO  manager.MyListener - The element with locator-->By.xpath: //*[text()='Sign Out']<--was found
19:52:10.617  INFO  tests.TestBase - Start test --->loginNegativeTestWrongPassword
19:52:10.617  INFO  manager.MyListener - 'Start find' element--->By.xpath: //*[text()='Sign Out']
19:52:10.633  INFO  manager.MyListener - The element with locator-->By.xpath: //*[text()='Sign Out']<--was found
19:52:10.633  INFO  manager.MyListener - 'Start find' element--->By.xpath: //*[text()='Sign Out']
19:52:10.649  INFO  manager.MyListener - The element with locator-->By.xpath: //*[text()='Sign Out']<--was found
19:52:10.689  INFO  tests.TestBase - Test needs logout
19:52:10.689  INFO  manager.MyListener - 'Start find' element--->By.cssSelector: [href='/login']
19:52:10.709  INFO  manager.MyListener - The element with locator-->By.cssSelector: [href='/login']<--was found
19:52:10.746  INFO  manager.MyListener - 'Start find' element--->By.xpath: //input[1]
19:52:10.756  INFO  manager.MyListener - The element with locator-->By.xpath: //input[1]<--was found
19:52:10.873  INFO  manager.MyListener - 'Start find' element--->By.xpath: //input[2]
19:52:10.899  INFO  manager.MyListener - The element with locator-->By.xpath: //input[2]<--was found
19:52:11.008  INFO  manager.MyListener - 'Start find' element--->By.xpath: //button[text()=' Login']
19:52:11.021  INFO  manager.MyListener - The element with locator-->By.xpath: //button[text()=' Login']<--was found
19:52:11.056  INFO  manager.MyListener - 'Start find' element--->By.xpath: //*[text()='Sign Out']
19:52:11.188  INFO  manager.MyListener - The element with locator-->By.xpath: //*[text()='Sign Out']<--was found
19:52:11.223  INFO  tests.TestBase - Start test --->registrationSuccess
19:52:11.224  INFO  manager.MyListener - 'Start find' element--->By.xpath: //*[text()='Sign Out']
19:52:16.250  INFO  manager.MyListener - The element with locator-->By.xpath: //*[text()='Sign Out']<--was found
19:52:16.256  INFO  tests.TestBase - ylla3136@gmail.com
19:52:16.258  INFO  tests.TestBase - The index is -->3136
19:52:16.258  INFO  manager.MyListener - 'Start find' element--->By.cssSelector: [href='/login']
19:52:16.283  INFO  manager.MyListener - The element with locator-->By.cssSelector: [href='/login']<--was found
19:52:16.318  INFO  manager.MyListener - 'Start find' element--->By.xpath: //input[1]
19:52:16.340  INFO  manager.MyListener - The element with locator-->By.xpath: //input[1]<--was found
19:52:16.460  INFO  manager.MyListener - 'Start find' element--->By.xpath: //input[2]
19:52:16.479  INFO  manager.MyListener - The element with locator-->By.xpath: //input[2]<--was found
19:52:16.585  INFO  manager.MyListener - 'Start find' element--->By.xpath: //*[text()=' Registration']
19:52:16.605  INFO  manager.MyListener - The element with locator-->By.xpath: //*[text()=' Registration']<--was found
19:52:16.640  INFO  manager.MyListener - 'Start find' element--->By.xpath: //*[text()='Sign Out']
19:52:16.896  INFO  manager.MyListener - The element with locator-->By.xpath: //*[text()='Sign Out']<--was found
19:52:16.898  INFO  tests.TestBase - Start test --->registrationSuccessModel
19:52:16.899  INFO  manager.MyListener - 'Start find' element--->By.xpath: //*[text()='Sign Out']
19:52:16.917  INFO  manager.MyListener - The element with locator-->By.xpath: //*[text()='Sign Out']<--was found
19:52:16.918  INFO  manager.MyListener - 'Start find' element--->By.xpath: //*[text()='Sign Out']
19:52:16.931  INFO  manager.MyListener - The element with locator-->By.xpath: //*[text()='Sign Out']<--was found
19:52:16.971  INFO  manager.MyListener - 'Start find' element--->By.cssSelector: [href='/login']
19:52:16.990  INFO  manager.MyListener - The element with locator-->By.cssSelector: [href='/login']<--was found
19:52:17.022  INFO  manager.MyListener - 'Start find' element--->By.xpath: //input[1]
19:52:17.035  INFO  manager.MyListener - The element with locator-->By.xpath: //input[1]<--was found
19:52:17.114  INFO  manager.MyListener - 'Start find' element--->By.xpath: //input[2]
19:52:17.130  INFO  manager.MyListener - The element with locator-->By.xpath: //input[2]<--was found
19:52:17.243  INFO  manager.MyListener - 'Start find' element--->By.xpath: //*[text()=' Registration']
19:52:17.255  INFO  manager.MyListener - The element with locator-->By.xpath: //*[text()=' Registration']<--was found
19:52:17.290  INFO  manager.MyListener - 'Start find' element--->By.xpath: //*[text()='Sign Out']
19:52:17.422  INFO  manager.MyListener - The element with locator-->By.xpath: //*[text()='Sign Out']<--was found
