20:12:46.000  INFO  manager.ApplicationManager - All tests start in ChromeDriver
20:12:46.912  INFO  manager.ApplicationManager - The link is -->https://contacts-app.tobbymarshall815.vercel.app/home
20:12:46.946  INFO  tests.TestBase - Start test --->LoginModelDataProvider
20:12:46.948  INFO  manager.MyListener - 'Start find' element--->By.xpath: //*[text()='Sign Out']
20:12:51.989  INFO  manager.MyListener - The element with locator-->By.xpath: //*[text()='Sign Out']<--was found
20:12:51.996  INFO  manager.MyListener - 'Start find' element--->By.cssSelector: [href='/login']
20:12:52.020  INFO  manager.MyListener - The element with locator-->By.cssSelector: [href='/login']<--was found
20:12:52.071  INFO  manager.MyListener - 'Start find' element--->By.xpath: //input[1]
20:12:52.082  INFO  manager.MyListener - The element with locator-->By.xpath: //input[1]<--was found
20:12:52.181  INFO  manager.MyListener - 'Start find' element--->By.xpath: //input[2]
20:12:52.206  INFO  manager.MyListener - The element with locator-->By.xpath: //input[2]<--was found
20:12:52.305  INFO  manager.MyListener - 'Start find' element--->By.xpath: //button[text()=' Login']
20:12:52.334  INFO  manager.MyListener - The element with locator-->By.xpath: //button[text()=' Login']<--was found
20:12:52.387  INFO  manager.MyListener - 'Start find' element--->By.xpath: //*[text()='Sign Out']
20:12:53.082  INFO  manager.MyListener - The element with locator-->By.xpath: //*[text()='Sign Out']<--was found
20:12:53.091  INFO  tests.TestBase - Start test --->LoginModelDataProvider
20:12:53.092  INFO  manager.MyListener - 'Start find' element--->By.xpath: //*[text()='Sign Out']
20:12:53.116  INFO  manager.MyListener - The element with locator-->By.xpath: //*[text()='Sign Out']<--was found
20:12:53.116  INFO  manager.MyListener - 'Start find' element--->By.xpath: //*[text()='Sign Out']
20:12:53.137  INFO  manager.MyListener - The element with locator-->By.xpath: //*[text()='Sign Out']<--was found
20:12:53.182  INFO  tests.TestBase - Test needs logout
20:12:53.183  INFO  manager.MyListener - 'Start find' element--->By.cssSelector: [href='/login']
20:12:53.206  INFO  manager.MyListener - The element with locator-->By.cssSelector: [href='/login']<--was found
20:12:53.243  INFO  manager.MyListener - 'Start find' element--->By.xpath: //input[1]
20:12:53.254  INFO  manager.MyListener - The element with locator-->By.xpath: //input[1]<--was found
20:12:53.351  INFO  manager.MyListener - 'Start find' element--->By.xpath: //input[2]
20:12:53.362  INFO  manager.MyListener - The element with locator-->By.xpath: //input[2]<--was found
20:12:53.455  INFO  manager.MyListener - 'Start find' element--->By.xpath: //button[text()=' Login']
20:12:53.469  INFO  manager.MyListener - The element with locator-->By.xpath: //button[text()=' Login']<--was found
20:12:53.506  INFO  manager.MyListener - 'Start find' element--->By.xpath: //*[text()='Sign Out']
20:12:53.640  INFO  manager.MyListener - The element with locator-->By.xpath: //*[text()='Sign Out']<--was found
20:12:53.641  INFO  tests.TestBase - Start test --->LoginModelDataProvider
20:12:53.641  INFO  manager.MyListener - 'Start find' element--->By.xpath: //*[text()='Sign Out']
20:12:53.656  INFO  manager.MyListener - The element with locator-->By.xpath: //*[text()='Sign Out']<--was found
20:12:53.656  INFO  manager.MyListener - 'Start find' element--->By.xpath: //*[text()='Sign Out']
20:12:53.672  INFO  manager.MyListener - The element with locator-->By.xpath: //*[text()='Sign Out']<--was found
20:12:53.705  INFO  tests.TestBase - Test needs logout
20:12:53.708  INFO  manager.MyListener - 'Start find' element--->By.cssSelector: [href='/login']
20:12:53.732  INFO  manager.MyListener - The element with locator-->By.cssSelector: [href='/login']<--was found
20:12:53.770  INFO  manager.MyListener - 'Start find' element--->By.xpath: //input[1]
20:12:53.778  INFO  manager.MyListener - The element with locator-->By.xpath: //input[1]<--was found
20:12:53.874  INFO  manager.MyListener - 'Start find' element--->By.xpath: //input[2]
20:12:53.885  INFO  manager.MyListener - The element with locator-->By.xpath: //input[2]<--was found
20:12:53.979  INFO  manager.MyListener - 'Start find' element--->By.xpath: //button[text()=' Login']
20:12:53.992  INFO  manager.MyListener - The element with locator-->By.xpath: //button[text()=' Login']<--was found
20:12:54.032  INFO  manager.MyListener - 'Start find' element--->By.xpath: //*[text()='Sign Out']
20:12:54.184  INFO  manager.MyListener - The element with locator-->By.xpath: //*[text()='Sign Out']<--was found
20:12:54.186  INFO  tests.TestBase - Start test --->LoginModelDataProvider
20:12:54.187  INFO  manager.MyListener - 'Start find' element--->By.xpath: //*[text()='Sign Out']
20:12:54.198  INFO  manager.MyListener - The element with locator-->By.xpath: //*[text()='Sign Out']<--was found
20:12:54.198  INFO  manager.MyListener - 'Start find' element--->By.xpath: //*[text()='Sign Out']
20:12:54.213  INFO  manager.MyListener - The element with locator-->By.xpath: //*[text()='Sign Out']<--was found
20:12:54.255  INFO  tests.TestBase - Test needs logout
20:12:54.256  INFO  manager.MyListener - 'Start find' element--->By.cssSelector: [href='/login']
20:12:54.273  INFO  manager.MyListener - The element with locator-->By.cssSelector: [href='/login']<--was found
20:12:54.308  INFO  manager.MyListener - 'Start find' element--->By.xpath: //input[1]
20:12:54.319  INFO  manager.MyListener - The element with locator-->By.xpath: //input[1]<--was found
20:12:54.438  INFO  manager.MyListener - 'Start find' element--->By.xpath: //input[2]
20:12:54.455  INFO  manager.MyListener - The element with locator-->By.xpath: //input[2]<--was found
20:12:54.570  INFO  manager.MyListener - 'Start find' element--->By.xpath: //button[text()=' Login']
20:12:54.579  INFO  manager.MyListener - The element with locator-->By.xpath: //button[text()=' Login']<--was found
20:12:54.619  INFO  manager.MyListener - 'Start find' element--->By.xpath: //*[text()='Sign Out']
20:12:54.769  INFO  manager.MyListener - The element with locator-->By.xpath: //*[text()='Sign Out']<--was found
20:12:54.772  INFO  tests.TestBase - Start test --->LoginModelDataProviderCSV
20:12:54.773  INFO  manager.MyListener - 'Start find' element--->By.xpath: //*[text()='Sign Out']
20:12:54.785  INFO  manager.MyListener - The element with locator-->By.xpath: //*[text()='Sign Out']<--was found
20:12:54.785  INFO  manager.MyListener - 'Start find' element--->By.xpath: //*[text()='Sign Out']
20:12:54.798  INFO  manager.MyListener - The element with locator-->By.xpath: //*[text()='Sign Out']<--was found
20:12:54.835  INFO  tests.TestBase - Test needs logout
20:12:54.836  INFO  manager.MyListener - 'Start find' element--->By.cssSelector: [href='/login']
20:12:54.857  INFO  manager.MyListener - The element with locator-->By.cssSelector: [href='/login']<--was found
20:12:54.889  INFO  manager.MyListener - 'Start find' element--->By.xpath: //input[1]
20:12:54.905  INFO  manager.MyListener - The element with locator-->By.xpath: //input[1]<--was found
20:12:55.022  INFO  manager.MyListener - 'Start find' element--->By.xpath: //input[2]
20:12:55.043  INFO  manager.MyListener - The element with locator-->By.xpath: //input[2]<--was found
20:12:55.137  INFO  manager.MyListener - 'Start find' element--->By.xpath: //button[text()=' Login']
20:12:55.150  INFO  manager.MyListener - The element with locator-->By.xpath: //button[text()=' Login']<--was found
20:12:55.186  INFO  manager.MyListener - 'Start find' element--->By.xpath: //*[text()='Sign Out']
20:12:55.319  INFO  manager.MyListener - The element with locator-->By.xpath: //*[text()='Sign Out']<--was found
20:12:55.320  INFO  tests.TestBase - Start test --->LoginModelDataProviderCSV
20:12:55.320  INFO  manager.MyListener - 'Start find' element--->By.xpath: //*[text()='Sign Out']
20:12:55.335  INFO  manager.MyListener - The element with locator-->By.xpath: //*[text()='Sign Out']<--was found
20:12:55.335  INFO  manager.MyListener - 'Start find' element--->By.xpath: //*[text()='Sign Out']
20:12:55.353  INFO  manager.MyListener - The element with locator-->By.xpath: //*[text()='Sign Out']<--was found
20:12:55.391  INFO  tests.TestBase - Test needs logout
20:12:55.391  INFO  manager.MyListener - 'Start find' element--->By.cssSelector: [href='/login']
20:12:55.412  INFO  manager.MyListener - The element with locator-->By.cssSelector: [href='/login']<--was found
20:12:55.446  INFO  manager.MyListener - 'Start find' element--->By.xpath: //input[1]
20:12:55.457  INFO  manager.MyListener - The element with locator-->By.xpath: //input[1]<--was found
20:12:55.574  INFO  manager.MyListener - 'Start find' element--->By.xpath: //input[2]
20:12:55.581  INFO  manager.MyListener - The element with locator-->By.xpath: //input[2]<--was found
20:12:55.662  INFO  manager.MyListener - 'Start find' element--->By.xpath: //button[text()=' Login']
20:12:55.675  INFO  manager.MyListener - The element with locator-->By.xpath: //button[text()=' Login']<--was found
20:12:55.716  INFO  manager.MyListener - 'Start find' element--->By.xpath: //*[text()='Sign Out']
20:12:55.865  INFO  manager.MyListener - The element with locator-->By.xpath: //*[text()='Sign Out']<--was found
20:12:55.866  INFO  tests.TestBase - Start test --->LoginModelDataProviderCSV
20:12:55.867  INFO  manager.MyListener - 'Start find' element--->By.xpath: //*[text()='Sign Out']
20:12:55.881  INFO  manager.MyListener - The element with locator-->By.xpath: //*[text()='Sign Out']<--was found
20:12:55.882  INFO  manager.MyListener - 'Start find' element--->By.xpath: //*[text()='Sign Out']
20:12:55.896  INFO  manager.MyListener - The element with locator-->By.xpath: //*[text()='Sign Out']<--was found
20:12:55.938  INFO  tests.TestBase - Test needs logout
20:12:55.940  INFO  manager.MyListener - 'Start find' element--->By.cssSelector: [href='/login']
20:12:55.954  INFO  manager.MyListener - The element with locator-->By.cssSelector: [href='/login']<--was found
20:12:55.991  INFO  manager.MyListener - 'Start find' element--->By.xpath: //input[1]
20:12:56.001  INFO  manager.MyListener - The element with locator-->By.xpath: //input[1]<--was found
20:12:56.120  INFO  manager.MyListener - 'Start find' element--->By.xpath: //input[2]
20:12:56.143  INFO  manager.MyListener - The element with locator-->By.xpath: //input[2]<--was found
20:12:56.256  INFO  manager.MyListener - 'Start find' element--->By.xpath: //button[text()=' Login']
20:12:56.281  INFO  manager.MyListener - The element with locator-->By.xpath: //button[text()=' Login']<--was found
20:12:56.320  INFO  manager.MyListener - 'Start find' element--->By.xpath: //*[text()='Sign Out']
20:12:56.468  INFO  manager.MyListener - The element with locator-->By.xpath: //*[text()='Sign Out']<--was found
20:12:56.470  INFO  tests.TestBase - Start test --->LoginModelDataProviderCSV
20:12:56.472  INFO  manager.MyListener - 'Start find' element--->By.xpath: //*[text()='Sign Out']
20:12:56.485  INFO  manager.MyListener - The element with locator-->By.xpath: //*[text()='Sign Out']<--was found
20:12:56.486  INFO  manager.MyListener - 'Start find' element--->By.xpath: //*[text()='Sign Out']
20:12:56.499  INFO  manager.MyListener - The element with locator-->By.xpath: //*[text()='Sign Out']<--was found
20:12:56.540  INFO  tests.TestBase - Test needs logout
20:12:56.541  INFO  manager.MyListener - 'Start find' element--->By.cssSelector: [href='/login']
20:12:56.561  INFO  manager.MyListener - The element with locator-->By.cssSelector: [href='/login']<--was found
20:12:56.599  INFO  manager.MyListener - 'Start find' element--->By.xpath: //input[1]
20:12:56.622  INFO  manager.MyListener - The element with locator-->By.xpath: //input[1]<--was found
20:12:56.732  INFO  manager.MyListener - 'Start find' element--->By.xpath: //input[2]
20:12:56.744  INFO  manager.MyListener - The element with locator-->By.xpath: //input[2]<--was found
20:12:56.858  INFO  manager.MyListener - 'Start find' element--->By.xpath: //button[text()=' Login']
20:12:56.872  INFO  manager.MyListener - The element with locator-->By.xpath: //button[text()=' Login']<--was found
20:12:56.906  INFO  manager.MyListener - 'Start find' element--->By.xpath: //*[text()='Sign Out']
20:12:57.042  INFO  manager.MyListener - The element with locator-->By.xpath: //*[text()='Sign Out']<--was found
20:12:57.046  INFO  tests.TestBase - Start test --->LoginSuccess
20:12:57.047  INFO  manager.MyListener - 'Start find' element--->By.xpath: //*[text()='Sign Out']
20:12:57.059  INFO  manager.MyListener - The element with locator-->By.xpath: //*[text()='Sign Out']<--was found
20:12:57.060  INFO  manager.MyListener - 'Start find' element--->By.xpath: //*[text()='Sign Out']
20:12:57.071  INFO  manager.MyListener - The element with locator-->By.xpath: //*[text()='Sign Out']<--was found
20:12:57.112  INFO  tests.TestBase - Test needs logout
20:12:57.113  INFO  tests.TestBase - Start test --->LoginSuccessModel
20:12:57.113  INFO  manager.MyListener - 'Start find' element--->By.xpath: //*[text()='Sign Out']
20:13:02.140  INFO  manager.MyListener - The element with locator-->By.xpath: //*[text()='Sign Out']<--was found
20:13:02.140  INFO  manager.MyListener - 'Start find' element--->By.cssSelector: [href='/login']
20:13:02.155  INFO  manager.MyListener - The element with locator-->By.cssSelector: [href='/login']<--was found
20:13:02.192  INFO  manager.MyListener - 'Start find' element--->By.xpath: //input[1]
20:13:02.201  INFO  manager.MyListener - The element with locator-->By.xpath: //input[1]<--was found
20:13:02.298  INFO  manager.MyListener - 'Start find' element--->By.xpath: //input[2]
20:13:02.310  INFO  manager.MyListener - The element with locator-->By.xpath: //input[2]<--was found
20:13:02.428  INFO  manager.MyListener - 'Start find' element--->By.xpath: //button[text()=' Login']
20:13:02.437  INFO  manager.MyListener - The element with locator-->By.xpath: //button[text()=' Login']<--was found
20:13:02.476  INFO  manager.MyListener - 'Start find' element--->By.xpath: //*[text()='Sign Out']
20:13:02.682  INFO  manager.MyListener - The element with locator-->By.xpath: //*[text()='Sign Out']<--was found
20:13:02.684  INFO  tests.TestBase - Start test --->LoginSuccessNew
20:13:02.685  INFO  manager.MyListener - 'Start find' element--->By.xpath: //*[text()='Sign Out']
20:13:02.701  INFO  manager.MyListener - The element with locator-->By.xpath: //*[text()='Sign Out']<--was found
20:13:02.702  INFO  manager.MyListener - 'Start find' element--->By.xpath: //*[text()='Sign Out']
20:13:02.715  INFO  manager.MyListener - The element with locator-->By.xpath: //*[text()='Sign Out']<--was found
20:13:02.776  INFO  tests.TestBase - Test needs logout
20:13:02.784  INFO  tests.TestBase - The test starts with email:ula@gmail.coand password:Ula12345$
20:13:02.785  INFO  manager.MyListener - 'Start find' element--->By.cssSelector: [href='/login']
20:13:02.806  INFO  manager.MyListener - The element with locator-->By.cssSelector: [href='/login']<--was found
20:13:02.844  INFO  manager.MyListener - 'Start find' element--->By.xpath: //input[1]
20:13:02.870  INFO  manager.MyListener - The element with locator-->By.xpath: //input[1]<--was found
20:13:02.963  INFO  manager.MyListener - 'Start find' element--->By.xpath: //input[2]
20:13:02.978  INFO  manager.MyListener - The element with locator-->By.xpath: //input[2]<--was found
20:13:03.070  INFO  manager.MyListener - 'Start find' element--->By.xpath: //button[text()=' Login']
20:13:03.086  INFO  manager.MyListener - The element with locator-->By.xpath: //button[text()=' Login']<--was found
20:13:03.125  INFO  manager.MyListener - 'Start find' element--->By.xpath: //*[text()='Sign Out']
20:13:03.274  INFO  manager.MyListener - The element with locator-->By.xpath: //*[text()='Sign Out']<--was found
20:13:03.275  INFO  tests.TestBase - Start test --->LoginSuccessNew
20:13:03.275  INFO  manager.MyListener - 'Start find' element--->By.xpath: //*[text()='Sign Out']
20:13:03.287  INFO  manager.MyListener - The element with locator-->By.xpath: //*[text()='Sign Out']<--was found
20:13:03.287  INFO  manager.MyListener - 'Start find' element--->By.xpath: //*[text()='Sign Out']
20:13:03.301  INFO  manager.MyListener - The element with locator-->By.xpath: //*[text()='Sign Out']<--was found
20:13:03.342  INFO  tests.TestBase - Test needs logout
20:13:03.342  INFO  tests.TestBase - The test starts with email:gula@gmail.comand password:Ggula12345$
20:13:03.342  INFO  manager.MyListener - 'Start find' element--->By.cssSelector: [href='/login']
20:13:03.363  INFO  manager.MyListener - The element with locator-->By.cssSelector: [href='/login']<--was found
20:13:03.399  INFO  manager.MyListener - 'Start find' element--->By.xpath: //input[1]
20:13:03.409  INFO  manager.MyListener - The element with locator-->By.xpath: //input[1]<--was found
20:13:03.520  INFO  manager.MyListener - 'Start find' element--->By.xpath: //input[2]
20:13:03.536  INFO  manager.MyListener - The element with locator-->By.xpath: //input[2]<--was found
20:13:03.624  INFO  manager.MyListener - 'Start find' element--->By.xpath: //button[text()=' Login']
20:13:03.642  INFO  manager.MyListener - The element with locator-->By.xpath: //button[text()=' Login']<--was found
20:13:03.681  INFO  manager.MyListener - 'Start find' element--->By.xpath: //*[text()='Sign Out']
20:13:03.812  INFO  manager.MyListener - The element with locator-->By.xpath: //*[text()='Sign Out']<--was found
20:13:03.813  INFO  tests.TestBase - Start test --->LoginSuccessNew
20:13:03.814  INFO  manager.MyListener - 'Start find' element--->By.xpath: //*[text()='Sign Out']
20:13:03.828  INFO  manager.MyListener - The element with locator-->By.xpath: //*[text()='Sign Out']<--was found
20:13:03.829  INFO  manager.MyListener - 'Start find' element--->By.xpath: //*[text()='Sign Out']
20:13:03.844  INFO  manager.MyListener - The element with locator-->By.xpath: //*[text()='Sign Out']<--was found
20:13:03.880  INFO  tests.TestBase - Test needs logout
20:13:03.881  INFO  tests.TestBase - The test starts with email:sumy@gmail.comand password:Ssumy12345$
20:13:03.882  INFO  manager.MyListener - 'Start find' element--->By.cssSelector: [href='/login']
20:13:03.906  INFO  manager.MyListener - The element with locator-->By.cssSelector: [href='/login']<--was found
20:13:03.939  INFO  manager.MyListener - 'Start find' element--->By.xpath: //input[1]
20:13:03.951  INFO  manager.MyListener - The element with locator-->By.xpath: //input[1]<--was found
20:13:04.053  INFO  manager.MyListener - 'Start find' element--->By.xpath: //input[2]
20:13:04.076  INFO  manager.MyListener - The element with locator-->By.xpath: //input[2]<--was found
20:13:04.165  INFO  manager.MyListener - 'Start find' element--->By.xpath: //button[text()=' Login']
20:13:04.177  INFO  manager.MyListener - The element with locator-->By.xpath: //button[text()=' Login']<--was found
20:13:04.218  INFO  manager.MyListener - 'Start find' element--->By.xpath: //*[text()='Sign Out']
20:13:04.978  INFO  manager.MyListener - The element with locator-->By.xpath: //*[text()='Sign Out']<--was found
20:13:04.979  INFO  tests.TestBase - Start test --->LoginSuccessNew
20:13:04.979  INFO  manager.MyListener - 'Start find' element--->By.xpath: //*[text()='Sign Out']
20:13:04.996  INFO  manager.MyListener - The element with locator-->By.xpath: //*[text()='Sign Out']<--was found
20:13:04.997  INFO  manager.MyListener - 'Start find' element--->By.xpath: //*[text()='Sign Out']
20:13:05.013  INFO  manager.MyListener - The element with locator-->By.xpath: //*[text()='Sign Out']<--was found
20:13:05.058  INFO  tests.TestBase - Test needs logout
20:13:05.059  INFO  tests.TestBase - The test starts with email:mir@gmail.comand password:Mmir12345$
20:13:05.059  INFO  manager.MyListener - 'Start find' element--->By.cssSelector: [href='/login']
20:13:05.072  INFO  manager.MyListener - The element with locator-->By.cssSelector: [href='/login']<--was found
20:13:05.108  INFO  manager.MyListener - 'Start find' element--->By.xpath: //input[1]
20:13:05.118  INFO  manager.MyListener - The element with locator-->By.xpath: //input[1]<--was found
20:13:05.238  INFO  manager.MyListener - 'Start find' element--->By.xpath: //input[2]
20:13:05.259  INFO  manager.MyListener - The element with locator-->By.xpath: //input[2]<--was found
20:13:05.352  INFO  manager.MyListener - 'Start find' element--->By.xpath: //button[text()=' Login']
20:13:05.366  INFO  manager.MyListener - The element with locator-->By.xpath: //button[text()=' Login']<--was found
20:13:05.403  INFO  manager.MyListener - 'Start find' element--->By.xpath: //*[text()='Sign Out']
20:13:05.538  INFO  manager.MyListener - The element with locator-->By.xpath: //*[text()='Sign Out']<--was found
20:13:05.541  INFO  tests.TestBase - Start test --->loginNegativeTestWrongPassword
20:13:05.542  INFO  manager.MyListener - 'Start find' element--->By.xpath: //*[text()='Sign Out']
20:13:05.556  INFO  manager.MyListener - The element with locator-->By.xpath: //*[text()='Sign Out']<--was found
20:13:05.556  INFO  manager.MyListener - 'Start find' element--->By.xpath: //*[text()='Sign Out']
20:13:05.572  INFO  manager.MyListener - The element with locator-->By.xpath: //*[text()='Sign Out']<--was found
20:13:05.611  INFO  tests.TestBase - Test needs logout
20:13:05.612  INFO  manager.MyListener - 'Start find' element--->By.cssSelector: [href='/login']
20:13:05.630  INFO  manager.MyListener - The element with locator-->By.cssSelector: [href='/login']<--was found
20:13:05.670  INFO  manager.MyListener - 'Start find' element--->By.xpath: //input[1]
20:13:05.693  INFO  manager.MyListener - The element with locator-->By.xpath: //input[1]<--was found
20:13:05.808  INFO  manager.MyListener - 'Start find' element--->By.xpath: //input[2]
20:13:05.813  INFO  manager.MyListener - The element with locator-->By.xpath: //input[2]<--was found
20:13:05.927  INFO  manager.MyListener - 'Start find' element--->By.xpath: //button[text()=' Login']
20:13:05.939  INFO  manager.MyListener - The element with locator-->By.xpath: //button[text()=' Login']<--was found
20:13:05.974  INFO  manager.MyListener - 'Start find' element--->By.xpath: //*[text()='Sign Out']
20:13:06.108  INFO  manager.MyListener - The element with locator-->By.xpath: //*[text()='Sign Out']<--was found
20:13:06.141  INFO  tests.TestBase - Start test --->addNewContactSuccess
20:13:06.141  INFO  manager.MyListener - 'Start find' element--->By.xpath: //*[text()='Sign Out']
20:13:11.153  INFO  manager.MyListener - The element with locator-->By.xpath: //*[text()='Sign Out']<--was found
20:13:11.153  INFO  manager.MyListener - 'Start find' element--->By.cssSelector: [href='/login']
20:13:11.171  INFO  manager.MyListener - The element with locator-->By.cssSelector: [href='/login']<--was found
20:13:11.201  INFO  manager.MyListener - 'Start find' element--->By.xpath: //input[1]
20:13:11.218  INFO  manager.MyListener - The element with locator-->By.xpath: //input[1]<--was found
20:13:11.340  INFO  manager.MyListener - 'Start find' element--->By.xpath: //input[2]
20:13:11.357  INFO  manager.MyListener - The element with locator-->By.xpath: //input[2]<--was found
20:13:11.461  INFO  manager.MyListener - 'Start find' element--->By.xpath: //button[text()=' Login']
20:13:11.480  INFO  manager.MyListener - The element with locator-->By.xpath: //button[text()=' Login']<--was found
20:13:11.521  INFO  manager.MyListener - 'Start find' element--->By.cssSelector: [href='/add']
20:13:11.729  INFO  manager.MyListener - The element with locator-->By.cssSelector: [href='/add']<--was found
20:13:11.771  INFO  manager.MyListener - 'Start find' element--->By.cssSelector: [placeholder='Name']
20:13:11.792  INFO  manager.MyListener - The element with locator-->By.cssSelector: [placeholder='Name']<--was found
20:13:11.904  INFO  manager.MyListener - 'Start find' element--->By.cssSelector: [placeholder='Last Name']
20:13:11.917  INFO  manager.MyListener - The element with locator-->By.cssSelector: [placeholder='Last Name']<--was found
20:13:12.024  INFO  manager.MyListener - 'Start find' element--->By.cssSelector: [placeholder='Phone']
20:13:12.041  INFO  manager.MyListener - The element with locator-->By.cssSelector: [placeholder='Phone']<--was found
20:13:12.154  INFO  manager.MyListener - 'Start find' element--->By.cssSelector: [placeholder='email']
20:13:12.164  INFO  manager.MyListener - The element with locator-->By.cssSelector: [placeholder='email']<--was found
20:13:12.280  INFO  manager.MyListener - 'Start find' element--->By.cssSelector: [placeholder='Address']
20:13:12.290  INFO  manager.MyListener - The element with locator-->By.cssSelector: [placeholder='Address']<--was found
20:13:12.404  INFO  manager.MyListener - 'Start find' element--->By.cssSelector: [placeholder='description']
20:13:12.427  INFO  manager.MyListener - The element with locator-->By.cssSelector: [placeholder='description']<--was found
20:13:12.545  INFO  manager.MyListener - 'Start find' element--->By.cssSelector: b
20:13:12.566  INFO  manager.MyListener - The element with locator-->By.cssSelector: b<--was found
20:13:12.601  INFO  manager.MyListener - 'Start find' element--->By.cssSelector: h2
20:13:12.981  INFO  manager.MyListener - The element with locator-->By.cssSelector: h2<--was found
20:13:13.070  INFO  manager.MyListener - 'Start find' element--->By.cssSelector: h3
20:13:13.090  INFO  manager.MyListener - The element with locator-->By.cssSelector: h3<--was found
20:13:13.182  INFO  tests.TestBase - Start test --->addNewContactSuccessDataProviderCST
20:13:13.183  INFO  manager.MyListener - 'Start find' element--->By.xpath: //*[text()='Sign Out']
20:13:13.193  INFO  manager.MyListener - The element with locator-->By.xpath: //*[text()='Sign Out']<--was found
20:13:13.222  INFO  tests.TestBase - Test start with contactContact(name=Kora, lastName=Low, phone=null, email=null, address=Haifa, description=friend)
20:13:13.223  INFO  manager.MyListener - 'Start find' element--->By.cssSelector: [href='/add']
20:13:13.240  INFO  manager.MyListener - The element with locator-->By.cssSelector: [href='/add']<--was found
20:13:13.277  INFO  manager.MyListener - 'Start find' element--->By.cssSelector: [placeholder='Name']
20:13:13.285  INFO  manager.MyListener - The element with locator-->By.cssSelector: [placeholder='Name']<--was found
20:13:13.399  INFO  manager.MyListener - 'Start find' element--->By.cssSelector: [placeholder='Last Name']
20:13:13.409  INFO  manager.MyListener - The element with locator-->By.cssSelector: [placeholder='Last Name']<--was found
20:13:13.513  INFO  manager.MyListener - 'Start find' element--->By.cssSelector: [placeholder='Phone']
20:13:13.534  INFO  manager.MyListener - The element with locator-->By.cssSelector: [placeholder='Phone']<--was found
20:13:13.645  INFO  manager.MyListener - 'Start find' element--->By.cssSelector: [placeholder='email']
20:13:13.656  INFO  manager.MyListener - The element with locator-->By.cssSelector: [placeholder='email']<--was found
20:13:13.774  INFO  manager.MyListener - 'Start find' element--->By.cssSelector: [placeholder='Address']
20:13:13.795  INFO  manager.MyListener - The element with locator-->By.cssSelector: [placeholder='Address']<--was found
20:13:13.904  INFO  manager.MyListener - 'Start find' element--->By.cssSelector: [placeholder='description']
20:13:13.921  INFO  manager.MyListener - The element with locator-->By.cssSelector: [placeholder='description']<--was found
20:13:14.031  INFO  manager.MyListener - 'Start find' element--->By.cssSelector: b
20:13:14.044  INFO  manager.MyListener - The element with locator-->By.cssSelector: b<--was found
20:13:14.086  INFO  manager.MyListener - 'Start find' element--->By.cssSelector: h2
20:13:14.353  INFO  manager.MyListener - The element with locator-->By.cssSelector: h2<--was found
20:13:14.382  INFO  manager.MyListener - 'Start find' element--->By.cssSelector: h3
20:13:14.401  INFO  manager.MyListener - The element with locator-->By.cssSelector: h3<--was found
20:13:14.502  INFO  tests.TestBase - Start test --->addNewContactSuccessDataProviderCST
20:13:14.502  INFO  manager.MyListener - 'Start find' element--->By.xpath: //*[text()='Sign Out']
20:13:14.524  INFO  manager.MyListener - The element with locator-->By.xpath: //*[text()='Sign Out']<--was found
20:13:14.525  INFO  tests.TestBase - Test start with contactContact(name=Fira, lastName=Mur, phone=null, email=null, address=Rehovot,Israel, description=friend)
20:13:14.525  INFO  manager.MyListener - 'Start find' element--->By.cssSelector: [href='/add']
20:13:14.539  INFO  manager.MyListener - The element with locator-->By.cssSelector: [href='/add']<--was found
20:13:14.575  INFO  manager.MyListener - 'Start find' element--->By.cssSelector: [placeholder='Name']
20:13:14.585  INFO  manager.MyListener - The element with locator-->By.cssSelector: [placeholder='Name']<--was found
20:13:14.694  INFO  manager.MyListener - 'Start find' element--->By.cssSelector: [placeholder='Last Name']
20:13:14.706  INFO  manager.MyListener - The element with locator-->By.cssSelector: [placeholder='Last Name']<--was found
20:13:14.803  INFO  manager.MyListener - 'Start find' element--->By.cssSelector: [placeholder='Phone']
20:13:14.814  INFO  manager.MyListener - The element with locator-->By.cssSelector: [placeholder='Phone']<--was found
20:13:14.922  INFO  manager.MyListener - 'Start find' element--->By.cssSelector: [placeholder='email']
20:13:14.939  INFO  manager.MyListener - The element with locator-->By.cssSelector: [placeholder='email']<--was found
20:13:15.055  INFO  manager.MyListener - 'Start find' element--->By.cssSelector: [placeholder='Address']
20:13:15.078  INFO  manager.MyListener - The element with locator-->By.cssSelector: [placeholder='Address']<--was found
20:13:15.195  INFO  manager.MyListener - 'Start find' element--->By.cssSelector: [placeholder='description']
20:13:15.220  INFO  manager.MyListener - The element with locator-->By.cssSelector: [placeholder='description']<--was found
20:13:15.333  INFO  manager.MyListener - 'Start find' element--->By.cssSelector: b
20:13:15.342  INFO  manager.MyListener - The element with locator-->By.cssSelector: b<--was found
20:13:15.373  INFO  manager.MyListener - 'Start find' element--->By.cssSelector: h2
20:13:15.639  INFO  manager.MyListener - The element with locator-->By.cssSelector: h2<--was found
20:13:15.677  INFO  manager.MyListener - 'Start find' element--->By.cssSelector: h3
20:13:15.699  INFO  manager.MyListener - The element with locator-->By.cssSelector: h3<--was found
20:13:15.807  INFO  tests.TestBase - Start test --->addNewContactSuccessDataProviderCST
20:13:15.808  INFO  manager.MyListener - 'Start find' element--->By.xpath: //*[text()='Sign Out']
20:13:15.823  INFO  manager.MyListener - The element with locator-->By.xpath: //*[text()='Sign Out']<--was found
20:13:15.823  INFO  tests.TestBase - Test start with contactContact(name=Lora, lastName=Low, phone=null, email=null, address=Haifa, description=friend)
20:13:15.823  INFO  manager.MyListener - 'Start find' element--->By.cssSelector: [href='/add']
20:13:15.837  INFO  manager.MyListener - The element with locator-->By.cssSelector: [href='/add']<--was found
20:13:15.872  INFO  manager.MyListener - 'Start find' element--->By.cssSelector: [placeholder='Name']
20:13:15.886  INFO  manager.MyListener - The element with locator-->By.cssSelector: [placeholder='Name']<--was found
20:13:15.994  INFO  manager.MyListener - 'Start find' element--->By.cssSelector: [placeholder='Last Name']
20:13:16.006  INFO  manager.MyListener - The element with locator-->By.cssSelector: [placeholder='Last Name']<--was found
20:13:16.102  INFO  manager.MyListener - 'Start find' element--->By.cssSelector: [placeholder='Phone']
20:13:16.117  INFO  manager.MyListener - The element with locator-->By.cssSelector: [placeholder='Phone']<--was found
20:13:16.230  INFO  manager.MyListener - 'Start find' element--->By.cssSelector: [placeholder='email']
20:13:16.240  INFO  manager.MyListener - The element with locator-->By.cssSelector: [placeholder='email']<--was found
20:13:16.338  INFO  manager.MyListener - 'Start find' element--->By.cssSelector: [placeholder='Address']
20:13:16.348  INFO  manager.MyListener - The element with locator-->By.cssSelector: [placeholder='Address']<--was found
20:13:16.459  INFO  manager.MyListener - 'Start find' element--->By.cssSelector: [placeholder='description']
20:13:16.474  INFO  manager.MyListener - The element with locator-->By.cssSelector: [placeholder='description']<--was found
20:13:16.568  INFO  manager.MyListener - 'Start find' element--->By.cssSelector: b
20:13:16.584  INFO  manager.MyListener - The element with locator-->By.cssSelector: b<--was found
20:13:16.620  INFO  manager.MyListener - 'Start find' element--->By.cssSelector: h2
20:13:16.894  INFO  manager.MyListener - The element with locator-->By.cssSelector: h2<--was found
20:13:16.947  INFO  manager.MyListener - 'Start find' element--->By.cssSelector: h3
20:13:16.955  INFO  manager.MyListener - The element with locator-->By.cssSelector: h3<--was found
