11:55:06.112  INFO  manager.ApplicationManager - All tests start in ChromeDriver
11:55:08.149  INFO  manager.ApplicationManager - The link is -->https://contacts-app.tobbymarshall815.vercel.app/home
11:55:08.174  INFO  tests.TestBase - Start test --->addNewContactSuccess
11:55:08.175  INFO  manager.MyListener - 'Start find' element--->By.xpath: //*[text()='Sign Out']
11:55:13.233  INFO  manager.MyListener - The element with locator-->By.xpath: //*[text()='Sign Out']<--was found
11:55:13.235  INFO  manager.MyListener - 'Start find' element--->By.cssSelector: [href='/login']
11:55:13.262  INFO  manager.MyListener - The element with locator-->By.cssSelector: [href='/login']<--was found
11:55:13.323  INFO  manager.MyListener - 'Start find' element--->By.xpath: //input[1]
11:55:13.350  INFO  manager.MyListener - The element with locator-->By.xpath: //input[1]<--was found
11:55:13.448  INFO  manager.MyListener - 'Start find' element--->By.xpath: //input[2]
11:55:13.478  INFO  manager.MyListener - The element with locator-->By.xpath: //input[2]<--was found
11:55:13.596  INFO  manager.MyListener - 'Start find' element--->By.xpath: //button[text()=' Login']
11:55:13.611  INFO  manager.MyListener - The element with locator-->By.xpath: //button[text()=' Login']<--was found
11:55:13.648  INFO  manager.MyListener - 'Start find' element--->By.cssSelector: [href='/add']
11:55:14.466  INFO  manager.MyListener - The element with locator-->By.cssSelector: [href='/add']<--was found
11:55:14.504  INFO  manager.MyListener - 'Start find' element--->By.cssSelector: [placeholder='Name']
11:55:14.517  INFO  manager.MyListener - The element with locator-->By.cssSelector: [placeholder='Name']<--was found
11:55:14.628  INFO  manager.MyListener - 'Start find' element--->By.cssSelector: [placeholder='Last Name']
11:55:14.641  INFO  manager.MyListener - The element with locator-->By.cssSelector: [placeholder='Last Name']<--was found
11:55:14.735  INFO  manager.MyListener - 'Start find' element--->By.cssSelector: [placeholder='Phone']
11:55:14.750  INFO  manager.MyListener - The element with locator-->By.cssSelector: [placeholder='Phone']<--was found
11:55:14.844  INFO  manager.MyListener - 'Start find' element--->By.cssSelector: [placeholder='email']
11:55:14.859  INFO  manager.MyListener - The element with locator-->By.cssSelector: [placeholder='email']<--was found
11:55:14.956  INFO  manager.MyListener - 'Start find' element--->By.cssSelector: [placeholder='Address']
11:55:14.968  INFO  manager.MyListener - The element with locator-->By.cssSelector: [placeholder='Address']<--was found
11:55:15.072  INFO  manager.MyListener - 'Start find' element--->By.cssSelector: [placeholder='description']
11:55:15.090  INFO  manager.MyListener - The element with locator-->By.cssSelector: [placeholder='description']<--was found
11:55:15.187  INFO  manager.MyListener - 'Start find' element--->By.cssSelector: b
11:55:15.213  INFO  manager.MyListener - The element with locator-->By.cssSelector: b<--was found
11:55:15.247  INFO  manager.MyListener - 'Start find' element--->By.cssSelector: h2
11:55:15.571  INFO  manager.MyListener - The element with locator-->By.cssSelector: h2<--was found
11:55:15.664  INFO  manager.MyListener - 'Start find' element--->By.cssSelector: h3
11:55:15.676  INFO  manager.MyListener - The element with locator-->By.cssSelector: h3<--was found
