11:01:33.808  INFO  manager.ApplicationManager - All tests start in ChromeDriver
11:01:34.670  INFO  manager.ApplicationManager - The link is -->https://contacts-app.tobbymarshall815.vercel.app/home
11:01:34.702  INFO  tests.TestBase - Start test --->registrationSuccess
11:01:34.704  INFO  manager.MyListener - 'Start find' element--->By.xpath: //*[text()='Sign Out']
11:01:39.777  INFO  manager.MyListener - The element with locator-->By.xpath: //*[text()='Sign Out']<--was found
11:01:39.782  INFO  tests.TestBase - ylla99@gmail.com
11:01:39.783  INFO  tests.TestBase - The index is -->99
11:01:39.784  INFO  manager.MyListener - 'Start find' element--->By.cssSelector: [href='/login']
11:01:39.813  INFO  manager.MyListener - The element with locator-->By.cssSelector: [href='/login']<--was found
11:01:39.870  INFO  manager.MyListener - 'Start find' element--->By.xpath: //input[1]
11:01:39.886  INFO  manager.MyListener - The element with locator-->By.xpath: //input[1]<--was found
11:01:39.986  INFO  manager.MyListener - 'Start find' element--->By.xpath: //input[2]
11:01:40.008  INFO  manager.MyListener - The element with locator-->By.xpath: //input[2]<--was found
11:01:40.101  INFO  manager.MyListener - 'Start find' element--->By.xpath: //*[text()=' Registration']
11:01:40.116  INFO  manager.MyListener - The element with locator-->By.xpath: //*[text()=' Registration']<--was found
11:01:40.148  INFO  manager.MyListener - 'Start find' element--->By.xpath: //*[text()='Sign Out']
11:01:40.776  INFO  manager.MyListener - The element with locator-->By.xpath: //*[text()='Sign Out']<--was found
11:01:40.780  INFO  tests.TestBase - Start test --->registrationSuccessModel
11:01:40.781  INFO  manager.MyListener - 'Start find' element--->By.xpath: //*[text()='Sign Out']
11:01:40.792  INFO  manager.MyListener - The element with locator-->By.xpath: //*[text()='Sign Out']<--was found
11:01:40.792  INFO  manager.MyListener - 'Start find' element--->By.xpath: //*[text()='Sign Out']
11:01:40.810  INFO  manager.MyListener - The element with locator-->By.xpath: //*[text()='Sign Out']<--was found
11:01:40.848  INFO  manager.MyListener - 'Start find' element--->By.cssSelector: [href='/login']
11:01:40.870  INFO  manager.MyListener - The element with locator-->By.cssSelector: [href='/login']<--was found
11:01:40.905  INFO  manager.MyListener - 'Start find' element--->By.xpath: //input[1]
11:01:40.918  INFO  manager.MyListener - The element with locator-->By.xpath: //input[1]<--was found
11:01:41.010  INFO  manager.MyListener - 'Start find' element--->By.xpath: //input[2]
11:01:41.024  INFO  manager.MyListener - The element with locator-->By.xpath: //input[2]<--was found
11:01:41.140  INFO  manager.MyListener - 'Start find' element--->By.xpath: //*[text()=' Registration']
11:01:41.166  INFO  manager.MyListener - The element with locator-->By.xpath: //*[text()=' Registration']<--was found
11:01:41.199  INFO  manager.MyListener - 'Start find' element--->By.xpath: //*[text()='Sign Out']
11:01:41.335  INFO  manager.MyListener - The element with locator-->By.xpath: //*[text()='Sign Out']<--was found
