11:49:02.359  INFO  manager.ApplicationManager - All tests start in ChromeDriver
11:49:04.295  INFO  manager.ApplicationManager - The link is -->https://contacts-app.tobbymarshall815.vercel.app/home
11:49:04.321  INFO  tests.TestBase - Start test --->addNewContactSuccess
11:49:04.322  INFO  manager.MyListener - 'Start find' element--->By.xpath: //*[text()='Sign Out']
11:49:09.358  INFO  manager.MyListener - The element with locator-->By.xpath: //*[text()='Sign Out']<--was found
11:49:09.360  INFO  manager.MyListener - 'Start find' element--->By.cssSelector: [href='/login']
11:49:09.372  INFO  manager.MyListener - The element with locator-->By.cssSelector: [href='/login']<--was found
11:49:09.435  INFO  manager.MyListener - 'Start find' element--->By.xpath: //input[1]
11:49:09.449  INFO  manager.MyListener - The element with locator-->By.xpath: //input[1]<--was found
11:49:09.559  INFO  manager.MyListener - 'Start find' element--->By.xpath: //input[2]
11:49:09.573  INFO  manager.MyListener - The element with locator-->By.xpath: //input[2]<--was found
11:49:09.668  INFO  manager.MyListener - 'Start find' element--->By.xpath: //button[text()=' Login']
11:49:09.680  INFO  manager.MyListener - The element with locator-->By.xpath: //button[text()=' Login']<--was found
11:49:09.720  INFO  manager.MyListener - 'Start find' element--->By.cssSelector: [href='/add']
11:49:14.813  INFO  manager.MyListener - We have a 'throwable' -->no such element: Unable to locate element: {"method":"css selector","selector":"[href='/add']"}
  (Session info: chrome=100.0.4896.127)
For documentation on this error, please visit: https://www.seleniumhq.org/exceptions/no_such_element.html
Build info: version: '3.141.59', revision: 'e82be7d358', time: '2018-11-14T08:17:03'
System info: host: 'LAPTOP-VS65PODC', ip: '192.168.1.113', os.name: 'Windows 10', os.arch: 'amd64', os.version: '10.0', java.version: '11.0.14'
Driver info: org.openqa.selenium.chrome.ChromeDriver
Capabilities {acceptInsecureCerts: false, browserName: chrome, browserVersion: 100.0.4896.127, chrome: {chromedriverVersion: 100.0.4896.60 (6a5d10861ce8..., userDataDir: C:\Users\ja321\AppData\Loca...}, goog:chromeOptions: {debuggerAddress: localhost:62031}, javascriptEnabled: true, networkConnectionEnabled: false, pageLoadStrategy: normal, platform: WINDOWS, platformName: WINDOWS, proxy: Proxy(), setWindowRect: true, strictFileInteractability: false, timeouts: {implicit: 0, pageLoad: 300000, script: 30000}, unhandledPromptBehavior: dismiss and notify, webauthn:extension:credBlob: true, webauthn:extension:largeBlob: true, webauthn:virtualAuthenticators: true}
Session ID: 0d98b0852dda8834e7da8ea760bf16c2
*** Element info: {Using=css selector, value=[href='/add']}
11:49:14.815  INFO  manager.MyListener - We have a 'fill In StackTrace' -->org.openqa.selenium.NoSuchElementException: no such element: Unable to locate element: {"method":"css selector","selector":"[href='/add']"}
  (Session info: chrome=100.0.4896.127)
For documentation on this error, please visit: https://www.seleniumhq.org/exceptions/no_such_element.html
Build info: version: '3.141.59', revision: 'e82be7d358', time: '2018-11-14T08:17:03'
System info: host: 'LAPTOP-VS65PODC', ip: '192.168.1.113', os.name: 'Windows 10', os.arch: 'amd64', os.version: '10.0', java.version: '11.0.14'
Driver info: org.openqa.selenium.chrome.ChromeDriver
Capabilities {acceptInsecureCerts: false, browserName: chrome, browserVersion: 100.0.4896.127, chrome: {chromedriverVersion: 100.0.4896.60 (6a5d10861ce8..., userDataDir: C:\Users\ja321\AppData\Loca...}, goog:chromeOptions: {debuggerAddress: localhost:62031}, javascriptEnabled: true, networkConnectionEnabled: false, pageLoadStrategy: normal, platform: WINDOWS, platformName: WINDOWS, proxy: Proxy(), setWindowRect: true, strictFileInteractability: false, timeouts: {implicit: 0, pageLoad: 300000, script: 30000}, unhandledPromptBehavior: dismiss and notify, webauthn:extension:credBlob: true, webauthn:extension:largeBlob: true, webauthn:virtualAuthenticators: true}
Session ID: 0d98b0852dda8834e7da8ea760bf16c2
*** Element info: {Using=css selector, value=[href='/add']}
