14:54:35.837  INFO  manager.ApplicationManager - All tests start in ChromeDriver
14:54:37.167  INFO  manager.ApplicationManager - The link is -->https://contacts-app.tobbymarshall815.vercel.app/home
14:54:37.207  INFO  tests.TestBase - Start test --->addNewContactSuccessDataProviderCST
14:54:37.209  INFO  manager.MyListener - 'Start find' element--->By.xpath: //*[text()='Sign Out']
14:54:42.265  INFO  manager.MyListener - The element with locator-->By.xpath: //*[text()='Sign Out']<--was found
14:54:42.266  INFO  manager.MyListener - 'Start find' element--->By.cssSelector: [href='/login']
14:54:42.292  INFO  manager.MyListener - The element with locator-->By.cssSelector: [href='/login']<--was found
14:54:42.355  INFO  manager.MyListener - 'Start find' element--->By.xpath: //input[1]
14:54:42.372  INFO  manager.MyListener - The element with locator-->By.xpath: //input[1]<--was found
14:54:42.468  INFO  manager.MyListener - 'Start find' element--->By.xpath: //input[2]
14:54:42.489  INFO  manager.MyListener - The element with locator-->By.xpath: //input[2]<--was found
14:54:42.577  INFO  manager.MyListener - 'Start find' element--->By.xpath: //button[text()=' Login']
14:54:42.598  INFO  manager.MyListener - The element with locator-->By.xpath: //button[text()=' Login']<--was found
14:54:42.658  INFO  manager.MyListener - 'Start find' element--->By.cssSelector: [href='/add']
14:54:43.847  INFO  manager.MyListener - The element with locator-->By.cssSelector: [href='/add']<--was found
14:54:43.888  INFO  manager.MyListener - 'Start find' element--->By.cssSelector: [placeholder='Name']
14:54:43.910  INFO  manager.MyListener - The element with locator-->By.cssSelector: [placeholder='Name']<--was found
14:54:43.998  INFO  manager.MyListener - 'Start find' element--->By.cssSelector: [placeholder='Last Name']
14:54:44.021  INFO  manager.MyListener - The element with locator-->By.cssSelector: [placeholder='Last Name']<--was found
14:54:44.109  INFO  manager.MyListener - 'Start find' element--->By.cssSelector: [placeholder='Phone']
14:54:44.127  INFO  manager.MyListener - The element with locator-->By.cssSelector: [placeholder='Phone']<--was found
14:54:44.223  INFO  manager.MyListener - 'Start find' element--->By.cssSelector: [placeholder='email']
14:54:44.237  INFO  manager.MyListener - The element with locator-->By.cssSelector: [placeholder='email']<--was found
14:54:44.334  INFO  manager.MyListener - 'Start find' element--->By.cssSelector: [placeholder='Address']
14:54:44.359  INFO  manager.MyListener - The element with locator-->By.cssSelector: [placeholder='Address']<--was found
14:54:44.454  INFO  manager.MyListener - 'Start find' element--->By.cssSelector: [placeholder='description']
14:54:44.469  INFO  manager.MyListener - The element with locator-->By.cssSelector: [placeholder='description']<--was found
14:54:44.563  INFO  manager.MyListener - 'Start find' element--->By.cssSelector: b
14:54:44.576  INFO  manager.MyListener - The element with locator-->By.cssSelector: b<--was found
14:54:44.605  INFO  manager.MyListener - 'Start find' element--->By.cssSelector: h2
14:54:45.055  INFO  manager.MyListener - The element with locator-->By.cssSelector: h2<--was found
14:54:45.115  INFO  manager.MyListener - 'Start find' element--->By.cssSelector: h3
14:54:45.138  INFO  manager.MyListener - The element with locator-->By.cssSelector: h3<--was found
14:54:45.217  INFO  tests.TestBase - Start test --->addNewContactSuccessDataProviderCST
14:54:45.218  INFO  manager.MyListener - 'Start find' element--->By.xpath: //*[text()='Sign Out']
14:54:45.229  INFO  manager.MyListener - The element with locator-->By.xpath: //*[text()='Sign Out']<--was found
14:54:45.230  INFO  manager.MyListener - 'Start find' element--->By.cssSelector: [href='/add']
14:54:45.245  INFO  manager.MyListener - The element with locator-->By.cssSelector: [href='/add']<--was found
14:54:45.273  INFO  manager.MyListener - 'Start find' element--->By.cssSelector: [placeholder='Name']
14:54:45.289  INFO  manager.MyListener - The element with locator-->By.cssSelector: [placeholder='Name']<--was found
14:54:45.380  INFO  manager.MyListener - 'Start find' element--->By.cssSelector: [placeholder='Last Name']
14:54:45.399  INFO  manager.MyListener - The element with locator-->By.cssSelector: [placeholder='Last Name']<--was found
14:54:45.489  INFO  manager.MyListener - 'Start find' element--->By.cssSelector: [placeholder='Phone']
14:54:45.503  INFO  manager.MyListener - The element with locator-->By.cssSelector: [placeholder='Phone']<--was found
14:54:45.598  INFO  manager.MyListener - 'Start find' element--->By.cssSelector: [placeholder='email']
14:54:45.612  INFO  manager.MyListener - The element with locator-->By.cssSelector: [placeholder='email']<--was found
14:54:45.724  INFO  manager.MyListener - 'Start find' element--->By.cssSelector: [placeholder='Address']
14:54:45.737  INFO  manager.MyListener - The element with locator-->By.cssSelector: [placeholder='Address']<--was found
14:54:45.834  INFO  manager.MyListener - 'Start find' element--->By.cssSelector: [placeholder='description']
14:54:45.845  INFO  manager.MyListener - The element with locator-->By.cssSelector: [placeholder='description']<--was found
14:54:45.933  INFO  manager.MyListener - 'Start find' element--->By.cssSelector: b
14:54:45.951  INFO  manager.MyListener - The element with locator-->By.cssSelector: b<--was found
14:54:45.991  INFO  manager.MyListener - 'Start find' element--->By.cssSelector: h2
14:54:46.384  INFO  manager.MyListener - The element with locator-->By.cssSelector: h2<--was found
14:54:46.454  INFO  manager.MyListener - 'Start find' element--->By.cssSelector: h3
14:54:46.465  INFO  manager.MyListener - The element with locator-->By.cssSelector: h3<--was found
