13:09:43.868  INFO  manager.ApplicationManager - All tests start in ChromeDriver
13:09:45.709  INFO  manager.ApplicationManager - The link is -->https://contacts-app.tobbymarshall815.vercel.app/home
13:09:45.754  INFO  tests.TestBase - Start test --->removeAllContact
13:09:45.756  INFO  manager.MyListener - 'Start find' element--->By.xpath: //*[text()='Sign Out']
13:09:50.801  INFO  manager.MyListener - The element with locator-->By.xpath: //*[text()='Sign Out']<--was found
13:09:50.803  INFO  manager.MyListener - 'Start find' element--->By.cssSelector: [href='/login']
13:09:50.825  INFO  manager.MyListener - The element with locator-->By.cssSelector: [href='/login']<--was found
13:09:50.893  INFO  manager.MyListener - 'Start find' element--->By.xpath: //input[1]
13:09:50.920  INFO  manager.MyListener - The element with locator-->By.xpath: //input[1]<--was found
13:09:51.032  INFO  manager.MyListener - 'Start find' element--->By.xpath: //input[2]
13:09:51.056  INFO  manager.MyListener - The element with locator-->By.xpath: //input[2]<--was found
13:09:51.166  INFO  manager.MyListener - 'Start find' element--->By.xpath: //button[text()=' Login']
13:09:51.182  INFO  manager.MyListener - The element with locator-->By.xpath: //button[text()=' Login']<--was found
13:09:51.223  INFO  manager.MyListener - 'Start find' element--->By.cssSelector: [href='/add']
13:09:51.982  INFO  manager.MyListener - The element with locator-->By.cssSelector: [href='/add']<--was found
13:09:52.024  INFO  manager.MyListener - 'Start find' element--->By.cssSelector: [placeholder='Name']
13:09:52.048  INFO  manager.MyListener - The element with locator-->By.cssSelector: [placeholder='Name']<--was found
13:09:52.153  INFO  manager.MyListener - 'Start find' element--->By.cssSelector: [placeholder='Last Name']
13:09:52.171  INFO  manager.MyListener - The element with locator-->By.cssSelector: [placeholder='Last Name']<--was found
13:09:52.261  INFO  manager.MyListener - 'Start find' element--->By.cssSelector: [placeholder='Phone']
13:09:52.282  INFO  manager.MyListener - The element with locator-->By.cssSelector: [placeholder='Phone']<--was found
13:09:52.386  INFO  manager.MyListener - 'Start find' element--->By.cssSelector: [placeholder='email']
13:09:52.405  INFO  manager.MyListener - The element with locator-->By.cssSelector: [placeholder='email']<--was found
13:09:52.497  INFO  manager.MyListener - 'Start find' element--->By.cssSelector: [placeholder='Address']
13:09:52.511  INFO  manager.MyListener - The element with locator-->By.cssSelector: [placeholder='Address']<--was found
13:09:52.605  INFO  manager.MyListener - 'Start find' element--->By.cssSelector: [placeholder='description']
13:09:52.620  INFO  manager.MyListener - The element with locator-->By.cssSelector: [placeholder='description']<--was found
13:09:52.718  INFO  manager.MyListener - 'Start find' element--->By.cssSelector: b
13:09:52.729  INFO  manager.MyListener - The element with locator-->By.cssSelector: b<--was found
13:09:52.763  INFO  manager.MyListener - 'Start find' element--->By.cssSelector: .contact-item_card__2SOIM
13:09:53.140  INFO  manager.MyListener - The element with locator-->By.cssSelector: .contact-item_card__2SOIM<--was found
13:09:53.141  INFO  manager.MyListener - 'Start find' element--->By.cssSelector: .contact-item_card__2SOIM
13:09:53.159  INFO  manager.MyListener - The element with locator-->By.cssSelector: .contact-item_card__2SOIM<--was found
13:09:53.198  INFO  manager.MyListener - 'Start find' element--->By.xpath: //button[text()='Remove']
13:09:53.222  INFO  manager.MyListener - The element with locator-->By.xpath: //button[text()='Remove']<--was found
13:09:53.752  INFO  manager.MyListener - 'Start find' element--->By.cssSelector: .contact-item_card__2SOIM
13:09:53.777  INFO  manager.MyListener - The element with locator-->By.cssSelector: .contact-item_card__2SOIM<--was found
13:09:53.779  INFO  manager.MyListener - 'Start find' element--->By.cssSelector: .contact-item_card__2SOIM
13:09:53.788  INFO  manager.MyListener - The element with locator-->By.cssSelector: .contact-item_card__2SOIM<--was found
13:09:53.819  INFO  manager.MyListener - 'Start find' element--->By.xpath: //button[text()='Remove']
13:09:53.837  INFO  manager.MyListener - The element with locator-->By.xpath: //button[text()='Remove']<--was found
13:09:54.382  INFO  manager.MyListener - 'Start find' element--->By.cssSelector: .contact-item_card__2SOIM
13:09:54.404  INFO  manager.MyListener - The element with locator-->By.cssSelector: .contact-item_card__2SOIM<--was found
13:09:54.405  INFO  manager.MyListener - 'Start find' element--->By.cssSelector: .contact-item_card__2SOIM
13:09:54.419  INFO  manager.MyListener - The element with locator-->By.cssSelector: .contact-item_card__2SOIM<--was found
13:09:54.449  INFO  manager.MyListener - 'Start find' element--->By.xpath: //button[text()='Remove']
13:09:54.468  INFO  manager.MyListener - The element with locator-->By.xpath: //button[text()='Remove']<--was found
13:09:54.999  INFO  manager.MyListener - 'Start find' element--->By.cssSelector: .contact-item_card__2SOIM
13:09:55.023  INFO  manager.MyListener - The element with locator-->By.cssSelector: .contact-item_card__2SOIM<--was found
13:09:55.024  INFO  manager.MyListener - 'Start find' element--->By.cssSelector: .contact-item_card__2SOIM
13:09:55.036  INFO  manager.MyListener - The element with locator-->By.cssSelector: .contact-item_card__2SOIM<--was found
13:09:55.070  INFO  manager.MyListener - 'Start find' element--->By.xpath: //button[text()='Remove']
13:09:55.084  INFO  manager.MyListener - The element with locator-->By.xpath: //button[text()='Remove']<--was found
13:09:55.619  INFO  manager.MyListener - 'Start find' element--->By.cssSelector: .contact-item_card__2SOIM
13:09:55.642  INFO  manager.MyListener - The element with locator-->By.cssSelector: .contact-item_card__2SOIM<--was found
13:09:55.643  INFO  manager.MyListener - 'Start find' element--->By.cssSelector: .contact-item_card__2SOIM
13:09:55.658  INFO  manager.MyListener - The element with locator-->By.cssSelector: .contact-item_card__2SOIM<--was found
13:09:55.696  INFO  manager.MyListener - 'Start find' element--->By.xpath: //button[text()='Remove']
13:09:55.718  INFO  manager.MyListener - The element with locator-->By.xpath: //button[text()='Remove']<--was found
13:09:56.264  INFO  manager.MyListener - 'Start find' element--->By.cssSelector: .contact-item_card__2SOIM
13:09:56.291  INFO  manager.MyListener - The element with locator-->By.cssSelector: .contact-item_card__2SOIM<--was found
13:09:56.292  INFO  manager.MyListener - 'Start find' element--->By.cssSelector: .contact-item_card__2SOIM
13:09:56.302  INFO  manager.MyListener - The element with locator-->By.cssSelector: .contact-item_card__2SOIM<--was found
13:09:56.337  INFO  manager.MyListener - 'Start find' element--->By.xpath: //button[text()='Remove']
13:09:56.345  INFO  manager.MyListener - The element with locator-->By.xpath: //button[text()='Remove']<--was found
13:09:56.887  INFO  manager.MyListener - 'Start find' element--->By.cssSelector: .contact-item_card__2SOIM
13:09:56.915  INFO  manager.MyListener - The element with locator-->By.cssSelector: .contact-item_card__2SOIM<--was found
13:09:56.915  INFO  manager.MyListener - 'Start find' element--->By.cssSelector: .contact-item_card__2SOIM
13:09:56.926  INFO  manager.MyListener - The element with locator-->By.cssSelector: .contact-item_card__2SOIM<--was found
13:09:56.960  INFO  manager.MyListener - 'Start find' element--->By.xpath: //button[text()='Remove']
13:09:56.972  INFO  manager.MyListener - The element with locator-->By.xpath: //button[text()='Remove']<--was found
13:09:57.501  INFO  manager.MyListener - 'Start find' element--->By.cssSelector: .contact-item_card__2SOIM
13:10:02.531  INFO  manager.MyListener - The element with locator-->By.cssSelector: .contact-item_card__2SOIM<--was found
13:10:02.532  INFO  manager.MyListener - 'Start find' element--->By.cssSelector: .contact-page_message__2qafk
13:10:02.552  INFO  manager.MyListener - The element with locator-->By.cssSelector: .contact-page_message__2qafk<--was found
13:10:02.552  INFO  manager.MyListener - 'Start find' element--->By.cssSelector: .contact-page_message__2qafk h1
13:10:02.569  INFO  manager.MyListener - The element with locator-->By.cssSelector: .contact-page_message__2qafk h1<--was found
